#
# There is insufficient memory for the Java Runtime Environment to continue.
# Native memory allocation (malloc) failed to allocate 2097152 bytes for AllocateHeap
# Possible reasons:
#   The system is out of physical RAM or swap space
#   The process is running with CompressedOops enabled, and the Java Heap may be blocking the growth of the native heap
# Possible solutions:
#   Reduce memory load on the system
#   Increase physical memory or swap space
#   Check if swap backing store is full
#   Decrease Java heap size (-Xmx/-Xms)
#   Decrease number of Java threads
#   Decrease Java thread stack sizes (-Xss)
#   Set larger code cache with -XX:ReservedCodeCacheSize=
#   JVM is running with Unscaled Compressed Oops mode in which the Java heap is
#     placed in the first 4GB address space. The Java Heap base address is the
#     maximum limit for the native heap growth. Please use -XX:HeapBaseMinAddress
#     to set the Java Heap base and to place the Java Heap above 4GB virtual address.
# This output file may be truncated or incomplete.
#
#  Out of Memory Error (allocation.cpp:44), pid=20616, tid=18144
#
# JRE version: OpenJDK Runtime Environment Temurin-17.0.7+7 (17.0.7+7) (build 17.0.7+7)
# Java VM: OpenJDK 64-Bit Server VM Temurin-17.0.7+7 (17.0.7+7, mixed mode, emulated-client, tiered, compressed oops, compressed class ptrs, g1 gc, windows-amd64)
# No core dump will be written. Minidumps are not enabled by default on client versions of Windows
#

---------------  S U M M A R Y ------------

Command Line: -XX:+HeapDumpOnOutOfMemoryError -Xmx1024m -Dsts.lsp.client=vscode -Dsts.log.file=/dev/null -XX:TieredStopAtLevel=1 -Xlog:jni+resolve=off -Dspring.config.location=file:c:\Users\wilme\.vscode\extensions\vmware.vscode-spring-boot-1.48.0\language-server\BOOT-INF\classes\application.properties org.springframework.ide.vscode.boot.app.BootLanguageServerBootApp

Host: 11th Gen Intel(R) Core(TM) i7-1165G7 @ 2.80GHz, 8 cores, 7G,  Windows 10 , 64 bit Build 19041 (10.0.19041.3155)
Time: Sat Aug 19 15:06:08 2023 Hora est. Pacífico, Sudamérica elapsed time: 783.716080 seconds (0d 0h 13m 3s)

---------------  T H R E A D  ---------------

Current thread (0x0000023f5c109210):  VMThread "VM Thread" [stack: 0x000000ae52000000,0x000000ae52100000] [id=18144]

Stack: [0x000000ae52000000,0x000000ae52100000]
Native frames: (J=compiled Java code, j=interpreted, Vv=VM code, C=native code)
V  [jvm.dll+0x67754a]
V  [jvm.dll+0x834304]
V  [jvm.dll+0x835aae]
V  [jvm.dll+0x836113]
V  [jvm.dll+0x24696f]
V  [jvm.dll+0xa681f]
V  [jvm.dll+0x2f7481]
V  [jvm.dll+0x2f30f0]
V  [jvm.dll+0x2db6c7]
V  [jvm.dll+0x31e777]
V  [jvm.dll+0x83a5bb]
V  [jvm.dll+0x83b2f4]
V  [jvm.dll+0x83b80c]
V  [jvm.dll+0x83bbe4]
V  [jvm.dll+0x83bcb0]
V  [jvm.dll+0x7e4e7a]
V  [jvm.dll+0x676395]
C  [ucrtbase.dll+0x21bb2]
C  [KERNEL32.DLL+0x17614]
C  [ntdll.dll+0x526b1]

VM_Operation (0x000000ae539ff120): G1CollectFull, mode: safepoint, requested by thread 0x0000023f61b67bf0


---------------  P R O C E S S  ---------------

Threads class SMR info:
_java_thread_list=0x0000023f626aecd0, length=24, elements={
0x0000023f5c11e730, 0x0000023f5c11fd00, 0x0000023f5c14ba40, 0x0000023f5c14c5f0,
0x0000023f5c14f0b0, 0x0000023f5c151a70, 0x0000023f5c1524d0, 0x0000023f5c165a20,
0x0000023f5c484680, 0x0000023f5c4853a0, 0x0000023f61aa8850, 0x0000023f61b63020,
0x0000023f61b67bf0, 0x0000023f61b66e80, 0x0000023f51303e00, 0x0000023f61bd92c0,
0x0000023f61c08430, 0x0000023f61c04a00, 0x0000023f61d6e520, 0x0000023f61d6c840,
0x0000023f61d6f390, 0x0000023f61c06210, 0x0000023f61c04060, 0x0000023f61c06bb0
}

Java Threads: ( => current thread )
  0x0000023f5c11e730 JavaThread "Reference Handler" daemon [_thread_blocked, id=8188, stack(0x000000ae52100000,0x000000ae52200000)]
  0x0000023f5c11fd00 JavaThread "Finalizer" daemon [_thread_blocked, id=1984, stack(0x000000ae52200000,0x000000ae52300000)]
  0x0000023f5c14ba40 JavaThread "Signal Dispatcher" daemon [_thread_blocked, id=3616, stack(0x000000ae52300000,0x000000ae52400000)]
  0x0000023f5c14c5f0 JavaThread "Attach Listener" daemon [_thread_blocked, id=8428, stack(0x000000ae52400000,0x000000ae52500000)]
  0x0000023f5c14f0b0 JavaThread "Service Thread" daemon [_thread_blocked, id=9112, stack(0x000000ae52500000,0x000000ae52600000)]
  0x0000023f5c151a70 JavaThread "Monitor Deflation Thread" daemon [_thread_blocked, id=10472, stack(0x000000ae52600000,0x000000ae52700000)]
  0x0000023f5c1524d0 JavaThread "C1 CompilerThread0" daemon [_thread_blocked, id=3260, stack(0x000000ae52700000,0x000000ae52800000)]
  0x0000023f5c165a20 JavaThread "Sweeper thread" daemon [_thread_blocked, id=7348, stack(0x000000ae52800000,0x000000ae52900000)]
  0x0000023f5c484680 JavaThread "Notification Thread" daemon [_thread_blocked, id=22932, stack(0x000000ae52900000,0x000000ae52a00000)]
  0x0000023f5c4853a0 JavaThread "Common-Cleaner" daemon [_thread_blocked, id=11760, stack(0x000000ae52b00000,0x000000ae52c00000)]
  0x0000023f61aa8850 JavaThread "boundedElastic-evictor-1" daemon [_thread_blocked, id=9760, stack(0x000000ae53400000,0x000000ae53500000)]
  0x0000023f61b63020 JavaThread "boundedElastic-evictor-2" daemon [_thread_blocked, id=24032, stack(0x000000ae53800000,0x000000ae53900000)]
  0x0000023f61b67bf0 JavaThread "pool-11-thread-1" [_thread_blocked, id=13544, stack(0x000000ae53900000,0x000000ae53a00000)]
  0x0000023f61b66e80 JavaThread "LanguageServerApp-lifecycle" [_thread_blocked, id=9156, stack(0x000000ae53a00000,0x000000ae53b00000)]
  0x0000023f51303e00 JavaThread "DestroyJavaVM" [_thread_blocked, id=19396, stack(0x000000ae51a00000,0x000000ae51b00000)]
  0x0000023f61bd92c0 JavaThread "pool-12-thread-1" [_thread_in_native, id=7740, stack(0x000000ae53b00000,0x000000ae53c00000)]
  0x0000023f61c08430 JavaThread "Simple-Language-Server main thread" daemon [_thread_blocked, id=17292, stack(0x000000ae53c00000,0x000000ae53d00000)]
  0x0000023f61c04a00 JavaThread "pool-7-thread-1" [_thread_blocked, id=22644, stack(0x000000ae54000000,0x000000ae54100000)]
  0x0000023f61d6e520 JavaThread "parallel-1" daemon [_thread_blocked, id=17800, stack(0x000000ae55000000,0x000000ae55100000)]
  0x0000023f61d6c840 JavaThread "pool-5-thread-1" [_thread_blocked, id=20540, stack(0x000000ae55400000,0x000000ae55500000)]
  0x0000023f61d6f390 JavaThread "parallel-2" daemon [_thread_blocked, id=19488, stack(0x000000ae55500000,0x000000ae55600000)]
  0x0000023f61c06210 JavaThread "parallel-3" daemon [_thread_blocked, id=4708, stack(0x000000ae54400000,0x000000ae54500000)]
  0x0000023f61c04060 JavaThread "parallel-4" daemon [_thread_blocked, id=7424, stack(0x000000ae54500000,0x000000ae54600000)]
  0x0000023f61c06bb0 JavaThread "Reconciler-1" daemon [_thread_blocked, id=9096, stack(0x000000ae54600000,0x000000ae54700000)]

Other Threads:
=>0x0000023f5c109210 VMThread "VM Thread" [stack: 0x000000ae52000000,0x000000ae52100000] [id=18144]
  0x0000023f5c484b50 WatcherThread [stack: 0x000000ae52a00000,0x000000ae52b00000] [id=17352]
  0x0000023f513444b0 GCTaskThread "GC Thread#0" [stack: 0x000000ae51b00000,0x000000ae51c00000] [id=688]
  0x0000023f5cd01c80 GCTaskThread "GC Thread#1" [stack: 0x000000ae52d00000,0x000000ae52e00000] [id=13656]
  0x0000023f5ce8ed10 GCTaskThread "GC Thread#2" [stack: 0x000000ae52e00000,0x000000ae52f00000] [id=15804]
  0x0000023f6102c590 GCTaskThread "GC Thread#3" [stack: 0x000000ae52f00000,0x000000ae53000000] [id=12056]
  0x0000023f6109ba20 GCTaskThread "GC Thread#4" [stack: 0x000000ae53000000,0x000000ae53100000] [id=16540]
  0x0000023f6125c4e0 GCTaskThread "GC Thread#5" [stack: 0x000000ae53100000,0x000000ae53200000] [id=12900]
  0x0000023f6125cda0 GCTaskThread "GC Thread#6" [stack: 0x000000ae53200000,0x000000ae53300000] [id=16276]
  0x0000023f6125d050 GCTaskThread "GC Thread#7" [stack: 0x000000ae53300000,0x000000ae53400000] [id=16260]
  0x0000023f5134d3f0 ConcurrentGCThread "G1 Main Marker" [stack: 0x000000ae51c00000,0x000000ae51d00000] [id=23500]
  0x0000023f5134de00 ConcurrentGCThread "G1 Conc#0" [stack: 0x000000ae51d00000,0x000000ae51e00000] [id=4344]
  0x0000023f614d7d10 ConcurrentGCThread "G1 Conc#1" [stack: 0x000000ae53700000,0x000000ae53800000] [id=15412]
  0x0000023f513c5f60 ConcurrentGCThread "G1 Refine#0" [stack: 0x000000ae51e00000,0x000000ae51f00000] [id=11812]
  0x0000023f62b48ab0 ConcurrentGCThread "G1 Refine#1" [stack: 0x000000ae54e00000,0x000000ae54f00000] [id=5568]
  0x0000023f62b47f30 ConcurrentGCThread "G1 Refine#2" [stack: 0x000000ae54f00000,0x000000ae55000000] [id=21992]
  0x0000023f62b48d90 ConcurrentGCThread "G1 Refine#3" [stack: 0x000000ae56a00000,0x000000ae56b00000] [id=15880]
  0x0000023f62b487d0 ConcurrentGCThread "G1 Refine#4" [stack: 0x000000ae56b00000,0x000000ae56c00000] [id=9772]
  0x0000023f62b484f0 ConcurrentGCThread "G1 Refine#5" [stack: 0x000000ae56c00000,0x000000ae56d00000] [id=12964]
  0x0000023f62b47970 ConcurrentGCThread "G1 Refine#6" [stack: 0x000000ae52c00000,0x000000ae52d00000] [id=16360]
  0x0000023f6b00d480 ConcurrentGCThread "G1 Refine#7" [stack: 0x000000ae54300000,0x000000ae54400000] [id=4744]
  0x0000023f513c6980 ConcurrentGCThread "G1 Service" [stack: 0x000000ae51f00000,0x000000ae52000000] [id=18780]

Threads with active compile tasks:

VM state: at safepoint (normal execution)

VM Mutex/Monitor currently owned by a thread:  ([mutex/lock_event])
[0x0000023f4f0b9790] Threads_lock - owner thread: 0x0000023f5c109210
[0x0000023f51301af0] Heap_lock - owner thread: 0x0000023f61b67bf0

Heap address: 0x00000000c0000000, size: 1024 MB, Compressed Oops mode: 32-bit

CDS archive(s) not mapped
Compressed class space mapped at: 0x0000000100000000-0x0000000140000000, reserved size: 1073741824
Narrow klass base: 0x0000000000000000, Narrow klass shift: 3, Narrow klass range: 0x140000000

GC Precious Log:
 CPUs: 8 total, 8 available
 Memory: 7872M
 Large Page Support: Disabled
 NUMA Support: Disabled
 Compressed Oops: Enabled (32-bit)
 Heap Region Size: 1M
 Heap Min Capacity: 8M
 Heap Initial Capacity: 124M
 Heap Max Capacity: 1G
 Pre-touch: Disabled
 Parallel Workers: 8
 Concurrent Workers: 2
 Concurrent Refinement Workers: 8
 Periodic GC: Disabled

Heap:
 garbage-first heap   total 311296K, used 92074K [0x00000000c0000000, 0x0000000100000000)
  region size 1024K, 1 young (1024K), 0 survivors (0K)
 Metaspace       used 74422K, committed 75328K, reserved 1114112K
  class space    used 10171K, committed 10560K, reserved 1048576K

Heap Regions: E=young(eden), S=young(survivor), O=old, HS=humongous(starts), HC=humongous(continues), CS=collection set, F=free, OA=open archive, CA=closed archive, TAMS=top-at-mark-start (previous, next)
|   0|0x00000000c0000000, 0x00000000c0100000, 0x00000000c0100000|100%| O|  |TAMS 0x00000000c0100000, 0x00000000c0000000| Untracked 
|   1|0x00000000c0100000, 0x00000000c0200000, 0x00000000c0200000|100%| O|  |TAMS 0x00000000c0200000, 0x00000000c0100000| Untracked 
|   2|0x00000000c0200000, 0x00000000c02ffd00, 0x00000000c0300000| 99%| O|  |TAMS 0x00000000c02ffd00, 0x00000000c0200000| Untracked 
|   3|0x00000000c0300000, 0x00000000c0400000, 0x00000000c0400000|100%| O|  |TAMS 0x00000000c0400000, 0x00000000c0300000| Untracked 
|   4|0x00000000c0400000, 0x00000000c0500000, 0x00000000c0500000|100%| O|  |TAMS 0x00000000c0500000, 0x00000000c0400000| Untracked 
|   5|0x00000000c0500000, 0x00000000c05fffd8, 0x00000000c0600000| 99%| O|  |TAMS 0x00000000c05fffd8, 0x00000000c0500000| Untracked 
|   6|0x00000000c0600000, 0x00000000c06fff90, 0x00000000c0700000| 99%| O|  |TAMS 0x00000000c06fff90, 0x00000000c0600000| Untracked 
|   7|0x00000000c0700000, 0x00000000c0800000, 0x00000000c0800000|100%| O|  |TAMS 0x00000000c0800000, 0x00000000c0700000| Untracked 
|   8|0x00000000c0800000, 0x00000000c08fd460, 0x00000000c0900000| 98%| O|  |TAMS 0x00000000c08fd460, 0x00000000c0800000| Untracked 
|   9|0x00000000c0900000, 0x00000000c09ffff8, 0x00000000c0a00000| 99%| O|  |TAMS 0x00000000c09ffff8, 0x00000000c0900000| Untracked 
|  10|0x00000000c0a00000, 0x00000000c0afffe8, 0x00000000c0b00000| 99%| O|  |TAMS 0x00000000c0afffe8, 0x00000000c0a00000| Untracked 
|  11|0x00000000c0b00000, 0x00000000c0bff708, 0x00000000c0c00000| 99%| O|  |TAMS 0x00000000c0bff708, 0x00000000c0b00000| Untracked 
|  12|0x00000000c0c00000, 0x00000000c0cffff0, 0x00000000c0d00000| 99%| O|  |TAMS 0x00000000c0cffff0, 0x00000000c0c00000| Untracked 
|  13|0x00000000c0d00000, 0x00000000c0dfffd0, 0x00000000c0e00000| 99%| O|  |TAMS 0x00000000c0dfffd0, 0x00000000c0d00000| Untracked 
|  14|0x00000000c0e00000, 0x00000000c0efffe8, 0x00000000c0f00000| 99%| O|  |TAMS 0x00000000c0efffe8, 0x00000000c0e00000| Untracked 
|  15|0x00000000c0f00000, 0x00000000c0ffff98, 0x00000000c1000000| 99%| O|  |TAMS 0x00000000c0ffff98, 0x00000000c0f00000| Untracked 
|  16|0x00000000c1000000, 0x00000000c10fffd8, 0x00000000c1100000| 99%| O|  |TAMS 0x00000000c10fffd8, 0x00000000c1000000| Untracked 
|  17|0x00000000c1100000, 0x00000000c1200000, 0x00000000c1200000|100%|HS|  |TAMS 0x00000000c1200000, 0x00000000c1100000| Untracked 
|  18|0x00000000c1200000, 0x00000000c1300000, 0x00000000c1300000|100%| O|  |TAMS 0x00000000c1300000, 0x00000000c1200000| Untracked 
|  19|0x00000000c1300000, 0x00000000c13fffd0, 0x00000000c1400000| 99%| O|  |TAMS 0x00000000c13fffd0, 0x00000000c1300000| Untracked 
|  20|0x00000000c1400000, 0x00000000c14ffff8, 0x00000000c1500000| 99%| O|  |TAMS 0x00000000c14ffff8, 0x00000000c1400000| Untracked 
|  21|0x00000000c1500000, 0x00000000c1600000, 0x00000000c1600000|100%| O|  |TAMS 0x00000000c1600000, 0x00000000c1500000| Untracked 
|  22|0x00000000c1600000, 0x00000000c16ffff0, 0x00000000c1700000| 99%| O|  |TAMS 0x00000000c16ffff0, 0x00000000c1600000| Untracked 
|  23|0x00000000c1700000, 0x00000000c17fffc8, 0x00000000c1800000| 99%| O|  |TAMS 0x00000000c17fffc8, 0x00000000c1700000| Untracked 
|  24|0x00000000c1800000, 0x00000000c1900000, 0x00000000c1900000|100%| O|  |TAMS 0x00000000c1900000, 0x00000000c1800000| Untracked 
|  25|0x00000000c1900000, 0x00000000c19fffc8, 0x00000000c1a00000| 99%| O|  |TAMS 0x00000000c19fffc8, 0x00000000c1900000| Untracked 
|  26|0x00000000c1a00000, 0x00000000c1afffd0, 0x00000000c1b00000| 99%| O|  |TAMS 0x00000000c1afffd0, 0x00000000c1a00000| Untracked 
|  27|0x00000000c1b00000, 0x00000000c1bfffd8, 0x00000000c1c00000| 99%| O|  |TAMS 0x00000000c1bfffd8, 0x00000000c1b00000| Untracked 
|  28|0x00000000c1c00000, 0x00000000c1cfffe8, 0x00000000c1d00000| 99%| O|  |TAMS 0x00000000c1cfffe8, 0x00000000c1c00000| Untracked 
|  29|0x00000000c1d00000, 0x00000000c1dfffc8, 0x00000000c1e00000| 99%| O|  |TAMS 0x00000000c1dfffc8, 0x00000000c1d00000| Untracked 
|  30|0x00000000c1e00000, 0x00000000c1efffa0, 0x00000000c1f00000| 99%| O|  |TAMS 0x00000000c1efffa0, 0x00000000c1e00000| Untracked 
|  31|0x00000000c1f00000, 0x00000000c1fffff8, 0x00000000c2000000| 99%| O|  |TAMS 0x00000000c1fffff8, 0x00000000c1f00000| Untracked 
|  32|0x00000000c2000000, 0x00000000c20fd390, 0x00000000c2100000| 98%| O|  |TAMS 0x00000000c20fd390, 0x00000000c2000000| Untracked 
|  33|0x00000000c2100000, 0x00000000c21fffa8, 0x00000000c2200000| 99%| O|  |TAMS 0x00000000c21fffa8, 0x00000000c2100000| Untracked 
|  34|0x00000000c2200000, 0x00000000c22fffd8, 0x00000000c2300000| 99%| O|  |TAMS 0x00000000c22fffd8, 0x00000000c2200000| Untracked 
|  35|0x00000000c2300000, 0x00000000c23ffff0, 0x00000000c2400000| 99%| O|  |TAMS 0x00000000c23ffff0, 0x00000000c2300000| Untracked 
|  36|0x00000000c2400000, 0x00000000c24ffff8, 0x00000000c2500000| 99%| O|  |TAMS 0x00000000c24ffff8, 0x00000000c2400000| Untracked 
|  37|0x00000000c2500000, 0x00000000c25ffff0, 0x00000000c2600000| 99%| O|  |TAMS 0x00000000c25ffff0, 0x00000000c2500000| Untracked 
|  38|0x00000000c2600000, 0x00000000c26ffff0, 0x00000000c2700000| 99%| O|  |TAMS 0x00000000c26ffff0, 0x00000000c2600000| Untracked 
|  39|0x00000000c2700000, 0x00000000c27fffe0, 0x00000000c2800000| 99%| O|  |TAMS 0x00000000c27fffe0, 0x00000000c2700000| Untracked 
|  40|0x00000000c2800000, 0x00000000c28fffb0, 0x00000000c2900000| 99%| O|  |TAMS 0x00000000c28fffb0, 0x00000000c2800000| Untracked 
|  41|0x00000000c2900000, 0x00000000c29ffff0, 0x00000000c2a00000| 99%| O|  |TAMS 0x00000000c29ffff0, 0x00000000c2900000| Untracked 
|  42|0x00000000c2a00000, 0x00000000c2affff8, 0x00000000c2b00000| 99%| O|  |TAMS 0x00000000c2affff8, 0x00000000c2a00000| Untracked 
|  43|0x00000000c2b00000, 0x00000000c2bffff8, 0x00000000c2c00000| 99%| O|  |TAMS 0x00000000c2bffff8, 0x00000000c2b00000| Untracked 
|  44|0x00000000c2c00000, 0x00000000c2cfffb8, 0x00000000c2d00000| 99%| O|  |TAMS 0x00000000c2cfffb8, 0x00000000c2c00000| Untracked 
|  45|0x00000000c2d00000, 0x00000000c2dfffd0, 0x00000000c2e00000| 99%| O|  |TAMS 0x00000000c2dfffd0, 0x00000000c2d00000| Untracked 
|  46|0x00000000c2e00000, 0x00000000c2f00000, 0x00000000c2f00000|100%| O|  |TAMS 0x00000000c2f00000, 0x00000000c2e00000| Untracked 
|  47|0x00000000c2f00000, 0x00000000c2ffffe8, 0x00000000c3000000| 99%| O|  |TAMS 0x00000000c2ffffe8, 0x00000000c2f00000| Untracked 
|  48|0x00000000c3000000, 0x00000000c3100000, 0x00000000c3100000|100%| O|  |TAMS 0x00000000c3100000, 0x00000000c3000000| Untracked 
|  49|0x00000000c3100000, 0x00000000c3200000, 0x00000000c3200000|100%| O|  |TAMS 0x00000000c3200000, 0x00000000c3100000| Untracked 
|  50|0x00000000c3200000, 0x00000000c3300000, 0x00000000c3300000|100%| O|  |TAMS 0x00000000c3300000, 0x00000000c3200000| Untracked 
|  51|0x00000000c3300000, 0x00000000c33ffff0, 0x00000000c3400000| 99%| O|  |TAMS 0x00000000c33ffff0, 0x00000000c3300000| Untracked 
|  52|0x00000000c3400000, 0x00000000c3500000, 0x00000000c3500000|100%| O|  |TAMS 0x00000000c3500000, 0x00000000c3400000| Untracked 
|  53|0x00000000c3500000, 0x00000000c35e9b80, 0x00000000c3600000| 91%| O|  |TAMS 0x00000000c3500000, 0x00000000c3500000| Untracked 
|  54|0x00000000c3600000, 0x00000000c36ffc68, 0x00000000c3700000| 99%| O|  |TAMS 0x00000000c36ffc68, 0x00000000c3600000| Untracked 
|  55|0x00000000c3700000, 0x00000000c37fffe0, 0x00000000c3800000| 99%| O|  |TAMS 0x00000000c37fffe0, 0x00000000c3700000| Untracked 
|  56|0x00000000c3800000, 0x00000000c38fffe8, 0x00000000c3900000| 99%| O|  |TAMS 0x00000000c38fffe8, 0x00000000c3800000| Untracked 
|  57|0x00000000c3900000, 0x00000000c39ffff0, 0x00000000c3a00000| 99%| O|  |TAMS 0x00000000c39ffff0, 0x00000000c3900000| Untracked 
|  58|0x00000000c3a00000, 0x00000000c3afffc8, 0x00000000c3b00000| 99%| O|  |TAMS 0x00000000c3afffc8, 0x00000000c3a00000| Untracked 
|  59|0x00000000c3b00000, 0x00000000c3bffff8, 0x00000000c3c00000| 99%| O|  |TAMS 0x00000000c3bffff8, 0x00000000c3b00000| Untracked 
|  60|0x00000000c3c00000, 0x00000000c3cffff8, 0x00000000c3d00000| 99%| O|  |TAMS 0x00000000c3cffff8, 0x00000000c3c00000| Untracked 
|  61|0x00000000c3d00000, 0x00000000c3ddbee8, 0x00000000c3e00000| 85%| O|  |TAMS 0x00000000c3d00000, 0x00000000c3d00000| Untracked 
|  62|0x00000000c3e00000, 0x00000000c3ee7e40, 0x00000000c3f00000| 90%| O|  |TAMS 0x00000000c3e00000, 0x00000000c3e00000| Untracked 
|  63|0x00000000c3f00000, 0x00000000c3f4e3c8, 0x00000000c4000000| 30%| O|  |TAMS 0x00000000c3f00000, 0x00000000c3f00000| Untracked 
|  64|0x00000000c4000000, 0x00000000c4000048, 0x00000000c4100000|  0%| O|  |TAMS 0x00000000c4000000, 0x00000000c4000000| Untracked 
|  65|0x00000000c4100000, 0x00000000c4100000, 0x00000000c4200000|  0%| F|  |TAMS 0x00000000c4100000, 0x00000000c4100000| Untracked 
|  66|0x00000000c4200000, 0x00000000c4200000, 0x00000000c4300000|  0%| F|  |TAMS 0x00000000c4200000, 0x00000000c4200000| Untracked 
|  67|0x00000000c4300000, 0x00000000c4300000, 0x00000000c4400000|  0%| F|  |TAMS 0x00000000c4300000, 0x00000000c4300000| Untracked 
|  68|0x00000000c4400000, 0x00000000c4400000, 0x00000000c4500000|  0%| F|  |TAMS 0x00000000c4400000, 0x00000000c4400000| Untracked 
|  69|0x00000000c4500000, 0x00000000c4500000, 0x00000000c4600000|  0%| F|  |TAMS 0x00000000c4500000, 0x00000000c4500000| Untracked 
|  70|0x00000000c4600000, 0x00000000c4600000, 0x00000000c4700000|  0%| F|  |TAMS 0x00000000c4600000, 0x00000000c4600000| Untracked 
|  71|0x00000000c4700000, 0x00000000c47f5e08, 0x00000000c4800000| 96%| O|  |TAMS 0x00000000c47f5e08, 0x00000000c4700000| Untracked 
|  72|0x00000000c4800000, 0x00000000c4800000, 0x00000000c4900000|  0%| F|  |TAMS 0x00000000c4800000, 0x00000000c4800000| Untracked 
|  73|0x00000000c4900000, 0x00000000c4900000, 0x00000000c4a00000|  0%| F|  |TAMS 0x00000000c4900000, 0x00000000c4900000| Untracked 
|  74|0x00000000c4a00000, 0x00000000c4a00000, 0x00000000c4b00000|  0%| F|  |TAMS 0x00000000c4a00000, 0x00000000c4a00000| Untracked 
|  75|0x00000000c4b00000, 0x00000000c4b00000, 0x00000000c4c00000|  0%| F|  |TAMS 0x00000000c4b00000, 0x00000000c4b00000| Untracked 
|  76|0x00000000c4c00000, 0x00000000c4cffff8, 0x00000000c4d00000| 99%| O|  |TAMS 0x00000000c4cffff8, 0x00000000c4c00000| Untracked 
|  77|0x00000000c4d00000, 0x00000000c4e00000, 0x00000000c4e00000|100%| O|  |TAMS 0x00000000c4e00000, 0x00000000c4d00000| Untracked 
|  78|0x00000000c4e00000, 0x00000000c4efffc0, 0x00000000c4f00000| 99%| O|  |TAMS 0x00000000c4efffc0, 0x00000000c4e00000| Untracked 
|  79|0x00000000c4f00000, 0x00000000c4f00000, 0x00000000c5000000|  0%| F|  |TAMS 0x00000000c4f00000, 0x00000000c4f00000| Untracked 
|  80|0x00000000c5000000, 0x00000000c5100000, 0x00000000c5100000|100%| O|  |TAMS 0x00000000c5100000, 0x00000000c5000000| Untracked 
|  81|0x00000000c5100000, 0x00000000c51fffc8, 0x00000000c5200000| 99%| O|  |TAMS 0x00000000c51fffc8, 0x00000000c5100000| Untracked 
|  82|0x00000000c5200000, 0x00000000c52fffe0, 0x00000000c5300000| 99%| O|  |TAMS 0x00000000c52fffe0, 0x00000000c5200000| Untracked 
|  83|0x00000000c5300000, 0x00000000c53ffff0, 0x00000000c5400000| 99%| O|  |TAMS 0x00000000c53ffff0, 0x00000000c5300000| Untracked 
|  84|0x00000000c5400000, 0x00000000c5400000, 0x00000000c5500000|  0%| F|  |TAMS 0x00000000c5400000, 0x00000000c5400000| Untracked 
|  85|0x00000000c5500000, 0x00000000c55fffe8, 0x00000000c5600000| 99%| O|  |TAMS 0x00000000c55fffe8, 0x00000000c5500000| Untracked 
|  86|0x00000000c5600000, 0x00000000c56ffff8, 0x00000000c5700000| 99%| O|  |TAMS 0x00000000c56ffff8, 0x00000000c5600000| Untracked 
|  87|0x00000000c5700000, 0x00000000c5700000, 0x00000000c5800000|  0%| F|  |TAMS 0x00000000c5700000, 0x00000000c5700000| Untracked 
|  88|0x00000000c5800000, 0x00000000c5800000, 0x00000000c5900000|  0%| F|  |TAMS 0x00000000c5800000, 0x00000000c5800000| Untracked 
|  89|0x00000000c5900000, 0x00000000c5a00000, 0x00000000c5a00000|100%| O|  |TAMS 0x00000000c5a00000, 0x00000000c5900000| Untracked 
|  90|0x00000000c5a00000, 0x00000000c5afffc8, 0x00000000c5b00000| 99%| O|  |TAMS 0x00000000c5afffc8, 0x00000000c5a00000| Untracked 
|  91|0x00000000c5b00000, 0x00000000c5b00000, 0x00000000c5c00000|  0%| F|  |TAMS 0x00000000c5b00000, 0x00000000c5b00000| Untracked 
|  92|0x00000000c5c00000, 0x00000000c5c00000, 0x00000000c5d00000|  0%| F|  |TAMS 0x00000000c5c00000, 0x00000000c5c00000| Untracked 
|  93|0x00000000c5d00000, 0x00000000c5d00000, 0x00000000c5e00000|  0%| F|  |TAMS 0x00000000c5d00000, 0x00000000c5d00000| Untracked 
|  94|0x00000000c5e00000, 0x00000000c5e00000, 0x00000000c5f00000|  0%| F|  |TAMS 0x00000000c5e00000, 0x00000000c5e00000| Untracked 
|  95|0x00000000c5f00000, 0x00000000c5f00000, 0x00000000c6000000|  0%| F|  |TAMS 0x00000000c5f00000, 0x00000000c5f00000| Untracked 
|  96|0x00000000c6000000, 0x00000000c60ffff0, 0x00000000c6100000| 99%| O|  |TAMS 0x00000000c60ffff0, 0x00000000c6000000| Untracked 
|  97|0x00000000c6100000, 0x00000000c6100000, 0x00000000c6200000|  0%| F|  |TAMS 0x00000000c6100000, 0x00000000c6100000| Untracked 
|  98|0x00000000c6200000, 0x00000000c6200000, 0x00000000c6300000|  0%| F|  |TAMS 0x00000000c6200000, 0x00000000c6200000| Untracked 
|  99|0x00000000c6300000, 0x00000000c6300000, 0x00000000c6400000|  0%| F|  |TAMS 0x00000000c6300000, 0x00000000c6300000| Untracked 
| 100|0x00000000c6400000, 0x00000000c6400000, 0x00000000c6500000|  0%| F|  |TAMS 0x00000000c6400000, 0x00000000c6400000| Untracked 
| 101|0x00000000c6500000, 0x00000000c6500000, 0x00000000c6600000|  0%| F|  |TAMS 0x00000000c6500000, 0x00000000c6500000| Untracked 
| 102|0x00000000c6600000, 0x00000000c6600000, 0x00000000c6700000|  0%| F|  |TAMS 0x00000000c6600000, 0x00000000c6600000| Untracked 
| 103|0x00000000c6700000, 0x00000000c6700000, 0x00000000c6800000|  0%| F|  |TAMS 0x00000000c6700000, 0x00000000c6700000| Untracked 
| 104|0x00000000c6800000, 0x00000000c6800000, 0x00000000c6900000|  0%| F|  |TAMS 0x00000000c6800000, 0x00000000c6800000| Untracked 
| 105|0x00000000c6900000, 0x00000000c6900000, 0x00000000c6a00000|  0%| F|  |TAMS 0x00000000c6900000, 0x00000000c6900000| Untracked 
| 106|0x00000000c6a00000, 0x00000000c6a00000, 0x00000000c6b00000|  0%| F|  |TAMS 0x00000000c6a00000, 0x00000000c6a00000| Untracked 
| 107|0x00000000c6b00000, 0x00000000c6b00000, 0x00000000c6c00000|  0%| F|  |TAMS 0x00000000c6b00000, 0x00000000c6b00000| Untracked 
| 108|0x00000000c6c00000, 0x00000000c6c00000, 0x00000000c6d00000|  0%| F|  |TAMS 0x00000000c6c00000, 0x00000000c6c00000| Untracked 
| 109|0x00000000c6d00000, 0x00000000c6d00000, 0x00000000c6e00000|  0%| F|  |TAMS 0x00000000c6d00000, 0x00000000c6d00000| Untracked 
| 110|0x00000000c6e00000, 0x00000000c6e00000, 0x00000000c6f00000|  0%| F|  |TAMS 0x00000000c6e00000, 0x00000000c6e00000| Untracked 
| 111|0x00000000c6f00000, 0x00000000c6f00000, 0x00000000c7000000|  0%| F|  |TAMS 0x00000000c6f00000, 0x00000000c6f00000| Untracked 
| 112|0x00000000c7000000, 0x00000000c7000000, 0x00000000c7100000|  0%| F|  |TAMS 0x00000000c7000000, 0x00000000c7000000| Untracked 
| 113|0x00000000c7100000, 0x00000000c7100000, 0x00000000c7200000|  0%| F|  |TAMS 0x00000000c7100000, 0x00000000c7100000| Untracked 
| 114|0x00000000c7200000, 0x00000000c7200000, 0x00000000c7300000|  0%| F|  |TAMS 0x00000000c7200000, 0x00000000c7200000| Untracked 
| 115|0x00000000c7300000, 0x00000000c7300000, 0x00000000c7400000|  0%| F|  |TAMS 0x00000000c7300000, 0x00000000c7300000| Untracked 
| 116|0x00000000c7400000, 0x00000000c74fffe8, 0x00000000c7500000| 99%| O|  |TAMS 0x00000000c74fffe8, 0x00000000c7400000| Untracked 
| 117|0x00000000c7500000, 0x00000000c7500000, 0x00000000c7600000|  0%| F|  |TAMS 0x00000000c7500000, 0x00000000c7500000| Untracked 
| 118|0x00000000c7600000, 0x00000000c7600000, 0x00000000c7700000|  0%| F|  |TAMS 0x00000000c7600000, 0x00000000c7600000| Untracked 
| 119|0x00000000c7700000, 0x00000000c77fffd8, 0x00000000c7800000| 99%| O|  |TAMS 0x00000000c77fffd8, 0x00000000c7700000| Untracked 
| 120|0x00000000c7800000, 0x00000000c7800000, 0x00000000c7900000|  0%| F|  |TAMS 0x00000000c7800000, 0x00000000c7800000| Untracked 
| 121|0x00000000c7900000, 0x00000000c7900000, 0x00000000c7a00000|  0%| F|  |TAMS 0x00000000c7900000, 0x00000000c7900000| Untracked 
| 122|0x00000000c7a00000, 0x00000000c7a00000, 0x00000000c7b00000|  0%| F|  |TAMS 0x00000000c7a00000, 0x00000000c7a00000| Untracked 
| 123|0x00000000c7b00000, 0x00000000c7b00000, 0x00000000c7c00000|  0%| F|  |TAMS 0x00000000c7b00000, 0x00000000c7b00000| Untracked 
| 124|0x00000000c7c00000, 0x00000000c7c00000, 0x00000000c7d00000|  0%| F|  |TAMS 0x00000000c7c00000, 0x00000000c7c00000| Untracked 
| 125|0x00000000c7d00000, 0x00000000c7e00000, 0x00000000c7e00000|100%|HS|  |TAMS 0x00000000c7e00000, 0x00000000c7d00000| Untracked 
| 126|0x00000000c7e00000, 0x00000000c7e00000, 0x00000000c7f00000|  0%| F|  |TAMS 0x00000000c7e00000, 0x00000000c7e00000| Untracked 
| 127|0x00000000c7f00000, 0x00000000c7f00000, 0x00000000c8000000|  0%| F|  |TAMS 0x00000000c7f00000, 0x00000000c7f00000| Untracked 
| 128|0x00000000c8000000, 0x00000000c80fffb0, 0x00000000c8100000| 99%| O|  |TAMS 0x00000000c80fffb0, 0x00000000c8000000| Untracked 
| 129|0x00000000c8100000, 0x00000000c8100000, 0x00000000c8200000|  0%| F|  |TAMS 0x00000000c8100000, 0x00000000c8100000| Untracked 
| 130|0x00000000c8200000, 0x00000000c8200000, 0x00000000c8300000|  0%| F|  |TAMS 0x00000000c8200000, 0x00000000c8200000| Untracked 
| 131|0x00000000c8300000, 0x00000000c8300000, 0x00000000c8400000|  0%| F|  |TAMS 0x00000000c8300000, 0x00000000c8300000| Untracked 
| 132|0x00000000c8400000, 0x00000000c8400000, 0x00000000c8500000|  0%| F|  |TAMS 0x00000000c8400000, 0x00000000c8400000| Untracked 
| 133|0x00000000c8500000, 0x00000000c8500000, 0x00000000c8600000|  0%| F|  |TAMS 0x00000000c8500000, 0x00000000c8500000| Untracked 
| 134|0x00000000c8600000, 0x00000000c8600000, 0x00000000c8700000|  0%| F|  |TAMS 0x00000000c8600000, 0x00000000c8600000| Untracked 
| 135|0x00000000c8700000, 0x00000000c8700000, 0x00000000c8800000|  0%| F|  |TAMS 0x00000000c8700000, 0x00000000c8700000| Untracked 
| 136|0x00000000c8800000, 0x00000000c8800000, 0x00000000c8900000|  0%| F|  |TAMS 0x00000000c8800000, 0x00000000c8800000| Untracked 
| 137|0x00000000c8900000, 0x00000000c89fffe8, 0x00000000c8a00000| 99%| O|  |TAMS 0x00000000c89fffe8, 0x00000000c8900000| Untracked 
| 138|0x00000000c8a00000, 0x00000000c8affff8, 0x00000000c8b00000| 99%| O|  |TAMS 0x00000000c8affff8, 0x00000000c8a00000| Untracked 
| 139|0x00000000c8b00000, 0x00000000c8b00000, 0x00000000c8c00000|  0%| F|  |TAMS 0x00000000c8b00000, 0x00000000c8b00000| Untracked 
| 140|0x00000000c8c00000, 0x00000000c8c00000, 0x00000000c8d00000|  0%| F|  |TAMS 0x00000000c8c00000, 0x00000000c8c00000| Untracked 
| 141|0x00000000c8d00000, 0x00000000c8d00000, 0x00000000c8e00000|  0%| F|  |TAMS 0x00000000c8d00000, 0x00000000c8d00000| Untracked 
| 142|0x00000000c8e00000, 0x00000000c8e00000, 0x00000000c8f00000|  0%| F|  |TAMS 0x00000000c8e00000, 0x00000000c8e00000| Untracked 
| 143|0x00000000c8f00000, 0x00000000c8f00000, 0x00000000c9000000|  0%| F|  |TAMS 0x00000000c8f00000, 0x00000000c8f00000| Untracked 
| 144|0x00000000c9000000, 0x00000000c90ffff8, 0x00000000c9100000| 99%| O|  |TAMS 0x00000000c90ffff8, 0x00000000c9000000| Untracked 
| 145|0x00000000c9100000, 0x00000000c9100000, 0x00000000c9200000|  0%| F|  |TAMS 0x00000000c9100000, 0x00000000c9100000| Untracked 
| 146|0x00000000c9200000, 0x00000000c9200000, 0x00000000c9300000|  0%| F|  |TAMS 0x00000000c9200000, 0x00000000c9200000| Untracked 
| 147|0x00000000c9300000, 0x00000000c9300000, 0x00000000c9400000|  0%| F|  |TAMS 0x00000000c9300000, 0x00000000c9300000| Untracked 
| 148|0x00000000c9400000, 0x00000000c9400000, 0x00000000c9500000|  0%| F|  |TAMS 0x00000000c9400000, 0x00000000c9400000| Untracked 
| 149|0x00000000c9500000, 0x00000000c9500000, 0x00000000c9600000|  0%| F|  |TAMS 0x00000000c9500000, 0x00000000c9500000| Untracked 
| 150|0x00000000c9600000, 0x00000000c9600000, 0x00000000c9700000|  0%| F|  |TAMS 0x00000000c9600000, 0x00000000c9600000| Untracked 
| 151|0x00000000c9700000, 0x00000000c9800000, 0x00000000c9800000|100%| O|  |TAMS 0x00000000c9800000, 0x00000000c9700000| Untracked 
| 152|0x00000000c9800000, 0x00000000c9800000, 0x00000000c9900000|  0%| F|  |TAMS 0x00000000c9800000, 0x00000000c9800000| Untracked 
| 153|0x00000000c9900000, 0x00000000c99fffe0, 0x00000000c9a00000| 99%| O|  |TAMS 0x00000000c99fffe0, 0x00000000c9900000| Untracked 
| 154|0x00000000c9a00000, 0x00000000c9a00000, 0x00000000c9b00000|  0%| F|  |TAMS 0x00000000c9a00000, 0x00000000c9a00000| Untracked 
| 155|0x00000000c9b00000, 0x00000000c9b00000, 0x00000000c9c00000|  0%| F|  |TAMS 0x00000000c9b00000, 0x00000000c9b00000| Untracked 
| 156|0x00000000c9c00000, 0x00000000c9c00000, 0x00000000c9d00000|  0%| F|  |TAMS 0x00000000c9c00000, 0x00000000c9c00000| Untracked 
| 157|0x00000000c9d00000, 0x00000000c9d00000, 0x00000000c9e00000|  0%| F|  |TAMS 0x00000000c9d00000, 0x00000000c9d00000| Untracked 
| 158|0x00000000c9e00000, 0x00000000c9e00000, 0x00000000c9f00000|  0%| F|  |TAMS 0x00000000c9e00000, 0x00000000c9e00000| Untracked 
| 159|0x00000000c9f00000, 0x00000000c9f00000, 0x00000000ca000000|  0%| F|  |TAMS 0x00000000c9f00000, 0x00000000c9f00000| Untracked 
| 160|0x00000000ca000000, 0x00000000ca000000, 0x00000000ca100000|  0%| F|  |TAMS 0x00000000ca000000, 0x00000000ca000000| Untracked 
| 161|0x00000000ca100000, 0x00000000ca100000, 0x00000000ca200000|  0%| F|  |TAMS 0x00000000ca100000, 0x00000000ca100000| Untracked 
| 162|0x00000000ca200000, 0x00000000ca200000, 0x00000000ca300000|  0%| F|  |TAMS 0x00000000ca200000, 0x00000000ca200000| Untracked 
| 163|0x00000000ca300000, 0x00000000ca300000, 0x00000000ca400000|  0%| F|  |TAMS 0x00000000ca300000, 0x00000000ca300000| Untracked 
| 164|0x00000000ca400000, 0x00000000ca400000, 0x00000000ca500000|  0%| F|  |TAMS 0x00000000ca400000, 0x00000000ca400000| Untracked 
| 165|0x00000000ca500000, 0x00000000ca500000, 0x00000000ca600000|  0%| F|  |TAMS 0x00000000ca500000, 0x00000000ca500000| Untracked 
| 166|0x00000000ca600000, 0x00000000ca600000, 0x00000000ca700000|  0%| F|  |TAMS 0x00000000ca600000, 0x00000000ca600000| Untracked 
| 167|0x00000000ca700000, 0x00000000ca700000, 0x00000000ca800000|  0%| F|  |TAMS 0x00000000ca700000, 0x00000000ca700000| Untracked 
| 168|0x00000000ca800000, 0x00000000ca800000, 0x00000000ca900000|  0%| F|  |TAMS 0x00000000ca800000, 0x00000000ca800000| Untracked 
| 169|0x00000000ca900000, 0x00000000ca900000, 0x00000000caa00000|  0%| F|  |TAMS 0x00000000ca900000, 0x00000000ca900000| Untracked 
| 170|0x00000000caa00000, 0x00000000caa00000, 0x00000000cab00000|  0%| F|  |TAMS 0x00000000caa00000, 0x00000000caa00000| Untracked 
| 171|0x00000000cab00000, 0x00000000cab00000, 0x00000000cac00000|  0%| F|  |TAMS 0x00000000cab00000, 0x00000000cab00000| Untracked 
| 172|0x00000000cac00000, 0x00000000cac00000, 0x00000000cad00000|  0%| F|  |TAMS 0x00000000cac00000, 0x00000000cac00000| Untracked 
| 173|0x00000000cad00000, 0x00000000cad00000, 0x00000000cae00000|  0%| F|  |TAMS 0x00000000cad00000, 0x00000000cad00000| Untracked 
| 174|0x00000000cae00000, 0x00000000cae00000, 0x00000000caf00000|  0%| F|  |TAMS 0x00000000cae00000, 0x00000000cae00000| Untracked 
| 175|0x00000000caf00000, 0x00000000caf00000, 0x00000000cb000000|  0%| F|  |TAMS 0x00000000caf00000, 0x00000000caf00000| Untracked 
| 176|0x00000000cb000000, 0x00000000cb000000, 0x00000000cb100000|  0%| F|  |TAMS 0x00000000cb000000, 0x00000000cb000000| Untracked 
| 177|0x00000000cb100000, 0x00000000cb100000, 0x00000000cb200000|  0%| F|  |TAMS 0x00000000cb100000, 0x00000000cb100000| Untracked 
| 178|0x00000000cb200000, 0x00000000cb200000, 0x00000000cb300000|  0%| F|  |TAMS 0x00000000cb200000, 0x00000000cb200000| Untracked 
| 179|0x00000000cb300000, 0x00000000cb300000, 0x00000000cb400000|  0%| F|  |TAMS 0x00000000cb300000, 0x00000000cb300000| Untracked 
| 180|0x00000000cb400000, 0x00000000cb400000, 0x00000000cb500000|  0%| F|  |TAMS 0x00000000cb400000, 0x00000000cb400000| Untracked 
| 181|0x00000000cb500000, 0x00000000cb500000, 0x00000000cb600000|  0%| F|  |TAMS 0x00000000cb500000, 0x00000000cb500000| Untracked 
| 182|0x00000000cb600000, 0x00000000cb600000, 0x00000000cb700000|  0%| F|  |TAMS 0x00000000cb600000, 0x00000000cb600000| Untracked 
| 183|0x00000000cb700000, 0x00000000cb700000, 0x00000000cb800000|  0%| F|  |TAMS 0x00000000cb700000, 0x00000000cb700000| Untracked 
| 184|0x00000000cb800000, 0x00000000cb800000, 0x00000000cb900000|  0%| F|  |TAMS 0x00000000cb800000, 0x00000000cb800000| Untracked 
| 185|0x00000000cb900000, 0x00000000cb900000, 0x00000000cba00000|  0%| F|  |TAMS 0x00000000cb900000, 0x00000000cb900000| Untracked 
| 186|0x00000000cba00000, 0x00000000cba00000, 0x00000000cbb00000|  0%| F|  |TAMS 0x00000000cba00000, 0x00000000cba00000| Untracked 
| 187|0x00000000cbb00000, 0x00000000cbb00000, 0x00000000cbc00000|  0%| F|  |TAMS 0x00000000cbb00000, 0x00000000cbb00000| Untracked 
| 188|0x00000000cbc00000, 0x00000000cbc00000, 0x00000000cbd00000|  0%| F|  |TAMS 0x00000000cbc00000, 0x00000000cbc00000| Untracked 
| 189|0x00000000cbd00000, 0x00000000cbd00000, 0x00000000cbe00000|  0%| F|  |TAMS 0x00000000cbd00000, 0x00000000cbd00000| Untracked 
| 190|0x00000000cbe00000, 0x00000000cbe00000, 0x00000000cbf00000|  0%| F|  |TAMS 0x00000000cbe00000, 0x00000000cbe00000| Untracked 
| 191|0x00000000cbf00000, 0x00000000cbf00000, 0x00000000cc000000|  0%| F|  |TAMS 0x00000000cbf00000, 0x00000000cbf00000| Untracked 
| 192|0x00000000cc000000, 0x00000000cc000000, 0x00000000cc100000|  0%| F|  |TAMS 0x00000000cc000000, 0x00000000cc000000| Untracked 
| 193|0x00000000cc100000, 0x00000000cc100000, 0x00000000cc200000|  0%| F|  |TAMS 0x00000000cc100000, 0x00000000cc100000| Untracked 
| 194|0x00000000cc200000, 0x00000000cc200000, 0x00000000cc300000|  0%| F|  |TAMS 0x00000000cc200000, 0x00000000cc200000| Untracked 
| 195|0x00000000cc300000, 0x00000000cc300000, 0x00000000cc400000|  0%| F|  |TAMS 0x00000000cc300000, 0x00000000cc300000| Untracked 
| 196|0x00000000cc400000, 0x00000000cc400000, 0x00000000cc500000|  0%| F|  |TAMS 0x00000000cc400000, 0x00000000cc400000| Untracked 
| 197|0x00000000cc500000, 0x00000000cc600000, 0x00000000cc600000|100%|HS|  |TAMS 0x00000000cc600000, 0x00000000cc500000| Untracked 
| 198|0x00000000cc600000, 0x00000000cc700000, 0x00000000cc700000|100%|HC|  |TAMS 0x00000000cc700000, 0x00000000cc600000| Untracked 
| 199|0x00000000cc700000, 0x00000000cc800000, 0x00000000cc800000|100%|HC|  |TAMS 0x00000000cc800000, 0x00000000cc700000| Untracked 
| 200|0x00000000cc800000, 0x00000000cc800000, 0x00000000cc900000|  0%| F|  |TAMS 0x00000000cc800000, 0x00000000cc800000| Untracked 
| 201|0x00000000cc900000, 0x00000000cc900000, 0x00000000cca00000|  0%| F|  |TAMS 0x00000000cc900000, 0x00000000cc900000| Untracked 
| 202|0x00000000cca00000, 0x00000000cca00000, 0x00000000ccb00000|  0%| F|  |TAMS 0x00000000cca00000, 0x00000000cca00000| Untracked 
| 203|0x00000000ccb00000, 0x00000000ccb00000, 0x00000000ccc00000|  0%| F|  |TAMS 0x00000000ccb00000, 0x00000000ccb00000| Untracked 
| 204|0x00000000ccc00000, 0x00000000ccc00000, 0x00000000ccd00000|  0%| F|  |TAMS 0x00000000ccc00000, 0x00000000ccc00000| Untracked 
| 205|0x00000000ccd00000, 0x00000000ccd00000, 0x00000000cce00000|  0%| F|  |TAMS 0x00000000ccd00000, 0x00000000ccd00000| Untracked 
| 206|0x00000000cce00000, 0x00000000cce00000, 0x00000000ccf00000|  0%| F|  |TAMS 0x00000000cce00000, 0x00000000cce00000| Untracked 
| 207|0x00000000ccf00000, 0x00000000ccf00000, 0x00000000cd000000|  0%| F|  |TAMS 0x00000000ccf00000, 0x00000000ccf00000| Untracked 
| 208|0x00000000cd000000, 0x00000000cd000000, 0x00000000cd100000|  0%| F|  |TAMS 0x00000000cd000000, 0x00000000cd000000| Untracked 
| 209|0x00000000cd100000, 0x00000000cd100000, 0x00000000cd200000|  0%| F|  |TAMS 0x00000000cd100000, 0x00000000cd100000| Untracked 
| 210|0x00000000cd200000, 0x00000000cd200000, 0x00000000cd300000|  0%| F|  |TAMS 0x00000000cd200000, 0x00000000cd200000| Untracked 
| 211|0x00000000cd300000, 0x00000000cd300000, 0x00000000cd400000|  0%| F|  |TAMS 0x00000000cd300000, 0x00000000cd300000| Untracked 
| 212|0x00000000cd400000, 0x00000000cd400000, 0x00000000cd500000|  0%| F|  |TAMS 0x00000000cd400000, 0x00000000cd400000| Untracked 
| 213|0x00000000cd500000, 0x00000000cd500000, 0x00000000cd600000|  0%| F|  |TAMS 0x00000000cd500000, 0x00000000cd500000| Untracked 
| 214|0x00000000cd600000, 0x00000000cd600000, 0x00000000cd700000|  0%| F|  |TAMS 0x00000000cd600000, 0x00000000cd600000| Untracked 
| 215|0x00000000cd700000, 0x00000000cd700000, 0x00000000cd800000|  0%| F|  |TAMS 0x00000000cd700000, 0x00000000cd700000| Untracked 
| 216|0x00000000cd800000, 0x00000000cd800000, 0x00000000cd900000|  0%| F|  |TAMS 0x00000000cd800000, 0x00000000cd800000| Untracked 
| 217|0x00000000cd900000, 0x00000000cd900000, 0x00000000cda00000|  0%| F|  |TAMS 0x00000000cd900000, 0x00000000cd900000| Untracked 
| 218|0x00000000cda00000, 0x00000000cda00000, 0x00000000cdb00000|  0%| F|  |TAMS 0x00000000cda00000, 0x00000000cda00000| Untracked 
| 219|0x00000000cdb00000, 0x00000000cdb00000, 0x00000000cdc00000|  0%| F|  |TAMS 0x00000000cdb00000, 0x00000000cdb00000| Untracked 
| 220|0x00000000cdc00000, 0x00000000cdc00000, 0x00000000cdd00000|  0%| F|  |TAMS 0x00000000cdc00000, 0x00000000cdc00000| Untracked 
| 221|0x00000000cdd00000, 0x00000000cdd00000, 0x00000000cde00000|  0%| F|  |TAMS 0x00000000cdd00000, 0x00000000cdd00000| Untracked 
| 222|0x00000000cde00000, 0x00000000cde00000, 0x00000000cdf00000|  0%| F|  |TAMS 0x00000000cde00000, 0x00000000cde00000| Untracked 
| 223|0x00000000cdf00000, 0x00000000cdf00000, 0x00000000ce000000|  0%| F|  |TAMS 0x00000000cdf00000, 0x00000000cdf00000| Untracked 
| 224|0x00000000ce000000, 0x00000000ce000000, 0x00000000ce100000|  0%| F|  |TAMS 0x00000000ce000000, 0x00000000ce000000| Untracked 
| 225|0x00000000ce100000, 0x00000000ce100000, 0x00000000ce200000|  0%| F|  |TAMS 0x00000000ce100000, 0x00000000ce100000| Untracked 
| 226|0x00000000ce200000, 0x00000000ce200000, 0x00000000ce300000|  0%| F|  |TAMS 0x00000000ce200000, 0x00000000ce200000| Untracked 
| 227|0x00000000ce300000, 0x00000000ce300000, 0x00000000ce400000|  0%| F|  |TAMS 0x00000000ce300000, 0x00000000ce300000| Untracked 
| 228|0x00000000ce400000, 0x00000000ce400000, 0x00000000ce500000|  0%| F|  |TAMS 0x00000000ce400000, 0x00000000ce400000| Untracked 
| 229|0x00000000ce500000, 0x00000000ce500000, 0x00000000ce600000|  0%| F|  |TAMS 0x00000000ce500000, 0x00000000ce500000| Untracked 
| 230|0x00000000ce600000, 0x00000000ce600000, 0x00000000ce700000|  0%| F|  |TAMS 0x00000000ce600000, 0x00000000ce600000| Untracked 
| 231|0x00000000ce700000, 0x00000000ce700000, 0x00000000ce800000|  0%| F|  |TAMS 0x00000000ce700000, 0x00000000ce700000| Untracked 
| 232|0x00000000ce800000, 0x00000000ce800000, 0x00000000ce900000|  0%| F|  |TAMS 0x00000000ce800000, 0x00000000ce800000| Untracked 
| 233|0x00000000ce900000, 0x00000000ce900000, 0x00000000cea00000|  0%| F|  |TAMS 0x00000000ce900000, 0x00000000ce900000| Untracked 
| 234|0x00000000cea00000, 0x00000000cea00000, 0x00000000ceb00000|  0%| F|  |TAMS 0x00000000cea00000, 0x00000000cea00000| Untracked 
| 235|0x00000000ceb00000, 0x00000000ceb00000, 0x00000000cec00000|  0%| F|  |TAMS 0x00000000ceb00000, 0x00000000ceb00000| Untracked 
| 236|0x00000000cec00000, 0x00000000cec00000, 0x00000000ced00000|  0%| F|  |TAMS 0x00000000cec00000, 0x00000000cec00000| Untracked 
| 237|0x00000000ced00000, 0x00000000ced00000, 0x00000000cee00000|  0%| F|  |TAMS 0x00000000ced00000, 0x00000000ced00000| Untracked 
| 238|0x00000000cee00000, 0x00000000cee00000, 0x00000000cef00000|  0%| F|  |TAMS 0x00000000cee00000, 0x00000000cee00000| Untracked 
| 239|0x00000000cef00000, 0x00000000cef00000, 0x00000000cf000000|  0%| F|  |TAMS 0x00000000cef00000, 0x00000000cef00000| Untracked 
| 240|0x00000000cf000000, 0x00000000cf000000, 0x00000000cf100000|  0%| F|  |TAMS 0x00000000cf000000, 0x00000000cf000000| Untracked 
| 241|0x00000000cf100000, 0x00000000cf100000, 0x00000000cf200000|  0%| F|  |TAMS 0x00000000cf100000, 0x00000000cf100000| Untracked 
| 242|0x00000000cf200000, 0x00000000cf200000, 0x00000000cf300000|  0%| F|  |TAMS 0x00000000cf200000, 0x00000000cf200000| Untracked 
| 243|0x00000000cf300000, 0x00000000cf300000, 0x00000000cf400000|  0%| F|  |TAMS 0x00000000cf300000, 0x00000000cf300000| Untracked 
| 244|0x00000000cf400000, 0x00000000cf400000, 0x00000000cf500000|  0%| F|  |TAMS 0x00000000cf400000, 0x00000000cf400000| Untracked 
| 245|0x00000000cf500000, 0x00000000cf500000, 0x00000000cf600000|  0%| F|  |TAMS 0x00000000cf500000, 0x00000000cf500000| Untracked 
| 246|0x00000000cf600000, 0x00000000cf600000, 0x00000000cf700000|  0%| F|  |TAMS 0x00000000cf600000, 0x00000000cf600000| Untracked 
| 247|0x00000000cf700000, 0x00000000cf700000, 0x00000000cf800000|  0%| F|  |TAMS 0x00000000cf700000, 0x00000000cf700000| Untracked 
| 248|0x00000000cf800000, 0x00000000cf800000, 0x00000000cf900000|  0%| F|  |TAMS 0x00000000cf800000, 0x00000000cf800000| Untracked 
| 249|0x00000000cf900000, 0x00000000cf900000, 0x00000000cfa00000|  0%| F|  |TAMS 0x00000000cf900000, 0x00000000cf900000| Untracked 
| 250|0x00000000cfa00000, 0x00000000cfa00000, 0x00000000cfb00000|  0%| F|  |TAMS 0x00000000cfa00000, 0x00000000cfa00000| Untracked 
| 251|0x00000000cfb00000, 0x00000000cfc00000, 0x00000000cfc00000|100%| O|  |TAMS 0x00000000cfc00000, 0x00000000cfb00000| Untracked 
| 252|0x00000000cfc00000, 0x00000000cfc00000, 0x00000000cfd00000|  0%| F|  |TAMS 0x00000000cfc00000, 0x00000000cfc00000| Untracked 
| 253|0x00000000cfd00000, 0x00000000cfd00000, 0x00000000cfe00000|  0%| F|  |TAMS 0x00000000cfd00000, 0x00000000cfd00000| Untracked 
| 254|0x00000000cfe00000, 0x00000000cfe00000, 0x00000000cff00000|  0%| F|  |TAMS 0x00000000cfe00000, 0x00000000cfe00000| Untracked 
| 255|0x00000000cff00000, 0x00000000cff00000, 0x00000000d0000000|  0%| F|  |TAMS 0x00000000cff00000, 0x00000000cff00000| Untracked 
| 256|0x00000000d0000000, 0x00000000d0000000, 0x00000000d0100000|  0%| F|  |TAMS 0x00000000d0000000, 0x00000000d0000000| Untracked 
| 257|0x00000000d0100000, 0x00000000d0100000, 0x00000000d0200000|  0%| F|  |TAMS 0x00000000d0100000, 0x00000000d0100000| Untracked 
| 258|0x00000000d0200000, 0x00000000d0200000, 0x00000000d0300000|  0%| F|  |TAMS 0x00000000d0200000, 0x00000000d0200000| Untracked 
| 259|0x00000000d0300000, 0x00000000d0300000, 0x00000000d0400000|  0%| F|  |TAMS 0x00000000d0300000, 0x00000000d0300000| Untracked 
| 260|0x00000000d0400000, 0x00000000d0400000, 0x00000000d0500000|  0%| F|  |TAMS 0x00000000d0400000, 0x00000000d0400000| Untracked 
| 261|0x00000000d0500000, 0x00000000d0500000, 0x00000000d0600000|  0%| F|  |TAMS 0x00000000d0500000, 0x00000000d0500000| Untracked 
| 262|0x00000000d0600000, 0x00000000d0600000, 0x00000000d0700000|  0%| F|  |TAMS 0x00000000d0600000, 0x00000000d0600000| Untracked 
| 263|0x00000000d0700000, 0x00000000d0700000, 0x00000000d0800000|  0%| F|  |TAMS 0x00000000d0700000, 0x00000000d0700000| Untracked 
| 264|0x00000000d0800000, 0x00000000d0800000, 0x00000000d0900000|  0%| F|  |TAMS 0x00000000d0800000, 0x00000000d0800000| Untracked 
| 265|0x00000000d0900000, 0x00000000d0900000, 0x00000000d0a00000|  0%| F|  |TAMS 0x00000000d0900000, 0x00000000d0900000| Untracked 
| 266|0x00000000d0a00000, 0x00000000d0a00000, 0x00000000d0b00000|  0%| F|  |TAMS 0x00000000d0a00000, 0x00000000d0a00000| Untracked 
| 267|0x00000000d0b00000, 0x00000000d0b00000, 0x00000000d0c00000|  0%| F|  |TAMS 0x00000000d0b00000, 0x00000000d0b00000| Untracked 
| 268|0x00000000d0c00000, 0x00000000d0c00000, 0x00000000d0d00000|  0%| F|  |TAMS 0x00000000d0c00000, 0x00000000d0c00000| Untracked 
| 269|0x00000000d0d00000, 0x00000000d0e00000, 0x00000000d0e00000|100%| O|  |TAMS 0x00000000d0e00000, 0x00000000d0d00000| Untracked 
| 270|0x00000000d0e00000, 0x00000000d0e00000, 0x00000000d0f00000|  0%| F|  |TAMS 0x00000000d0e00000, 0x00000000d0e00000| Untracked 
| 271|0x00000000d0f00000, 0x00000000d0f00000, 0x00000000d1000000|  0%| F|  |TAMS 0x00000000d0f00000, 0x00000000d0f00000| Untracked 
| 272|0x00000000d1000000, 0x00000000d1000000, 0x00000000d1100000|  0%| F|  |TAMS 0x00000000d1000000, 0x00000000d1000000| Untracked 
| 273|0x00000000d1100000, 0x00000000d1100000, 0x00000000d1200000|  0%| F|  |TAMS 0x00000000d1100000, 0x00000000d1100000| Untracked 
| 274|0x00000000d1200000, 0x00000000d1200000, 0x00000000d1300000|  0%| F|  |TAMS 0x00000000d1200000, 0x00000000d1200000| Untracked 
| 275|0x00000000d1300000, 0x00000000d1300000, 0x00000000d1400000|  0%| F|  |TAMS 0x00000000d1300000, 0x00000000d1300000| Untracked 
| 276|0x00000000d1400000, 0x00000000d1400000, 0x00000000d1500000|  0%| F|  |TAMS 0x00000000d1400000, 0x00000000d1400000| Untracked 
| 277|0x00000000d1500000, 0x00000000d1500000, 0x00000000d1600000|  0%| F|  |TAMS 0x00000000d1500000, 0x00000000d1500000| Untracked 
| 278|0x00000000d1600000, 0x00000000d1600000, 0x00000000d1700000|  0%| F|  |TAMS 0x00000000d1600000, 0x00000000d1600000| Untracked 
| 279|0x00000000d1700000, 0x00000000d1700000, 0x00000000d1800000|  0%| F|  |TAMS 0x00000000d1700000, 0x00000000d1700000| Untracked 
| 280|0x00000000d1800000, 0x00000000d1800000, 0x00000000d1900000|  0%| F|  |TAMS 0x00000000d1800000, 0x00000000d1800000| Untracked 
| 281|0x00000000d1900000, 0x00000000d1900000, 0x00000000d1a00000|  0%| F|  |TAMS 0x00000000d1900000, 0x00000000d1900000| Untracked 
| 282|0x00000000d1a00000, 0x00000000d1a00000, 0x00000000d1b00000|  0%| F|  |TAMS 0x00000000d1a00000, 0x00000000d1a00000| Untracked 
| 283|0x00000000d1b00000, 0x00000000d1b00000, 0x00000000d1c00000|  0%| F|  |TAMS 0x00000000d1b00000, 0x00000000d1b00000| Untracked 
| 284|0x00000000d1c00000, 0x00000000d1c00000, 0x00000000d1d00000|  0%| F|  |TAMS 0x00000000d1c00000, 0x00000000d1c00000| Untracked 
| 285|0x00000000d1d00000, 0x00000000d1d00000, 0x00000000d1e00000|  0%| F|  |TAMS 0x00000000d1d00000, 0x00000000d1d00000| Untracked 
| 286|0x00000000d1e00000, 0x00000000d1e00000, 0x00000000d1f00000|  0%| F|  |TAMS 0x00000000d1e00000, 0x00000000d1e00000| Untracked 
| 287|0x00000000d1f00000, 0x00000000d1f00000, 0x00000000d2000000|  0%| F|  |TAMS 0x00000000d1f00000, 0x00000000d1f00000| Untracked 
| 288|0x00000000d2000000, 0x00000000d2000000, 0x00000000d2100000|  0%| F|  |TAMS 0x00000000d2000000, 0x00000000d2000000| Untracked 
| 289|0x00000000d2100000, 0x00000000d2100000, 0x00000000d2200000|  0%| F|  |TAMS 0x00000000d2100000, 0x00000000d2100000| Untracked 
| 290|0x00000000d2200000, 0x00000000d2200000, 0x00000000d2300000|  0%| F|  |TAMS 0x00000000d2200000, 0x00000000d2200000| Untracked 
| 291|0x00000000d2300000, 0x00000000d2300000, 0x00000000d2400000|  0%| F|  |TAMS 0x00000000d2300000, 0x00000000d2300000| Untracked 
| 292|0x00000000d2400000, 0x00000000d2400000, 0x00000000d2500000|  0%| F|  |TAMS 0x00000000d2400000, 0x00000000d2400000| Untracked 
| 293|0x00000000d2500000, 0x00000000d2500000, 0x00000000d2600000|  0%| F|  |TAMS 0x00000000d2500000, 0x00000000d2500000| Untracked 
| 294|0x00000000d2600000, 0x00000000d2600000, 0x00000000d2700000|  0%| F|  |TAMS 0x00000000d2600000, 0x00000000d2600000| Untracked 
| 295|0x00000000d2700000, 0x00000000d2700000, 0x00000000d2800000|  0%| F|  |TAMS 0x00000000d2700000, 0x00000000d2700000| Untracked 
| 296|0x00000000d2800000, 0x00000000d2800000, 0x00000000d2900000|  0%| F|  |TAMS 0x00000000d2800000, 0x00000000d2800000| Untracked 
| 297|0x00000000d2900000, 0x00000000d2900000, 0x00000000d2a00000|  0%| F|  |TAMS 0x00000000d2900000, 0x00000000d2900000| Untracked 
| 298|0x00000000d2a00000, 0x00000000d2a00000, 0x00000000d2b00000|  0%| F|  |TAMS 0x00000000d2a00000, 0x00000000d2a00000| Untracked 
| 299|0x00000000d2b00000, 0x00000000d2b00000, 0x00000000d2c00000|  0%| F|  |TAMS 0x00000000d2b00000, 0x00000000d2b00000| Untracked 
| 300|0x00000000d2c00000, 0x00000000d2c00000, 0x00000000d2d00000|  0%| F|  |TAMS 0x00000000d2c00000, 0x00000000d2c00000| Untracked 
| 301|0x00000000d2d00000, 0x00000000d2d00000, 0x00000000d2e00000|  0%| F|  |TAMS 0x00000000d2d00000, 0x00000000d2d00000| Untracked 
| 302|0x00000000d2e00000, 0x00000000d2e00000, 0x00000000d2f00000|  0%| F|  |TAMS 0x00000000d2e00000, 0x00000000d2e00000| Untracked 
| 303|0x00000000d2f00000, 0x00000000d2f3e060, 0x00000000d3000000| 24%| E|  |TAMS 0x00000000d2f00000, 0x00000000d2f00000| Complete 

Card table byte_map: [0x0000023f572a0000,0x0000023f574a0000] _byte_map_base: 0x0000023f56ca0000

Marking Bits (Prev, Next): (CMBitMap*) 0x0000023f51344b00, (CMBitMap*) 0x0000023f51344ac0
 Prev Bits: [0x0000023f586a0000, 0x0000023f596a0000)
 Next Bits: [0x0000023f576a0000, 0x0000023f586a0000)

Polling page: 0x0000023f4f2d0000

Metaspace:

Usage:
  Non-class:     62.74 MB used.
      Class:      9.93 MB used.
       Both:     72.68 MB used.

Virtual space:
  Non-class space:       64.00 MB reserved,      63.25 MB ( 99%) committed,  1 nodes.
      Class space:        1.00 GB reserved,      10.31 MB (  1%) committed,  1 nodes.
             Both:        1.06 GB reserved,      73.56 MB (  7%) committed. 

Chunk freelists:
   Non-Class:  993.00 KB
       Class:  5.66 MB
        Both:  6.63 MB

MaxMetaspaceSize: unlimited
CompressedClassSpaceSize: 1.00 GB
Initial GC threshold: 21.00 MB
Current GC threshold: 122.62 MB
CDS: off
MetaspaceReclaimPolicy: balanced
 - commit_granule_bytes: 65536.
 - commit_granule_words: 8192.
 - virtual_space_node_default_size: 8388608.
 - enlarge_chunks_in_place: 1.
 - new_chunks_are_fully_committed: 0.
 - uncommit_free_chunks: 1.
 - use_allocation_guard: 0.
 - handle_deallocations: 1.


Internal statistics:

num_allocs_failed_limit: 6.
num_arena_births: 758.
num_arena_deaths: 252.
num_vsnodes_births: 2.
num_vsnodes_deaths: 0.
num_space_committed: 1177.
num_space_uncommitted: 0.
num_chunks_returned_to_freelist: 310.
num_chunks_taken_from_freelist: 3344.
num_chunk_merges: 109.
num_chunk_splits: 2277.
num_chunks_enlarged: 1616.
num_inconsistent_stats: 0.

CodeCache: size=49152Kb used=22011Kb max_used=22904Kb free=27140Kb
 bounds [0x0000023f53f90000, 0x0000023f555f0000, 0x0000023f56f90000]
 total_blobs=12799 nmethods=12107 adapters=618
 compilation: enabled
              stopped_count=0, restarted_count=0
 full_count=0

Compilation events (20 events):
Event: 224.608 Thread 0x0000023f5c1524d0 12324       1       java.util.concurrent.TimeUnit::toNanos (45 bytes)
Event: 224.608 Thread 0x0000023f5c1524d0 nmethod 12324 0x0000023f5527fc10 code [0x0000023f5527fdc0, 0x0000023f5527ff58]
Event: 254.607 Thread 0x0000023f5c1524d0 12325       1       java.util.concurrent.ThreadPoolExecutor::isShutdown (12 bytes)
Event: 254.607 Thread 0x0000023f5c1524d0 nmethod 12325 0x0000023f5527f910 code [0x0000023f5527faa0, 0x0000023f5527fb98]
Event: 268.555 Thread 0x0000023f5c1524d0 12326       1       java.util.concurrent.ScheduledThreadPoolExecutor::canRunInCurrentRunState (61 bytes)
Event: 268.556 Thread 0x0000023f5c1524d0 nmethod 12326 0x0000023f5527f310 code [0x0000023f5527f4e0, 0x0000023f5527f7b8]
Event: 360.939 Thread 0x0000023f5c1524d0 12327       1       java.lang.ProcessImpl::needsEscaping (169 bytes)
Event: 360.943 Thread 0x0000023f5c1524d0 nmethod 12327 0x0000023f5527e590 code [0x0000023f5527e7e0, 0x0000023f5527eee8]
Event: 360.943 Thread 0x0000023f5c1524d0 12328       1       java.lang.ProcessImpl::unQuote (40 bytes)
Event: 360.944 Thread 0x0000023f5c1524d0 nmethod 12328 0x0000023f5527e090 code [0x0000023f5527e240, 0x0000023f5527e408]
Event: 392.132 Thread 0x0000023f5c1524d0 12329       1       java.util.concurrent.ThreadPoolExecutor::getQueue (5 bytes)
Event: 392.136 Thread 0x0000023f5c1524d0 nmethod 12329 0x0000023f5527dd90 code [0x0000023f5527df20, 0x0000023f5527dff8]
Event: 394.726 Thread 0x0000023f5c1524d0 12330       1       java.util.concurrent.ScheduledThreadPoolExecutor$DelayedWorkQueue::setIndex (16 bytes)
Event: 394.950 Thread 0x0000023f5c1524d0 nmethod 12330 0x0000023f5527da10 code [0x0000023f5527dba0, 0x0000023f5527dcb8]
Event: 412.627 Thread 0x0000023f5c1524d0 12331       1       java.util.concurrent.ScheduledThreadPoolExecutor$ScheduledFutureTask::getDelay (16 bytes)
Event: 412.632 Thread 0x0000023f5c1524d0 nmethod 12331 0x0000023f5527d690 code [0x0000023f5527d820, 0x0000023f5527d948]
Event: 524.612 Thread 0x0000023f5c1524d0 12332       1       java.util.concurrent.locks.AbstractQueuedSynchronizer$ConditionObject::unlinkCancelledWaiters (91 bytes)
Event: 524.620 Thread 0x0000023f5c1524d0 nmethod 12332 0x0000023f5527d110 code [0x0000023f5527d2c0, 0x0000023f5527d558]
Event: 684.601 Thread 0x0000023f5c1524d0 12333       1       java.util.concurrent.locks.LockSupport::parkNanos (29 bytes)
Event: 684.621 Thread 0x0000023f5c1524d0 nmethod 12333 0x0000023f5527cd10 code [0x0000023f5527cec0, 0x0000023f5527d0a8]

GC Heap History (20 events):
Event: 680.303 GC heap before
{Heap before GC invocations=138 (full 56):
 garbage-first heap   total 311296K, used 92074K [0x00000000c0000000, 0x0000000100000000)
  region size 1024K, 1 young (1024K), 0 survivors (0K)
 Metaspace       used 74422K, committed 75328K, reserved 1114112K
  class space    used 10171K, committed 10560K, reserved 1048576K
}
Event: 680.358 GC heap after
{Heap after GC invocations=139 (full 57):
 garbage-first heap   total 311296K, used 92074K [0x00000000c0000000, 0x0000000100000000)
  region size 1024K, 0 young (0K), 0 survivors (0K)
 Metaspace       used 74422K, committed 75328K, reserved 1114112K
  class space    used 10171K, committed 10560K, reserved 1048576K
}
Event: 690.585 GC heap before
{Heap before GC invocations=139 (full 57):
 garbage-first heap   total 311296K, used 92074K [0x00000000c0000000, 0x0000000100000000)
  region size 1024K, 1 young (1024K), 0 survivors (0K)
 Metaspace       used 74422K, committed 75328K, reserved 1114112K
  class space    used 10171K, committed 10560K, reserved 1048576K
}
Event: 690.630 GC heap after
{Heap after GC invocations=140 (full 58):
 garbage-first heap   total 311296K, used 92074K [0x00000000c0000000, 0x0000000100000000)
  region size 1024K, 0 young (0K), 0 survivors (0K)
 Metaspace       used 74422K, committed 75328K, reserved 1114112K
  class space    used 10171K, committed 10560K, reserved 1048576K
}
Event: 700.840 GC heap before
{Heap before GC invocations=140 (full 58):
 garbage-first heap   total 311296K, used 92074K [0x00000000c0000000, 0x0000000100000000)
  region size 1024K, 1 young (1024K), 0 survivors (0K)
 Metaspace       used 74422K, committed 75328K, reserved 1114112K
  class space    used 10171K, committed 10560K, reserved 1048576K
}
Event: 700.891 GC heap after
{Heap after GC invocations=141 (full 59):
 garbage-first heap   total 311296K, used 92074K [0x00000000c0000000, 0x0000000100000000)
  region size 1024K, 0 young (0K), 0 survivors (0K)
 Metaspace       used 74422K, committed 75328K, reserved 1114112K
  class space    used 10171K, committed 10560K, reserved 1048576K
}
Event: 711.097 GC heap before
{Heap before GC invocations=141 (full 59):
 garbage-first heap   total 311296K, used 92074K [0x00000000c0000000, 0x0000000100000000)
  region size 1024K, 1 young (1024K), 0 survivors (0K)
 Metaspace       used 74422K, committed 75328K, reserved 1114112K
  class space    used 10171K, committed 10560K, reserved 1048576K
}
Event: 711.144 GC heap after
{Heap after GC invocations=142 (full 60):
 garbage-first heap   total 311296K, used 92074K [0x00000000c0000000, 0x0000000100000000)
  region size 1024K, 0 young (0K), 0 survivors (0K)
 Metaspace       used 74422K, committed 75328K, reserved 1114112K
  class space    used 10171K, committed 10560K, reserved 1048576K
}
Event: 721.388 GC heap before
{Heap before GC invocations=142 (full 60):
 garbage-first heap   total 311296K, used 92074K [0x00000000c0000000, 0x0000000100000000)
  region size 1024K, 1 young (1024K), 0 survivors (0K)
 Metaspace       used 74422K, committed 75328K, reserved 1114112K
  class space    used 10171K, committed 10560K, reserved 1048576K
}
Event: 721.462 GC heap after
{Heap after GC invocations=143 (full 61):
 garbage-first heap   total 311296K, used 92074K [0x00000000c0000000, 0x0000000100000000)
  region size 1024K, 0 young (0K), 0 survivors (0K)
 Metaspace       used 74422K, committed 75328K, reserved 1114112K
  class space    used 10171K, committed 10560K, reserved 1048576K
}
Event: 731.663 GC heap before
{Heap before GC invocations=143 (full 61):
 garbage-first heap   total 311296K, used 92074K [0x00000000c0000000, 0x0000000100000000)
  region size 1024K, 1 young (1024K), 0 survivors (0K)
 Metaspace       used 74422K, committed 75328K, reserved 1114112K
  class space    used 10171K, committed 10560K, reserved 1048576K
}
Event: 731.721 GC heap after
{Heap after GC invocations=144 (full 62):
 garbage-first heap   total 311296K, used 92074K [0x00000000c0000000, 0x0000000100000000)
  region size 1024K, 0 young (0K), 0 survivors (0K)
 Metaspace       used 74422K, committed 75328K, reserved 1114112K
  class space    used 10171K, committed 10560K, reserved 1048576K
}
Event: 741.905 GC heap before
{Heap before GC invocations=144 (full 62):
 garbage-first heap   total 311296K, used 92074K [0x00000000c0000000, 0x0000000100000000)
  region size 1024K, 1 young (1024K), 0 survivors (0K)
 Metaspace       used 74422K, committed 75328K, reserved 1114112K
  class space    used 10171K, committed 10560K, reserved 1048576K
}
Event: 741.978 GC heap after
{Heap after GC invocations=145 (full 63):
 garbage-first heap   total 311296K, used 92074K [0x00000000c0000000, 0x0000000100000000)
  region size 1024K, 0 young (0K), 0 survivors (0K)
 Metaspace       used 74422K, committed 75328K, reserved 1114112K
  class space    used 10171K, committed 10560K, reserved 1048576K
}
Event: 752.543 GC heap before
{Heap before GC invocations=145 (full 63):
 garbage-first heap   total 311296K, used 92074K [0x00000000c0000000, 0x0000000100000000)
  region size 1024K, 1 young (1024K), 0 survivors (0K)
 Metaspace       used 74422K, committed 75328K, reserved 1114112K
  class space    used 10171K, committed 10560K, reserved 1048576K
}
Event: 752.630 GC heap after
{Heap after GC invocations=146 (full 64):
 garbage-first heap   total 311296K, used 92074K [0x00000000c0000000, 0x0000000100000000)
  region size 1024K, 0 young (0K), 0 survivors (0K)
 Metaspace       used 74422K, committed 75328K, reserved 1114112K
  class space    used 10171K, committed 10560K, reserved 1048576K
}
Event: 762.871 GC heap before
{Heap before GC invocations=146 (full 64):
 garbage-first heap   total 311296K, used 92074K [0x00000000c0000000, 0x0000000100000000)
  region size 1024K, 1 young (1024K), 0 survivors (0K)
 Metaspace       used 74422K, committed 75328K, reserved 1114112K
  class space    used 10171K, committed 10560K, reserved 1048576K
}
Event: 762.937 GC heap after
{Heap after GC invocations=147 (full 65):
 garbage-first heap   total 311296K, used 92074K [0x00000000c0000000, 0x0000000100000000)
  region size 1024K, 0 young (0K), 0 survivors (0K)
 Metaspace       used 74422K, committed 75328K, reserved 1114112K
  class space    used 10171K, committed 10560K, reserved 1048576K
}
Event: 773.263 GC heap before
{Heap before GC invocations=147 (full 65):
 garbage-first heap   total 311296K, used 92074K [0x00000000c0000000, 0x0000000100000000)
  region size 1024K, 1 young (1024K), 0 survivors (0K)
 Metaspace       used 74422K, committed 75328K, reserved 1114112K
  class space    used 10171K, committed 10560K, reserved 1048576K
}
Event: 773.354 GC heap after
{Heap after GC invocations=148 (full 66):
 garbage-first heap   total 311296K, used 92074K [0x00000000c0000000, 0x0000000100000000)
  region size 1024K, 0 young (0K), 0 survivors (0K)
 Metaspace       used 74422K, committed 75328K, reserved 1114112K
  class space    used 10171K, committed 10560K, reserved 1048576K
}

Dll operation events (10 events):
Event: 0.067 Loaded shared library c:\Users\wilme\.vscode\extensions\redhat.java-1.21.0-win32-x64\jre\17.0.7-win32-x86_64\bin\java.dll
Event: 0.636 Loaded shared library C:\Users\wilme\.vscode\extensions\redhat.java-1.21.0-win32-x64\jre\17.0.7-win32-x86_64\bin\net.dll
Event: 0.670 Loaded shared library C:\Users\wilme\.vscode\extensions\redhat.java-1.21.0-win32-x64\jre\17.0.7-win32-x86_64\bin\nio.dll
Event: 0.684 Loaded shared library C:\Users\wilme\.vscode\extensions\redhat.java-1.21.0-win32-x64\jre\17.0.7-win32-x86_64\bin\zip.dll
Event: 1.343 Loaded shared library C:\Users\wilme\.vscode\extensions\redhat.java-1.21.0-win32-x64\jre\17.0.7-win32-x86_64\bin\jimage.dll
Event: 4.677 Loaded shared library C:\Users\wilme\.vscode\extensions\redhat.java-1.21.0-win32-x64\jre\17.0.7-win32-x86_64\bin\management.dll
Event: 4.682 Loaded shared library C:\Users\wilme\.vscode\extensions\redhat.java-1.21.0-win32-x64\jre\17.0.7-win32-x86_64\bin\management_ext.dll
Event: 6.177 Loaded shared library C:\Users\wilme\.vscode\extensions\redhat.java-1.21.0-win32-x64\jre\17.0.7-win32-x86_64\bin\sunmscapi.dll
Event: 9.777 Loaded shared library C:\Users\wilme\AppData\Local\Temp\snappy-1.1.10-33c9045c-eb08-410c-a46a-ea2b949997ec-snappyjava.dll
Event: 22.533 Loaded shared library c:\Users\wilme\.vscode\extensions\redhat.java-1.21.0-win32-x64\jre\17.0.7-win32-x86_64\bin\verify.dll

Deoptimization events (20 events):
Event: 23.379 Thread 0x0000023f61c07080 DEOPT PACKING pc=0x0000023f5506c174 sp=0x000000ae541fe060
Event: 23.379 Thread 0x0000023f61c07080 DEOPT UNPACKING pc=0x0000023f53feace3 sp=0x000000ae541fd538 mode 0
Event: 23.379 Thread 0x0000023f61c07080 DEOPT PACKING pc=0x0000023f5506d1a4 sp=0x000000ae541fe110
Event: 23.379 Thread 0x0000023f61c07080 DEOPT UNPACKING pc=0x0000023f53feace3 sp=0x000000ae541fd690 mode 0
Event: 23.379 Thread 0x0000023f61c07080 DEOPT PACKING pc=0x0000023f550dedac sp=0x000000ae541fe430
Event: 23.379 Thread 0x0000023f61c07080 DEOPT UNPACKING pc=0x0000023f53feace3 sp=0x000000ae541fd8c0 mode 0
Event: 28.496 Thread 0x0000023f61c04ed0 DEOPT PACKING pc=0x0000023f552dbb6c sp=0x000000ae547fdab0
Event: 28.496 Thread 0x0000023f61c04ed0 DEOPT UNPACKING pc=0x0000023f53feace3 sp=0x000000ae547fd000 mode 0
Event: 28.517 Thread 0x0000023f61c04ed0 DEOPT PACKING pc=0x0000023f552dbb6c sp=0x000000ae547fdde0
Event: 28.517 Thread 0x0000023f61c04ed0 DEOPT UNPACKING pc=0x0000023f53feace3 sp=0x000000ae547fd330 mode 0
Event: 28.517 Thread 0x0000023f61c04ed0 DEOPT PACKING pc=0x0000023f552dbb6c sp=0x000000ae547fe0c0
Event: 28.517 Thread 0x0000023f61c04ed0 DEOPT UNPACKING pc=0x0000023f53feace3 sp=0x000000ae547fd610 mode 0
Event: 28.545 Thread 0x0000023f61c04ed0 DEOPT PACKING pc=0x0000023f552ee8fc sp=0x000000ae547fc1d0
Event: 28.545 Thread 0x0000023f61c04ed0 DEOPT UNPACKING pc=0x0000023f53feace3 sp=0x000000ae547fb768 mode 0
Event: 28.580 Thread 0x0000023f61c04ed0 DEOPT PACKING pc=0x0000023f553aafd4 sp=0x000000ae547fcb20
Event: 28.580 Thread 0x0000023f61c04ed0 DEOPT UNPACKING pc=0x0000023f53feace3 sp=0x000000ae547fc168 mode 1
Event: 31.128 Thread 0x0000023f61c04ed0 DEOPT PACKING pc=0x0000023f5451608c sp=0x000000ae547fd940
Event: 31.128 Thread 0x0000023f61c04ed0 DEOPT UNPACKING pc=0x0000023f53feace3 sp=0x000000ae547fcdd0 mode 0
Event: 121.981 Thread 0x0000023f61bd92c0 DEOPT PACKING pc=0x0000023f54608254 sp=0x000000ae53bff2e0
Event: 121.982 Thread 0x0000023f61bd92c0 DEOPT UNPACKING pc=0x0000023f53feace3 sp=0x000000ae53bfe768 mode 0

Classes unloaded (20 events):
Event: 268.736 Thread 0x0000023f5c109210 Unloading class 0x0000000100089400 'java/lang/invoke/LambdaForm$MH+0x0000000100089400'
Event: 268.736 Thread 0x0000023f5c109210 Unloading class 0x0000000100088c00 'java/lang/invoke/LambdaForm$MH+0x0000000100088c00'
Event: 278.944 Thread 0x0000023f5c109210 Unloading class 0x0000000100a35c00 'java/lang/invoke/LambdaForm$MH+0x0000000100a35c00'
Event: 278.944 Thread 0x0000023f5c109210 Unloading class 0x0000000100a35800 'java/lang/invoke/LambdaForm$MH+0x0000000100a35800'
Event: 278.944 Thread 0x0000023f5c109210 Unloading class 0x0000000100a35400 'java/lang/invoke/LambdaForm$MH+0x0000000100a35400'
Event: 278.944 Thread 0x0000023f5c109210 Unloading class 0x0000000100a35000 'java/lang/invoke/LambdaForm$MH+0x0000000100a35000'
Event: 278.944 Thread 0x0000023f5c109210 Unloading class 0x0000000100a34c00 'java/lang/invoke/LambdaForm$MH+0x0000000100a34c00'
Event: 278.944 Thread 0x0000023f5c109210 Unloading class 0x0000000100a34800 'java/lang/invoke/LambdaForm$MH+0x0000000100a34800'
Event: 278.944 Thread 0x0000023f5c109210 Unloading class 0x0000000100a34400 'java/lang/invoke/LambdaForm$MH+0x0000000100a34400'
Event: 278.944 Thread 0x0000023f5c109210 Unloading class 0x0000000100a34000 'java/lang/invoke/LambdaForm$MH+0x0000000100a34000'
Event: 278.944 Thread 0x0000023f5c109210 Unloading class 0x0000000100428400 'java/lang/invoke/LambdaForm$MH+0x0000000100428400'
Event: 278.944 Thread 0x0000023f5c109210 Unloading class 0x00000001003a1400 'java/lang/invoke/LambdaForm$MH+0x00000001003a1400'
Event: 278.944 Thread 0x0000023f5c109210 Unloading class 0x00000001003a1000 'java/lang/invoke/LambdaForm$MH+0x00000001003a1000'
Event: 278.944 Thread 0x0000023f5c109210 Unloading class 0x000000010008b800 'java/lang/invoke/LambdaForm$MH+0x000000010008b800'
Event: 278.944 Thread 0x0000023f5c109210 Unloading class 0x000000010008b400 'java/lang/invoke/LambdaForm$MH+0x000000010008b400'
Event: 278.944 Thread 0x0000023f5c109210 Unloading class 0x000000010008b000 'java/lang/invoke/LambdaForm$MH+0x000000010008b000'
Event: 278.944 Thread 0x0000023f5c109210 Unloading class 0x000000010008ac00 'java/lang/invoke/LambdaForm$MH+0x000000010008ac00'
Event: 278.944 Thread 0x0000023f5c109210 Unloading class 0x000000010008a800 'java/lang/invoke/LambdaForm$MH+0x000000010008a800'
Event: 278.944 Thread 0x0000023f5c109210 Unloading class 0x000000010008a400 'java/lang/invoke/LambdaForm$MH+0x000000010008a400'
Event: 278.944 Thread 0x0000023f5c109210 Unloading class 0x0000000100088400 'java/lang/invoke/LambdaForm$MH+0x0000000100088400'

Classes redefined (0 events):
No events

Internal exceptions (20 events):
Event: 37.441 Thread 0x0000023f61c04ed0 Exception <a 'sun/nio/fs/WindowsException'{0x00000000ecb2d428}> (0x00000000ecb2d428) 
thrown [s\src\hotspot\share\prims\jni.cpp, line 516]
Event: 37.441 Thread 0x0000023f61c04ed0 Exception <a 'sun/nio/fs/WindowsException'{0x00000000ecb2d720}> (0x00000000ecb2d720) 
thrown [s\src\hotspot\share\prims\jni.cpp, line 516]
Event: 37.448 Thread 0x0000023f61c04ed0 Exception <a 'sun/nio/fs/WindowsException'{0x00000000ec9b5c78}> (0x00000000ec9b5c78) 
thrown [s\src\hotspot\share\prims\jni.cpp, line 516]
Event: 37.448 Thread 0x0000023f61c04ed0 Exception <a 'sun/nio/fs/WindowsException'{0x00000000ec9b5f48}> (0x00000000ec9b5f48) 
thrown [s\src\hotspot\share\prims\jni.cpp, line 516]
Event: 37.448 Thread 0x0000023f61c04ed0 Exception <a 'sun/nio/fs/WindowsException'{0x00000000ec9b7610}> (0x00000000ec9b7610) 
thrown [s\src\hotspot\share\prims\jni.cpp, line 516]
Event: 37.449 Thread 0x0000023f61c04ed0 Exception <a 'sun/nio/fs/WindowsException'{0x00000000ec9b7908}> (0x00000000ec9b7908) 
thrown [s\src\hotspot\share\prims\jni.cpp, line 516]
Event: 37.561 Thread 0x0000023f61c04ed0 Exception <a 'sun/nio/fs/WindowsException'{0x00000000e9c30158}> (0x00000000e9c30158) 
thrown [s\src\hotspot\share\prims\jni.cpp, line 516]
Event: 37.561 Thread 0x0000023f61c04ed0 Exception <a 'sun/nio/fs/WindowsException'{0x00000000e9c30458}> (0x00000000e9c30458) 
thrown [s\src\hotspot\share\prims\jni.cpp, line 516]
Event: 37.561 Thread 0x0000023f61c04ed0 Exception <a 'sun/nio/fs/WindowsException'{0x00000000e9c31df8}> (0x00000000e9c31df8) 
thrown [s\src\hotspot\share\prims\jni.cpp, line 516]
Event: 37.561 Thread 0x0000023f61c04ed0 Exception <a 'sun/nio/fs/WindowsException'{0x00000000e9c32120}> (0x00000000e9c32120) 
thrown [s\src\hotspot\share\prims\jni.cpp, line 516]
Event: 37.562 Thread 0x0000023f61c04ed0 Exception <a 'sun/nio/fs/WindowsException'{0x00000000e9c6cd30}> (0x00000000e9c6cd30) 
thrown [s\src\hotspot\share\prims\jni.cpp, line 516]
Event: 37.562 Thread 0x0000023f61c04ed0 Exception <a 'sun/nio/fs/WindowsException'{0x00000000e9c6d048}> (0x00000000e9c6d048) 
thrown [s\src\hotspot\share\prims\jni.cpp, line 516]
Event: 37.562 Thread 0x0000023f61c04ed0 Exception <a 'sun/nio/fs/WindowsException'{0x00000000e9c6e9f8}> (0x00000000e9c6e9f8) 
thrown [s\src\hotspot\share\prims\jni.cpp, line 516]
Event: 37.563 Thread 0x0000023f61c04ed0 Exception <a 'sun/nio/fs/WindowsException'{0x00000000e9c6ed28}> (0x00000000e9c6ed28) 
thrown [s\src\hotspot\share\prims\jni.cpp, line 516]
Event: 37.564 Thread 0x0000023f61c04ed0 Exception <a 'sun/nio/fs/WindowsException'{0x00000000e9cbcce0}> (0x00000000e9cbcce0) 
thrown [s\src\hotspot\share\prims\jni.cpp, line 516]
Event: 37.564 Thread 0x0000023f61c04ed0 Exception <a 'sun/nio/fs/WindowsException'{0x00000000e9cbcf98}> (0x00000000e9cbcf98) 
thrown [s\src\hotspot\share\prims\jni.cpp, line 516]
Event: 37.564 Thread 0x0000023f61c04ed0 Exception <a 'sun/nio/fs/WindowsException'{0x00000000e9cbe8e8}> (0x00000000e9cbe8e8) 
thrown [s\src\hotspot\share\prims\jni.cpp, line 516]
Event: 37.564 Thread 0x0000023f61c04ed0 Exception <a 'sun/nio/fs/WindowsException'{0x00000000e9cbebb8}> (0x00000000e9cbebb8) 
thrown [s\src\hotspot\share\prims\jni.cpp, line 516]
Event: 74.819 Thread 0x0000023f61b67bf0 Exception <a 'java/lang/NoSuchMethodError'{0x00000000f9c70e48}: 'void java.lang.invoke.DirectMethodHandle$Holder.invokeStatic(java.lang.Object, long)'> (0x00000000f9c70e48) 
thrown [s\src\hotspot\share\interpreter\linkResolver.cpp, line 759]
Event: 74.819 Thread 0x0000023f61b67bf0 Exception <a 'java/lang/NoSuchMethodError'{0x00000000f9c761f8}: 'java.lang.Object java.lang.invoke.DirectMethodHandle$Holder.newInvokeSpecial(java.lang.Object, long)'> (0x00000000f9c761f8) 
thrown [s\src\hotspot\share\interpreter\linkResolver.cpp, line 759]

VM Operations (20 events):
Event: 680.358 Executing VM operation: G1CollectFull done
Event: 690.584 Executing VM operation: G1CollectFull
Event: 690.631 Executing VM operation: G1CollectFull done
Event: 700.839 Executing VM operation: G1CollectFull
Event: 700.891 Executing VM operation: G1CollectFull done
Event: 711.097 Executing VM operation: G1CollectFull
Event: 711.145 Executing VM operation: G1CollectFull done
Event: 721.388 Executing VM operation: G1CollectFull
Event: 721.462 Executing VM operation: G1CollectFull done
Event: 731.661 Executing VM operation: G1CollectFull
Event: 731.721 Executing VM operation: G1CollectFull done
Event: 741.904 Executing VM operation: G1CollectFull
Event: 741.978 Executing VM operation: G1CollectFull done
Event: 752.542 Executing VM operation: G1CollectFull
Event: 752.630 Executing VM operation: G1CollectFull done
Event: 762.871 Executing VM operation: G1CollectFull
Event: 762.937 Executing VM operation: G1CollectFull done
Event: 773.262 Executing VM operation: G1CollectFull
Event: 773.355 Executing VM operation: G1CollectFull done
Event: 783.675 Executing VM operation: G1CollectFull

Events (20 events):
Event: 67.382 Thread 0x0000023f61c07550 Thread exited: 0x0000023f61c07550
Event: 68.338 Thread 0x0000023f61d6d1e0 Thread exited: 0x0000023f61d6d1e0
Event: 68.356 Thread 0x0000023f61d6c370 Thread exited: 0x0000023f61d6c370
Event: 74.739 loading class java/lang/ProcessBuilder
Event: 74.740 loading class java/lang/ProcessBuilder done
Event: 74.741 loading class java/lang/ProcessImpl
Event: 74.742 loading class java/lang/ProcessImpl done
Event: 74.819 loading class java/lang/ProcessImpl$2
Event: 74.820 loading class java/lang/ProcessImpl$2 done
Event: 74.820 loading class java/lang/Process$PipeInputStream
Event: 74.820 loading class java/lang/Process$PipeInputStream done
Event: 74.821 loading class jdk/internal/event/ProcessStartEvent
Event: 74.822 loading class jdk/internal/event/ProcessStartEvent done
Event: 78.606 Thread 0x0000023f61d6bea0 Thread exited: 0x0000023f61d6bea0
Event: 83.735 Thread 0x0000023f61c07080 Thread exited: 0x0000023f61c07080
Event: 143.744 Thread 0x0000023f61d689b0 Thread exited: 0x0000023f61d689b0
Event: 203.759 Thread 0x0000023f61d6d6b0 Thread exited: 0x0000023f61d6d6b0
Event: 263.767 Thread 0x0000023f61d6f860 Thread exited: 0x0000023f61d6f860
Event: 323.787 Thread 0x0000023f61d6eec0 Thread exited: 0x0000023f61d6eec0
Event: 383.800 Thread 0x0000023f61d6b030 Thread exited: 0x0000023f61d6b030


Dynamic libraries:
0x00007ff7e0e10000 - 0x00007ff7e0e1e000 	c:\Users\wilme\.vscode\extensions\redhat.java-1.21.0-win32-x64\jre\17.0.7-win32-x86_64\bin\java.exe
0x00007ff8b7750000 - 0x00007ff8b7948000 	C:\windows\SYSTEM32\ntdll.dll
0x00007ff8b6080000 - 0x00007ff8b613f000 	C:\windows\System32\KERNEL32.DLL
0x00007ff8b5170000 - 0x00007ff8b5466000 	C:\windows\System32\KERNELBASE.dll
0x00007ff8b4e30000 - 0x00007ff8b4f30000 	C:\windows\System32\ucrtbase.dll
0x00007ff8ab7f0000 - 0x00007ff8ab809000 	c:\Users\wilme\.vscode\extensions\redhat.java-1.21.0-win32-x64\jre\17.0.7-win32-x86_64\bin\VCRUNTIME140.dll
0x00007ff8ad750000 - 0x00007ff8ad767000 	c:\Users\wilme\.vscode\extensions\redhat.java-1.21.0-win32-x64\jre\17.0.7-win32-x86_64\bin\jli.dll
0x00007ff8b61a0000 - 0x00007ff8b633d000 	C:\windows\System32\USER32.dll
0x00007ff8b4fa0000 - 0x00007ff8b4fc2000 	C:\windows\System32\win32u.dll
0x00007ff8b5c30000 - 0x00007ff8b5c5c000 	C:\windows\System32\GDI32.dll
0x00007ff8b5660000 - 0x00007ff8b5775000 	C:\windows\System32\gdi32full.dll
0x00007ff8967f0000 - 0x00007ff896a8a000 	C:\windows\WinSxS\amd64_microsoft.windows.common-controls_6595b64144ccf1df_6.0.19041.1110_none_60b5254171f9507e\COMCTL32.dll
0x00007ff8b5a40000 - 0x00007ff8b5ade000 	C:\windows\System32\msvcrt.dll
0x00007ff8b5080000 - 0x00007ff8b511d000 	C:\windows\System32\msvcp_win.dll
0x00007ff8b6d20000 - 0x00007ff8b6d50000 	C:\windows\System32\IMM32.DLL
0x00007ff8b1820000 - 0x00007ff8b182c000 	c:\Users\wilme\.vscode\extensions\redhat.java-1.21.0-win32-x64\jre\17.0.7-win32-x86_64\bin\vcruntime140_1.dll
0x00007ff86a4e0000 - 0x00007ff86a571000 	c:\Users\wilme\.vscode\extensions\redhat.java-1.21.0-win32-x64\jre\17.0.7-win32-x86_64\bin\msvcp140.dll
0x00007ff82db00000 - 0x00007ff82e748000 	c:\Users\wilme\.vscode\extensions\redhat.java-1.21.0-win32-x64\jre\17.0.7-win32-x86_64\bin\server\jvm.dll
0x00007ff8b5780000 - 0x00007ff8b582f000 	C:\windows\System32\ADVAPI32.dll
0x00007ff8b5c60000 - 0x00007ff8b5cfc000 	C:\windows\System32\sechost.dll
0x00007ff8b5b00000 - 0x00007ff8b5c26000 	C:\windows\System32\RPCRT4.dll
0x00007ff888cd0000 - 0x00007ff888cd9000 	C:\windows\SYSTEM32\WSOCK32.dll
0x00007ff8b63a0000 - 0x00007ff8b640b000 	C:\windows\System32\WS2_32.dll
0x00007ff8a9020000 - 0x00007ff8a902a000 	C:\windows\SYSTEM32\VERSION.dll
0x00007ff8aa9d0000 - 0x00007ff8aa9f7000 	C:\windows\SYSTEM32\WINMM.dll
0x00007ff8b35f0000 - 0x00007ff8b3602000 	C:\windows\SYSTEM32\kernel.appcore.dll
0x00007ff8ad740000 - 0x00007ff8ad74a000 	c:\Users\wilme\.vscode\extensions\redhat.java-1.21.0-win32-x64\jre\17.0.7-win32-x86_64\bin\jimage.dll
0x00007ff8b32e0000 - 0x00007ff8b34c4000 	C:\windows\SYSTEM32\DBGHELP.DLL
0x00007ff891560000 - 0x00007ff891594000 	C:\windows\SYSTEM32\dbgcore.DLL
0x00007ff8b5470000 - 0x00007ff8b54f2000 	C:\windows\System32\bcryptPrimitives.dll
0x00007ff8a4b10000 - 0x00007ff8a4b35000 	c:\Users\wilme\.vscode\extensions\redhat.java-1.21.0-win32-x64\jre\17.0.7-win32-x86_64\bin\java.dll
0x00007ff8aadf0000 - 0x00007ff8aae08000 	c:\Users\wilme\.vscode\extensions\redhat.java-1.21.0-win32-x64\jre\17.0.7-win32-x86_64\bin\zip.dll
0x00007ff8b6f30000 - 0x00007ff8b7674000 	C:\windows\System32\SHELL32.dll
0x00007ff8b2b40000 - 0x00007ff8b32d3000 	C:\windows\SYSTEM32\windows.storage.dll
0x00007ff8b5d00000 - 0x00007ff8b6054000 	C:\windows\System32\combase.dll
0x00007ff8b46f0000 - 0x00007ff8b471e000 	C:\windows\SYSTEM32\Wldp.dll
0x00007ff8b6650000 - 0x00007ff8b66fd000 	C:\windows\System32\SHCORE.dll
0x00007ff8b6d50000 - 0x00007ff8b6da5000 	C:\windows\System32\shlwapi.dll
0x00007ff8b4d30000 - 0x00007ff8b4d55000 	C:\windows\SYSTEM32\profapi.dll
0x00007ff8a4db0000 - 0x00007ff8a4dc9000 	C:\Users\wilme\.vscode\extensions\redhat.java-1.21.0-win32-x64\jre\17.0.7-win32-x86_64\bin\net.dll
0x00007ff8af1e0000 - 0x00007ff8af2ea000 	C:\windows\SYSTEM32\WINHTTP.dll
0x00007ff8b44d0000 - 0x00007ff8b453a000 	C:\windows\system32\mswsock.dll
0x00007ff8a4a50000 - 0x00007ff8a4a65000 	C:\Users\wilme\.vscode\extensions\redhat.java-1.21.0-win32-x64\jre\17.0.7-win32-x86_64\bin\nio.dll
0x00007ff8b4730000 - 0x00007ff8b4748000 	C:\windows\SYSTEM32\CRYPTSP.dll
0x00007ff8b3da0000 - 0x00007ff8b3dd4000 	C:\windows\system32\rsaenh.dll
0x00007ff8b4e00000 - 0x00007ff8b4e27000 	C:\windows\System32\bcrypt.dll
0x00007ff8b4cb0000 - 0x00007ff8b4cde000 	C:\windows\SYSTEM32\USERENV.dll
0x00007ff8b4660000 - 0x00007ff8b466c000 	C:\windows\SYSTEM32\CRYPTBASE.dll
0x00007ff8b4180000 - 0x00007ff8b41bb000 	C:\windows\SYSTEM32\IPHLPAPI.DLL
0x00007ff8b6070000 - 0x00007ff8b6078000 	C:\windows\System32\NSI.dll
0x00007ff8ab220000 - 0x00007ff8ab237000 	C:\windows\SYSTEM32\dhcpcsvc6.DLL
0x00007ff8abe80000 - 0x00007ff8abe9d000 	C:\windows\SYSTEM32\dhcpcsvc.DLL
0x00007ff8b41c0000 - 0x00007ff8b428a000 	C:\windows\SYSTEM32\DNSAPI.dll
0x00007ff8ab5f0000 - 0x00007ff8ab5f9000 	C:\Users\wilme\.vscode\extensions\redhat.java-1.21.0-win32-x64\jre\17.0.7-win32-x86_64\bin\management.dll
0x00007ff8ab4d0000 - 0x00007ff8ab4db000 	C:\Users\wilme\.vscode\extensions\redhat.java-1.21.0-win32-x64\jre\17.0.7-win32-x86_64\bin\management_ext.dll
0x00007ff8b6640000 - 0x00007ff8b6648000 	C:\windows\System32\PSAPI.DLL
0x00007ff8ab900000 - 0x00007ff8ab90e000 	C:\Users\wilme\.vscode\extensions\redhat.java-1.21.0-win32-x64\jre\17.0.7-win32-x86_64\bin\sunmscapi.dll
0x00007ff8b5500000 - 0x00007ff8b565e000 	C:\windows\System32\CRYPT32.dll
0x00007ff8b48b0000 - 0x00007ff8b48d8000 	C:\windows\SYSTEM32\ncrypt.dll
0x00007ff8b4870000 - 0x00007ff8b48ab000 	C:\windows\SYSTEM32\NTASN1.dll
0x00007ff8ac990000 - 0x00007ff8ac99a000 	C:\Windows\System32\rasadhlp.dll
0x00007ff8a44c0000 - 0x00007ff8a4542000 	C:\windows\System32\fwpuclnt.dll
0x0000000070fc0000 - 0x000000007108d000 	C:\Users\wilme\AppData\Local\Temp\snappy-1.1.10-33c9045c-eb08-410c-a46a-ea2b949997ec-snappyjava.dll
0x00007ff8abc70000 - 0x00007ff8abc80000 	c:\Users\wilme\.vscode\extensions\redhat.java-1.21.0-win32-x64\jre\17.0.7-win32-x86_64\bin\verify.dll

dbghelp: loaded successfully - version: 4.0.5 - missing functions: none
symbol engine: initialized successfully - sym options: 0x614 - pdb path: .;c:\Users\wilme\.vscode\extensions\redhat.java-1.21.0-win32-x64\jre\17.0.7-win32-x86_64\bin;C:\windows\SYSTEM32;C:\windows\WinSxS\amd64_microsoft.windows.common-controls_6595b64144ccf1df_6.0.19041.1110_none_60b5254171f9507e;c:\Users\wilme\.vscode\extensions\redhat.java-1.21.0-win32-x64\jre\17.0.7-win32-x86_64\bin\server;C:\Users\wilme\AppData\Local\Temp

VM Arguments:
jvm_args: -XX:+HeapDumpOnOutOfMemoryError -Xmx1024m -Dsts.lsp.client=vscode -Dsts.log.file=/dev/null -XX:TieredStopAtLevel=1 -Xlog:jni+resolve=off -Dspring.config.location=file:c:\Users\wilme\.vscode\extensions\vmware.vscode-spring-boot-1.48.0\language-server\BOOT-INF\classes\application.properties 
java_command: org.springframework.ide.vscode.boot.app.BootLanguageServerBootApp
java_class_path (initial): c:\Users\wilme\.vscode\extensions\vmware.vscode-spring-boot-1.48.0\language-server\BOOT-INF\classes;c:\Users\wilme\.vscode\extensions\vmware.vscode-spring-boot-1.48.0\language-server\BOOT-INF\lib\annotations-24.0.1.jar;c:\Users\wilme\.vscode\extensions\vmware.vscode-spring-boot-1.48.0\language-server\BOOT-INF\lib\antlr-runtime-3.5.3.jar;c:\Users\wilme\.vscode\extensions\vmware.vscode-spring-boot-1.48.0\language-server\BOOT-INF\lib\antlr4-4.11.1.jar;c:\Users\wilme\.vscode\extensions\vmware.vscode-spring-boot-1.48.0\language-server\BOOT-INF\lib\antlr4-runtime-4.11.1.jar;c:\Users\wilme\.vscode\extensions\vmware.vscode-spring-boot-1.48.0\language-server\BOOT-INF\lib\archunit-1.0.1.jar;c:\Users\wilme\.vscode\extensions\vmware.vscode-spring-boot-1.48.0\language-server\BOOT-INF\lib\asm-9.5.jar;c:\Users\wilme\.vscode\extensions\vmware.vscode-spring-boot-1.48.0\language-server\BOOT-INF\lib\asm-analysis-9.5.jar;c:\Users\wilme\.vscode\extensions\vmware.vscode-spring-boot-1.48.0\language-server\BOOT-INF\lib\asm-tree-9.5.jar;c:\Users\wilme\.vscode\extensions\vmware.vscode-spring-boot-1.48.0\language-server\BOOT-INF\lib\asm-util-9.5.jar;c:\Users\wilme\.vscode\extensions\vmware.vscode-spring-boot-1.48.0\language-server\BOOT-INF\lib\bosh-language-server-1.48.0-SNAPSHOT.jar;c:\Users\wilme\.vscode\extensions\vmware.vscode-spring-boot-1.48.0\language-server\BOOT-INF\lib\caffeine-3.1.6.jar;c:\Users\wilme\.vscode\extensions\vmware.vscode-spring-boot-1.48.0\language-server\BOOT-INF\lib\checker-qual-3.12.0.jar;c:\Users\wilme\.vscode\extensions\vmware.vscode-spring-boot-1.48.0\language-server\BOOT-INF\lib\classgraph-4.8.149.jar;c:\Users\wilme\.vscode\extensions\vmware.vscode-spring-boot-1.48.0\language-server\BOOT-INF\lib\commons-codec-1.15.jar;c:\Users\wilme\.vscode\extensions\vmware.vscode-spring-boot-1.48.0\language-server\BOOT-INF\lib\commons-compress-1.23.0.jar;c:\Users\wilme\.vscode\extensions\vmware.vscode-spring-boot-1.48.0\language-server\BOOT-INF\lib\
Launcher Type: SUN_STANDARD

[Global flags]
     intx CICompilerCount                          = 4                                         {product} {ergonomic}
     uint ConcGCThreads                            = 2                                         {product} {ergonomic}
     uint G1ConcRefinementThreads                  = 8                                         {product} {ergonomic}
   size_t G1HeapRegionSize                         = 1048576                                   {product} {ergonomic}
    uintx GCDrainStackTargetSize                   = 64                                        {product} {ergonomic}
     bool HeapDumpOnOutOfMemoryError               = true                                   {manageable} {command line}
   size_t InitialHeapSize                          = 130023424                                 {product} {ergonomic}
   size_t MarkStackSize                            = 4194304                                   {product} {ergonomic}
   size_t MaxHeapSize                              = 1073741824                                {product} {command line}
   size_t MaxNewSize                               = 643825664                                 {product} {ergonomic}
   size_t MinHeapDeltaBytes                        = 1048576                                   {product} {ergonomic}
   size_t MinHeapSize                              = 8388608                                   {product} {ergonomic}
    uintx NonProfiledCodeHeapSize                  = 0                                      {pd product} {ergonomic}
     bool ProfileInterpreter                       = false                                  {pd product} {command line}
    uintx ProfiledCodeHeapSize                     = 0                                      {pd product} {ergonomic}
   size_t SoftMaxHeapSize                          = 1073741824                             {manageable} {ergonomic}
     intx TieredStopAtLevel                        = 1                                         {product} {command line}
     bool UseCompressedClassPointers               = true                           {product lp64_product} {ergonomic}
     bool UseCompressedOops                        = true                           {product lp64_product} {ergonomic}
     bool UseG1GC                                  = true                                      {product} {ergonomic}
     bool UseLargePagesIndividualAllocation        = false                                  {pd product} {ergonomic}

Logging:
Log output configuration:
 #0: stdout all=warning,jni+resolve=off uptime,level,tags
 #1: stderr all=off uptime,level,tags

Environment Variables:
JAVA_HOME=C:\Program Files\Java\jre1.8.0_321
PATH=C:\Program Files\Common Files\Oracle\Java\javapath;C:\Program Files (x86)\Common Files\Oracle\Java\javapath;C:\windows\system32;C:\windows;C:\windows\System32\Wbem;C:\windows\System32\WindowsPowerShell\v1.0\;C:\windows\System32\OpenSSH\;C:\Program Files\SQL Anywhere 12\bin64;C:\Program Files\SQL Anywhere 12\bin32;C:\Program Files (x86)\Sybase\Shared\PowerBuilder;C:\Program Files (x86)\Sybase\PowerBuilder 12.5;C:\windows\Microsoft.NET\Framework\v4.0.30319;C:\Program Files\Microsoft SQL Server\Client SDK\ODBC\170\Tools\Binn\;C:\Program Files (x86)\Microsoft SQL Server\150\Tools\Binn\;C:\Program Files\Microsoft SQL Server\150\Tools\Binn\;C:\Program Files\Microsoft SQL Server\150\DTS\Binn\;C:\Program Files (x86)\Microsoft SQL Server\150\DTS\Binn\;C:\Program Files\Azure Data Studio\bin;C:\Program Files\nodejs\;C:\Program Files (x86)\dotnet\;C:\Program Files\Git\cmd;C:\Users\wilme\AppData\Local\Microsoft\WindowsApps;C:\Program Files\Azure Data Studio\bin;C:\Users\wilme\AppData\Local\Programs\Microsoft VS Code\bin;C:\Users\wilme\AppData\Roaming\npm;C:\Program Files\Java\jre1.8.0_321\bin;C:\apache-maven-3.8.5\bin;
USERNAME=RCadena
OS=Windows_NT
PROCESSOR_IDENTIFIER=Intel64 Family 6 Model 140 Stepping 1, GenuineIntel
TMP=C:\Users\wilme\AppData\Local\Temp
TEMP=C:\Users\wilme\AppData\Local\Temp



---------------  S Y S T E M  ---------------

OS:
 Windows 10 , 64 bit Build 19041 (10.0.19041.3155)
OS uptime: 1 days 16:20 hours
Hyper-V role detected

CPU: total 8 (initial active 8) (4 cores per cpu, 2 threads per core) family 6 model 140 stepping 1 microcode 0xac, cx8, cmov, fxsr, ht, mmx, 3dnowpref, sse, sse2, sse3, ssse3, sse4.1, sse4.2, popcnt, lzcnt, tsc, tscinvbit, avx, avx2, aes, erms, clmul, bmi1, bmi2, adx, avx512f, avx512dq, avx512cd, avx512bw, avx512vl, sha, fma, vzeroupper, avx512_vpopcntdq, avx512_vpclmulqdq, avx512_vaes, avx512_vnni, clflush, clflushopt, clwb, avx512_vbmi2, avx512_vbmi, hv

Memory: 4k page, system-wide physical 7872M (439M free)
TotalPageFile size 32448M (AvailPageFile size 4M)
current process WorkingSet (physical memory assigned to process): 146M, peak: 1262M
current process commit charge ("private bytes"): 534M, peak: 1293M

vm_info: OpenJDK 64-Bit Server VM (17.0.7+7) for windows-amd64 JRE (17.0.7+7), built on Apr 18 2023 22:10:42 by "temurin" with MS VC++ 16.7 (VS2019)

END.
