#
# There is insufficient memory for the Java Runtime Environment to continue.
# Native memory allocation (malloc) failed to allocate 2097152 bytes for AllocateHeap
# Possible reasons:
#   The system is out of physical RAM or swap space
#   The process is running with CompressedOops enabled, and the Java Heap may be blocking the growth of the native heap
# Possible solutions:
#   Reduce memory load on the system
#   Increase physical memory or swap space
#   Check if swap backing store is full
#   Decrease Java heap size (-Xmx/-Xms)
#   Decrease number of Java threads
#   Decrease Java thread stack sizes (-Xss)
#   Set larger code cache with -XX:ReservedCodeCacheSize=
#   JVM is running with Unscaled Compressed Oops mode in which the Java heap is
#     placed in the first 4GB address space. The Java Heap base address is the
#     maximum limit for the native heap growth. Please use -XX:HeapBaseMinAddress
#     to set the Java Heap base and to place the Java Heap above 4GB virtual address.
# This output file may be truncated or incomplete.
#
#  Out of Memory Error (allocation.cpp:44), pid=24076, tid=8224
#
# JRE version: OpenJDK Runtime Environment Temurin-17.0.8.1+1 (17.0.8.1+1) (build 17.0.8.1+1)
# Java VM: OpenJDK 64-Bit Server VM Temurin-17.0.8.1+1 (17.0.8.1+1, mixed mode, emulated-client, tiered, compressed oops, compressed class ptrs, g1 gc, windows-amd64)
# No core dump will be written. Minidumps are not enabled by default on client versions of Windows
#

---------------  S U M M A R Y ------------

Command Line: -XX:+HeapDumpOnOutOfMemoryError -Xmx1024m -Dsts.lsp.client=vscode -Dsts.log.file=/dev/null -XX:TieredStopAtLevel=1 -Xlog:jni+resolve=off -Dspring.config.location=file:c:\Users\wilme\.vscode\extensions\vmware.vscode-spring-boot-1.49.0\language-server\BOOT-INF\classes\application.properties org.springframework.ide.vscode.boot.app.BootLanguageServerBootApp

Host: 11th Gen Intel(R) Core(TM) i7-1165G7 @ 2.80GHz, 8 cores, 7G,  Windows 10 , 64 bit Build 19041 (10.0.19041.3570)
Time: Wed Oct 25 17:28:20 2023 Hora est. Pacífico, Sudamérica elapsed time: 31473.995611 seconds (0d 8h 44m 33s)

---------------  T H R E A D  ---------------

Current thread (0x0000023c44fbb1d0):  VMThread "VM Thread" [stack: 0x000000ae85300000,0x000000ae85400000] [id=8224]

Stack: [0x000000ae85300000,0x000000ae85400000]
Native frames: (J=compiled Java code, j=interpreted, Vv=VM code, C=native code)
V  [jvm.dll+0x678b0a]
V  [jvm.dll+0x835e84]
V  [jvm.dll+0x83762e]
V  [jvm.dll+0x837c93]
V  [jvm.dll+0x24746f]
V  [jvm.dll+0xa697b]
V  [jvm.dll+0x2f7f41]
V  [jvm.dll+0x2f3b80]
V  [jvm.dll+0x2dc1c7]
V  [jvm.dll+0x31f227]
V  [jvm.dll+0x83c15b]
V  [jvm.dll+0x83ce94]
V  [jvm.dll+0x83d3ac]
V  [jvm.dll+0x83d784]
V  [jvm.dll+0x83d850]
V  [jvm.dll+0x7e64ca]
V  [jvm.dll+0x677955]
C  [ucrtbase.dll+0x21bb2]
C  [KERNEL32.DLL+0x17344]
C  [ntdll.dll+0x526b1]

VM_Operation (0x000000ae86afe990): G1CollectFull, mode: safepoint, requested by thread 0x0000023c4abb4570


---------------  P R O C E S S  ---------------

Threads class SMR info:
_java_thread_list=0x0000023c4abefee0, length=39, elements={
0x0000023c44fd0380, 0x0000023c44fd4f50, 0x0000023c45005130, 0x0000023c45005c00,
0x0000023c450085d0, 0x0000023c4513b4b0, 0x0000023c4513bf20, 0x0000023c45146590,
0x0000023c45361590, 0x0000023c45362590, 0x0000023c4aa051b0, 0x0000023c4abb4570,
0x0000023c4abb4a50, 0x0000023c3a1a4e80, 0x0000023c4ab24870, 0x0000023c4a379890,
0x0000023c45a5f320, 0x0000023c45a5d4c0, 0x0000023c45a5caa0, 0x0000023c45a5cfb0,
0x0000023c45a5e3f0, 0x0000023c45a5f830, 0x0000023c45a5ee10, 0x0000023c45a3f420,
0x0000023c45a40860, 0x0000023c45a3d0b0, 0x0000023c45a3d5c0, 0x0000023c45a3ef10,
0x0000023c45a3fe40, 0x0000023c45a3dad0, 0x0000023c45a3dfe0, 0x0000023c45a3e4f0,
0x0000023c45a3ea00, 0x0000023c45a5c080, 0x0000023c45a5d9d0, 0x0000023c45a5c590,
0x0000023c45a5dee0, 0x0000023c45a5e900, 0x0000023c52d1c250
}

Java Threads: ( => current thread )
  0x0000023c44fd0380 JavaThread "Reference Handler" daemon [_thread_blocked, id=21952, stack(0x000000ae85400000,0x000000ae85500000)]
  0x0000023c44fd4f50 JavaThread "Finalizer" daemon [_thread_blocked, id=24148, stack(0x000000ae85500000,0x000000ae85600000)]
  0x0000023c45005130 JavaThread "Signal Dispatcher" daemon [_thread_blocked, id=11792, stack(0x000000ae85600000,0x000000ae85700000)]
  0x0000023c45005c00 JavaThread "Attach Listener" daemon [_thread_blocked, id=25520, stack(0x000000ae85700000,0x000000ae85800000)]
  0x0000023c450085d0 JavaThread "Service Thread" daemon [_thread_blocked, id=26440, stack(0x000000ae85800000,0x000000ae85900000)]
  0x0000023c4513b4b0 JavaThread "Monitor Deflation Thread" daemon [_thread_blocked, id=1084, stack(0x000000ae85900000,0x000000ae85a00000)]
  0x0000023c4513bf20 JavaThread "C1 CompilerThread0" daemon [_thread_blocked, id=15208, stack(0x000000ae85a00000,0x000000ae85b00000)]
  0x0000023c45146590 JavaThread "Sweeper thread" daemon [_thread_blocked, id=24040, stack(0x000000ae85b00000,0x000000ae85c00000)]
  0x0000023c45361590 JavaThread "Notification Thread" daemon [_thread_blocked, id=25864, stack(0x000000ae85e00000,0x000000ae85f00000)]
  0x0000023c45362590 JavaThread "Common-Cleaner" daemon [_thread_blocked, id=14852, stack(0x000000ae86000000,0x000000ae86100000)]
  0x0000023c4aa051b0 JavaThread "boundedElastic-evictor-1" daemon [_thread_blocked, id=16284, stack(0x000000ae86800000,0x000000ae86900000)]
  0x0000023c4abb4570 JavaThread "pool-11-thread-1" [_thread_blocked, id=16400, stack(0x000000ae86a00000,0x000000ae86b00000)]
  0x0000023c4abb4a50 JavaThread "LanguageServerApp-lifecycle" [_thread_blocked, id=25396, stack(0x000000ae86b00000,0x000000ae86c00000)]
  0x0000023c3a1a4e80 JavaThread "DestroyJavaVM" [_thread_blocked, id=6780, stack(0x000000ae84d00000,0x000000ae84e00000)]
  0x0000023c4ab24870 JavaThread "pool-12-thread-1" [_thread_in_native, id=14904, stack(0x000000ae86c00000,0x000000ae86d00000)]
  0x0000023c4a379890 JavaThread "Simple-Language-Server main thread" daemon [_thread_blocked, id=20672, stack(0x000000ae86d00000,0x000000ae86e00000)]
  0x0000023c45a5f320 JavaThread "pool-7-thread-1" [_thread_blocked, id=8836, stack(0x000000ae87100000,0x000000ae87200000)]
  0x0000023c45a5d4c0 JavaThread "parallel-1" daemon [_thread_blocked, id=9752, stack(0x000000ae87200000,0x000000ae87300000)]
  0x0000023c45a5caa0 JavaThread "pool-5-thread-1" [_thread_blocked, id=15908, stack(0x000000ae87300000,0x000000ae87400000)]
  0x0000023c45a5cfb0 JavaThread "parallel-2" daemon [_thread_blocked, id=18512, stack(0x000000ae87400000,0x000000ae87500000)]
  0x0000023c45a5e3f0 JavaThread "parallel-3" daemon [_thread_blocked, id=24820, stack(0x000000ae87500000,0x000000ae87600000)]
  0x0000023c45a5f830 JavaThread "parallel-4" daemon [_thread_blocked, id=23788, stack(0x000000ae87700000,0x000000ae87800000)]
  0x0000023c45a5ee10 JavaThread "parallel-5" daemon [_thread_blocked, id=13636, stack(0x000000ae87800000,0x000000ae87900000)]
  0x0000023c45a3f420 JavaThread "Reconciler-1" daemon [_thread_blocked, id=20164, stack(0x000000ae88000000,0x000000ae88100000)]
  0x0000023c45a40860 JavaThread "pool-8-thread-1" [_thread_blocked, id=10472, stack(0x000000ae85c00000,0x000000ae85d00000)]
  0x0000023c45a3d0b0 JavaThread "pool-8-thread-2" [_thread_blocked, id=18536, stack(0x000000ae85d00000,0x000000ae85e00000)]
  0x0000023c45a3d5c0 JavaThread "pool-8-thread-3" [_thread_blocked, id=24860, stack(0x000000ae86e00000,0x000000ae86f00000)]
  0x0000023c45a3ef10 JavaThread "pool-8-thread-4" [_thread_blocked, id=5884, stack(0x000000ae86f00000,0x000000ae87000000)]
  0x0000023c45a3fe40 JavaThread "pool-6-thread-1" [_thread_blocked, id=23596, stack(0x000000ae87000000,0x000000ae87100000)]
  0x0000023c45a3dad0 JavaThread "RMI RenewClean-[localhost:62389]" daemon [_thread_blocked, id=26128, stack(0x000000ae87600000,0x000000ae87700000)]
  0x0000023c45a3dfe0 JavaThread "RMI GC Daemon" daemon [_thread_blocked, id=3100, stack(0x000000ae87900000,0x000000ae87a00000)]
  0x0000023c45a3e4f0 JavaThread "RMI Scheduler(0)" daemon [_thread_blocked, id=11620, stack(0x000000ae87a00000,0x000000ae87b00000)]
  0x0000023c45a3ea00 JavaThread "JMX client heartbeat 2" daemon [_thread_blocked, id=2372, stack(0x000000ae88100000,0x000000ae88200000)]
  0x0000023c45a5c080 JavaThread "pool-6-thread-2" [_thread_blocked, id=19536, stack(0x000000ae88200000,0x000000ae88300000)]
  0x0000023c45a5d9d0 JavaThread "pool-6-thread-3" [_thread_blocked, id=23404, stack(0x000000ae88300000,0x000000ae88400000)]
  0x0000023c45a5c590 JavaThread "pool-6-thread-4" [_thread_blocked, id=26208, stack(0x000000ae88400000,0x000000ae88500000)]
  0x0000023c45a5dee0 JavaThread "pool-6-thread-5" [_thread_blocked, id=24260, stack(0x000000ae88500000,0x000000ae88600000)]
  0x0000023c45a5e900 JavaThread "pool-6-thread-6" [_thread_blocked, id=17192, stack(0x000000ae88600000,0x000000ae88700000)]
  0x0000023c52d1c250 JavaThread "pool-6-thread-7" [_thread_blocked, id=21428, stack(0x000000ae88900000,0x000000ae88a00000)]

Other Threads:
=>0x0000023c44fbb1d0 VMThread "VM Thread" [stack: 0x000000ae85300000,0x000000ae85400000] [id=8224]
  0x0000023c3a200740 WatcherThread [stack: 0x000000ae85f00000,0x000000ae86000000] [id=2952]
  0x0000023c3a1e2420 GCTaskThread "GC Thread#0" [stack: 0x000000ae84e00000,0x000000ae84f00000] [id=12656]
  0x0000023c4a004ed0 GCTaskThread "GC Thread#1" [stack: 0x000000ae86100000,0x000000ae86200000] [id=2488]
  0x0000023c4a0690c0 GCTaskThread "GC Thread#2" [stack: 0x000000ae86200000,0x000000ae86300000] [id=21476]
  0x0000023c4a069380 GCTaskThread "GC Thread#3" [stack: 0x000000ae86300000,0x000000ae86400000] [id=18628]
  0x0000023c4a2c52b0 GCTaskThread "GC Thread#4" [stack: 0x000000ae86400000,0x000000ae86500000] [id=26212]
  0x0000023c4a2c5980 GCTaskThread "GC Thread#5" [stack: 0x000000ae86500000,0x000000ae86600000] [id=9224]
  0x0000023c4a2c6860 GCTaskThread "GC Thread#6" [stack: 0x000000ae86600000,0x000000ae86700000] [id=24676]
  0x0000023c4a2cab30 GCTaskThread "GC Thread#7" [stack: 0x000000ae86700000,0x000000ae86800000] [id=11768]
  0x0000023c3a1eb370 ConcurrentGCThread "G1 Main Marker" [stack: 0x000000ae84f00000,0x000000ae85000000] [id=14600]
  0x0000023c3a1ebd80 ConcurrentGCThread "G1 Conc#0" [stack: 0x000000ae85000000,0x000000ae85100000] [id=20152]
  0x0000023c4a447c40 ConcurrentGCThread "G1 Conc#1" [stack: 0x000000ae86900000,0x000000ae86a00000] [id=26000]
  0x0000023c44e20090 ConcurrentGCThread "G1 Refine#0" [stack: 0x000000ae85100000,0x000000ae85200000] [id=21812]
  0x0000023c4ac1c360 ConcurrentGCThread "G1 Refine#1" [stack: 0x000000ae87b00000,0x000000ae87c00000] [id=16984]
  0x0000023c4ac1bd40 ConcurrentGCThread "G1 Refine#2" [stack: 0x000000ae87c00000,0x000000ae87d00000] [id=24964]
  0x0000023c4ad61420 ConcurrentGCThread "G1 Refine#3" [stack: 0x000000ae87d00000,0x000000ae87e00000] [id=20004]
  0x0000023c4ac06d10 ConcurrentGCThread "G1 Refine#4" [stack: 0x000000ae87e00000,0x000000ae87f00000] [id=10160]
  0x0000023c4ac07000 ConcurrentGCThread "G1 Refine#5" [stack: 0x000000ae87f00000,0x000000ae88000000] [id=12160]
  0x0000023c44e20ac0 ConcurrentGCThread "G1 Service" [stack: 0x000000ae85200000,0x000000ae85300000] [id=13960]

Threads with active compile tasks:

VM state: at safepoint (normal execution)

VM Mutex/Monitor currently owned by a thread:  ([mutex/lock_event])
[0x0000023c3809d740] Threads_lock - owner thread: 0x0000023c44fbb1d0
[0x0000023c3a1a08d0] Heap_lock - owner thread: 0x0000023c4abb4570

Heap address: 0x00000000c0000000, size: 1024 MB, Compressed Oops mode: 32-bit

CDS archive(s) not mapped
Compressed class space mapped at: 0x0000000100000000-0x0000000140000000, reserved size: 1073741824
Narrow klass base: 0x0000000000000000, Narrow klass shift: 3, Narrow klass range: 0x140000000

GC Precious Log:
 CPUs: 8 total, 8 available
 Memory: 7872M
 Large Page Support: Disabled
 NUMA Support: Disabled
 Compressed Oops: Enabled (32-bit)
 Heap Region Size: 1M
 Heap Min Capacity: 8M
 Heap Initial Capacity: 124M
 Heap Max Capacity: 1G
 Pre-touch: Disabled
 Parallel Workers: 8
 Concurrent Workers: 2
 Concurrent Refinement Workers: 8
 Periodic GC: Disabled

Heap:
 garbage-first heap   total 98304K, used 32542K [0x00000000c0000000, 0x0000000100000000)
  region size 1024K, 1 young (1024K), 0 survivors (0K)
 Metaspace       used 56686K, committed 57344K, reserved 1114112K
  class space    used 7244K, committed 7488K, reserved 1048576K

Heap Regions: E=young(eden), S=young(survivor), O=old, HS=humongous(starts), HC=humongous(continues), CS=collection set, F=free, OA=open archive, CA=closed archive, TAMS=top-at-mark-start (previous, next)
|   0|0x00000000c0000000, 0x00000000c0100000, 0x00000000c0100000|100%| O|  |TAMS 0x00000000c0100000, 0x00000000c0000000| Untracked 
|   1|0x00000000c0100000, 0x00000000c0200000, 0x00000000c0200000|100%| O|  |TAMS 0x00000000c0200000, 0x00000000c0100000| Untracked 
|   2|0x00000000c0200000, 0x00000000c02fffe0, 0x00000000c0300000| 99%| O|  |TAMS 0x00000000c02fffe0, 0x00000000c0200000| Untracked 
|   3|0x00000000c0300000, 0x00000000c03fffe0, 0x00000000c0400000| 99%| O|  |TAMS 0x00000000c03fffe0, 0x00000000c0300000| Untracked 
|   4|0x00000000c0400000, 0x00000000c0500000, 0x00000000c0500000|100%| O|  |TAMS 0x00000000c0500000, 0x00000000c0400000| Untracked 
|   5|0x00000000c0500000, 0x00000000c0600000, 0x00000000c0600000|100%| O|  |TAMS 0x00000000c0600000, 0x00000000c0500000| Untracked 
|   6|0x00000000c0600000, 0x00000000c06fffb8, 0x00000000c0700000| 99%| O|  |TAMS 0x00000000c06fffb8, 0x00000000c0600000| Untracked 
|   7|0x00000000c0700000, 0x00000000c0800000, 0x00000000c0800000|100%| O|  |TAMS 0x00000000c0800000, 0x00000000c0700000| Untracked 
|   8|0x00000000c0800000, 0x00000000c08fb9d0, 0x00000000c0900000| 98%| O|  |TAMS 0x00000000c08fb9d0, 0x00000000c0800000| Untracked 
|   9|0x00000000c0900000, 0x00000000c09fffe8, 0x00000000c0a00000| 99%| O|  |TAMS 0x00000000c09fffe8, 0x00000000c0900000| Untracked 
|  10|0x00000000c0a00000, 0x00000000c0b00000, 0x00000000c0b00000|100%| O|  |TAMS 0x00000000c0b00000, 0x00000000c0a00000| Untracked 
|  11|0x00000000c0b00000, 0x00000000c0c00000, 0x00000000c0c00000|100%| O|  |TAMS 0x00000000c0c00000, 0x00000000c0b00000| Untracked 
|  12|0x00000000c0c00000, 0x00000000c0cffff8, 0x00000000c0d00000| 99%| O|  |TAMS 0x00000000c0cffff8, 0x00000000c0c00000| Untracked 
|  13|0x00000000c0d00000, 0x00000000c0dfffe8, 0x00000000c0e00000| 99%| O|  |TAMS 0x00000000c0dfffe8, 0x00000000c0d00000| Untracked 
|  14|0x00000000c0e00000, 0x00000000c0effff0, 0x00000000c0f00000| 99%| O|  |TAMS 0x00000000c0effff0, 0x00000000c0e00000| Untracked 
|  15|0x00000000c0f00000, 0x00000000c0ffffc0, 0x00000000c1000000| 99%| O|  |TAMS 0x00000000c0ffffc0, 0x00000000c0f00000| Untracked 
|  16|0x00000000c1000000, 0x00000000c1100000, 0x00000000c1100000|100%| O|  |TAMS 0x00000000c1100000, 0x00000000c1000000| Untracked 
|  17|0x00000000c1100000, 0x00000000c11fffc0, 0x00000000c1200000| 99%| O|  |TAMS 0x00000000c11fffc0, 0x00000000c1100000| Untracked 
|  18|0x00000000c1200000, 0x00000000c12fffa0, 0x00000000c1300000| 99%| O|  |TAMS 0x00000000c12fffa0, 0x00000000c1200000| Untracked 
|  19|0x00000000c1300000, 0x00000000c13f7a90, 0x00000000c1400000| 96%| O|  |TAMS 0x00000000c13f7a90, 0x00000000c1300000| Untracked 
|  20|0x00000000c1400000, 0x00000000c14fffe8, 0x00000000c1500000| 99%| O|  |TAMS 0x00000000c14fffe8, 0x00000000c1400000| Untracked 
|  21|0x00000000c1500000, 0x00000000c15fffe0, 0x00000000c1600000| 99%| O|  |TAMS 0x00000000c15fffe0, 0x00000000c1500000| Untracked 
|  22|0x00000000c1600000, 0x00000000c16f80d8, 0x00000000c1700000| 96%| O|  |TAMS 0x00000000c16f80d8, 0x00000000c1600000| Untracked 
|  23|0x00000000c1700000, 0x00000000c1800000, 0x00000000c1800000|100%|HS|  |TAMS 0x00000000c1800000, 0x00000000c1700000| Untracked 
|  24|0x00000000c1800000, 0x00000000c18fda88, 0x00000000c1900000| 99%| O|  |TAMS 0x00000000c18fda88, 0x00000000c1800000| Untracked 
|  25|0x00000000c1900000, 0x00000000c1a00000, 0x00000000c1a00000|100%| O|  |TAMS 0x00000000c1a00000, 0x00000000c1900000| Untracked 
|  26|0x00000000c1a00000, 0x00000000c1b00000, 0x00000000c1b00000|100%| O|  |TAMS 0x00000000c1b00000, 0x00000000c1a00000| Untracked 
|  27|0x00000000c1b00000, 0x00000000c1bfd5d0, 0x00000000c1c00000| 98%| O|  |TAMS 0x00000000c1bfd5d0, 0x00000000c1b00000| Untracked 
|  28|0x00000000c1c00000, 0x00000000c1d00000, 0x00000000c1d00000|100%| O|  |TAMS 0x00000000c1d00000, 0x00000000c1c00000| Untracked 
|  29|0x00000000c1d00000, 0x00000000c1e00000, 0x00000000c1e00000|100%| O|  |TAMS 0x00000000c1e00000, 0x00000000c1d00000| Untracked 
|  30|0x00000000c1e00000, 0x00000000c1ef7718, 0x00000000c1f00000| 96%| O|  |TAMS 0x00000000c1ef7718, 0x00000000c1e00000| Untracked 
|  31|0x00000000c1f00000, 0x00000000c1fe9158, 0x00000000c2000000| 91%| O|  |TAMS 0x00000000c1f00000, 0x00000000c1f00000| Untracked 
|  32|0x00000000c2000000, 0x00000000c2000cf8, 0x00000000c2100000|  0%| O|  |TAMS 0x00000000c2000000, 0x00000000c2000000| Untracked 
|  33|0x00000000c2100000, 0x00000000c2100000, 0x00000000c2200000|  0%| F|  |TAMS 0x00000000c2100000, 0x00000000c2100000| Untracked 
|  34|0x00000000c2200000, 0x00000000c2200000, 0x00000000c2300000|  0%| F|  |TAMS 0x00000000c2200000, 0x00000000c2200000| Untracked 
|  35|0x00000000c2300000, 0x00000000c2300000, 0x00000000c2400000|  0%| F|  |TAMS 0x00000000c2300000, 0x00000000c2300000| Untracked 
|  36|0x00000000c2400000, 0x00000000c2400000, 0x00000000c2500000|  0%| F|  |TAMS 0x00000000c2400000, 0x00000000c2400000| Untracked 
|  37|0x00000000c2500000, 0x00000000c2500000, 0x00000000c2600000|  0%| F|  |TAMS 0x00000000c2500000, 0x00000000c2500000| Untracked 
|  38|0x00000000c2600000, 0x00000000c2600000, 0x00000000c2700000|  0%| F|  |TAMS 0x00000000c2600000, 0x00000000c2600000| Untracked 
|  39|0x00000000c2700000, 0x00000000c2700000, 0x00000000c2800000|  0%| F|  |TAMS 0x00000000c2700000, 0x00000000c2700000| Untracked 
|  40|0x00000000c2800000, 0x00000000c2800000, 0x00000000c2900000|  0%| F|  |TAMS 0x00000000c2800000, 0x00000000c2800000| Untracked 
|  41|0x00000000c2900000, 0x00000000c2900000, 0x00000000c2a00000|  0%| F|  |TAMS 0x00000000c2900000, 0x00000000c2900000| Untracked 
|  42|0x00000000c2a00000, 0x00000000c2a00000, 0x00000000c2b00000|  0%| F|  |TAMS 0x00000000c2a00000, 0x00000000c2a00000| Untracked 
|  43|0x00000000c2b00000, 0x00000000c2b00000, 0x00000000c2c00000|  0%| F|  |TAMS 0x00000000c2b00000, 0x00000000c2b00000| Untracked 
|  44|0x00000000c2c00000, 0x00000000c2c00000, 0x00000000c2d00000|  0%| F|  |TAMS 0x00000000c2c00000, 0x00000000c2c00000| Untracked 
|  45|0x00000000c2d00000, 0x00000000c2d00000, 0x00000000c2e00000|  0%| F|  |TAMS 0x00000000c2d00000, 0x00000000c2d00000| Untracked 
|  46|0x00000000c2e00000, 0x00000000c2e00000, 0x00000000c2f00000|  0%| F|  |TAMS 0x00000000c2e00000, 0x00000000c2e00000| Untracked 
|  47|0x00000000c2f00000, 0x00000000c2f00000, 0x00000000c3000000|  0%| F|  |TAMS 0x00000000c2f00000, 0x00000000c2f00000| Untracked 
|  48|0x00000000c3000000, 0x00000000c3000000, 0x00000000c3100000|  0%| F|  |TAMS 0x00000000c3000000, 0x00000000c3000000| Untracked 
|  49|0x00000000c3100000, 0x00000000c3100000, 0x00000000c3200000|  0%| F|  |TAMS 0x00000000c3100000, 0x00000000c3100000| Untracked 
|  50|0x00000000c3200000, 0x00000000c3200000, 0x00000000c3300000|  0%| F|  |TAMS 0x00000000c3200000, 0x00000000c3200000| Untracked 
|  51|0x00000000c3300000, 0x00000000c3300000, 0x00000000c3400000|  0%| F|  |TAMS 0x00000000c3300000, 0x00000000c3300000| Untracked 
|  52|0x00000000c3400000, 0x00000000c3400000, 0x00000000c3500000|  0%| F|  |TAMS 0x00000000c3400000, 0x00000000c3400000| Untracked 
|  53|0x00000000c3500000, 0x00000000c3500000, 0x00000000c3600000|  0%| F|  |TAMS 0x00000000c3500000, 0x00000000c3500000| Untracked 
|  54|0x00000000c3600000, 0x00000000c3600000, 0x00000000c3700000|  0%| F|  |TAMS 0x00000000c3600000, 0x00000000c3600000| Untracked 
|  55|0x00000000c3700000, 0x00000000c3700000, 0x00000000c3800000|  0%| F|  |TAMS 0x00000000c3700000, 0x00000000c3700000| Untracked 
|  56|0x00000000c3800000, 0x00000000c3800000, 0x00000000c3900000|  0%| F|  |TAMS 0x00000000c3800000, 0x00000000c3800000| Untracked 
|  57|0x00000000c3900000, 0x00000000c3900000, 0x00000000c3a00000|  0%| F|  |TAMS 0x00000000c3900000, 0x00000000c3900000| Untracked 
|  58|0x00000000c3a00000, 0x00000000c3a00000, 0x00000000c3b00000|  0%| F|  |TAMS 0x00000000c3a00000, 0x00000000c3a00000| Untracked 
|  59|0x00000000c3b00000, 0x00000000c3b00000, 0x00000000c3c00000|  0%| F|  |TAMS 0x00000000c3b00000, 0x00000000c3b00000| Untracked 
|  60|0x00000000c3c00000, 0x00000000c3c00000, 0x00000000c3d00000|  0%| F|  |TAMS 0x00000000c3c00000, 0x00000000c3c00000| Untracked 
|  61|0x00000000c3d00000, 0x00000000c3d00000, 0x00000000c3e00000|  0%| F|  |TAMS 0x00000000c3d00000, 0x00000000c3d00000| Untracked 
|  62|0x00000000c3e00000, 0x00000000c3e00000, 0x00000000c3f00000|  0%| F|  |TAMS 0x00000000c3e00000, 0x00000000c3e00000| Untracked 
|  63|0x00000000c3f00000, 0x00000000c3f00000, 0x00000000c4000000|  0%| F|  |TAMS 0x00000000c3f00000, 0x00000000c3f00000| Untracked 
|  64|0x00000000c4000000, 0x00000000c4000000, 0x00000000c4100000|  0%| F|  |TAMS 0x00000000c4000000, 0x00000000c4000000| Untracked 
|  65|0x00000000c4100000, 0x00000000c4100000, 0x00000000c4200000|  0%| F|  |TAMS 0x00000000c4100000, 0x00000000c4100000| Untracked 
|  66|0x00000000c4200000, 0x00000000c4200000, 0x00000000c4300000|  0%| F|  |TAMS 0x00000000c4200000, 0x00000000c4200000| Untracked 
|  67|0x00000000c4300000, 0x00000000c4300000, 0x00000000c4400000|  0%| F|  |TAMS 0x00000000c4300000, 0x00000000c4300000| Untracked 
|  68|0x00000000c4400000, 0x00000000c4400000, 0x00000000c4500000|  0%| F|  |TAMS 0x00000000c4400000, 0x00000000c4400000| Untracked 
|  69|0x00000000c4500000, 0x00000000c4500000, 0x00000000c4600000|  0%| F|  |TAMS 0x00000000c4500000, 0x00000000c4500000| Untracked 
|  70|0x00000000c4600000, 0x00000000c4600000, 0x00000000c4700000|  0%| F|  |TAMS 0x00000000c4600000, 0x00000000c4600000| Untracked 
|  71|0x00000000c4700000, 0x00000000c4700000, 0x00000000c4800000|  0%| F|  |TAMS 0x00000000c4700000, 0x00000000c4700000| Untracked 
|  72|0x00000000c4800000, 0x00000000c4800000, 0x00000000c4900000|  0%| F|  |TAMS 0x00000000c4800000, 0x00000000c4800000| Untracked 
|  73|0x00000000c4900000, 0x00000000c4900000, 0x00000000c4a00000|  0%| F|  |TAMS 0x00000000c4900000, 0x00000000c4900000| Untracked 
|  74|0x00000000c4a00000, 0x00000000c4a00000, 0x00000000c4b00000|  0%| F|  |TAMS 0x00000000c4a00000, 0x00000000c4a00000| Untracked 
|  75|0x00000000c4b00000, 0x00000000c4b00000, 0x00000000c4c00000|  0%| F|  |TAMS 0x00000000c4b00000, 0x00000000c4b00000| Untracked 
|  76|0x00000000c4c00000, 0x00000000c4c00000, 0x00000000c4d00000|  0%| F|  |TAMS 0x00000000c4c00000, 0x00000000c4c00000| Untracked 
|  77|0x00000000c4d00000, 0x00000000c4d00000, 0x00000000c4e00000|  0%| F|  |TAMS 0x00000000c4d00000, 0x00000000c4d00000| Untracked 
|  78|0x00000000c4e00000, 0x00000000c4e00000, 0x00000000c4f00000|  0%| F|  |TAMS 0x00000000c4e00000, 0x00000000c4e00000| Untracked 
|  79|0x00000000c4f00000, 0x00000000c4f00000, 0x00000000c5000000|  0%| F|  |TAMS 0x00000000c4f00000, 0x00000000c4f00000| Untracked 
|  80|0x00000000c5000000, 0x00000000c5000000, 0x00000000c5100000|  0%| F|  |TAMS 0x00000000c5000000, 0x00000000c5000000| Untracked 
|  81|0x00000000c5100000, 0x00000000c5100000, 0x00000000c5200000|  0%| F|  |TAMS 0x00000000c5100000, 0x00000000c5100000| Untracked 
|  82|0x00000000c5200000, 0x00000000c5200000, 0x00000000c5300000|  0%| F|  |TAMS 0x00000000c5200000, 0x00000000c5200000| Untracked 
|  83|0x00000000c5300000, 0x00000000c5300000, 0x00000000c5400000|  0%| F|  |TAMS 0x00000000c5300000, 0x00000000c5300000| Untracked 
|  84|0x00000000c5400000, 0x00000000c5400000, 0x00000000c5500000|  0%| F|  |TAMS 0x00000000c5400000, 0x00000000c5400000| Untracked 
|  85|0x00000000c5500000, 0x00000000c5500000, 0x00000000c5600000|  0%| F|  |TAMS 0x00000000c5500000, 0x00000000c5500000| Untracked 
|  86|0x00000000c5600000, 0x00000000c5600000, 0x00000000c5700000|  0%| F|  |TAMS 0x00000000c5600000, 0x00000000c5600000| Untracked 
|  87|0x00000000c5700000, 0x00000000c5700000, 0x00000000c5800000|  0%| F|  |TAMS 0x00000000c5700000, 0x00000000c5700000| Untracked 
|  88|0x00000000c5800000, 0x00000000c5800000, 0x00000000c5900000|  0%| F|  |TAMS 0x00000000c5800000, 0x00000000c5800000| Untracked 
|  89|0x00000000c5900000, 0x00000000c5900000, 0x00000000c5a00000|  0%| F|  |TAMS 0x00000000c5900000, 0x00000000c5900000| Untracked 
|  90|0x00000000c5a00000, 0x00000000c5a00000, 0x00000000c5b00000|  0%| F|  |TAMS 0x00000000c5a00000, 0x00000000c5a00000| Untracked 
|  91|0x00000000c5b00000, 0x00000000c5b00000, 0x00000000c5c00000|  0%| F|  |TAMS 0x00000000c5b00000, 0x00000000c5b00000| Untracked 
|  92|0x00000000c5c00000, 0x00000000c5c00000, 0x00000000c5d00000|  0%| F|  |TAMS 0x00000000c5c00000, 0x00000000c5c00000| Untracked 
|  93|0x00000000c5d00000, 0x00000000c5d00000, 0x00000000c5e00000|  0%| F|  |TAMS 0x00000000c5d00000, 0x00000000c5d00000| Untracked 
|  96|0x00000000c6000000, 0x00000000c6000000, 0x00000000c6100000|  0%| F|  |TAMS 0x00000000c6000000, 0x00000000c6000000| Untracked 
| 123|0x00000000c7b00000, 0x00000000c7b4c158, 0x00000000c7c00000| 29%| E|  |TAMS 0x00000000c7b00000, 0x00000000c7b00000| Complete 

Card table byte_map: [0x0000023c40130000,0x0000023c40330000] _byte_map_base: 0x0000023c3fb30000

Marking Bits (Prev, Next): (CMBitMap*) 0x0000023c3a1e2a80, (CMBitMap*) 0x0000023c3a1e2a40
 Prev Bits: [0x0000023c41530000, 0x0000023c42530000)
 Next Bits: [0x0000023c40530000, 0x0000023c41530000)

Polling page: 0x0000023c39960000

Metaspace:

Usage:
  Non-class:     48.28 MB used.
      Class:      7.07 MB used.
       Both:     55.36 MB used.

Virtual space:
  Non-class space:       64.00 MB reserved,      48.69 MB ( 76%) committed,  1 nodes.
      Class space:        1.00 GB reserved,       7.31 MB ( <1%) committed,  1 nodes.
             Both:        1.06 GB reserved,      56.00 MB (  5%) committed. 

Chunk freelists:
   Non-Class:  14.70 MB
       Class:  8.77 MB
        Both:  23.47 MB

MaxMetaspaceSize: unlimited
CompressedClassSpaceSize: 1.00 GB
Initial GC threshold: 21.00 MB
Current GC threshold: 93.38 MB
CDS: off
MetaspaceReclaimPolicy: balanced
 - commit_granule_bytes: 65536.
 - commit_granule_words: 8192.
 - virtual_space_node_default_size: 8388608.
 - enlarge_chunks_in_place: 1.
 - new_chunks_are_fully_committed: 0.
 - uncommit_free_chunks: 1.
 - use_allocation_guard: 0.
 - handle_deallocations: 1.


Internal statistics:

num_allocs_failed_limit: 8.
num_arena_births: 826.
num_arena_deaths: 382.
num_vsnodes_births: 2.
num_vsnodes_deaths: 0.
num_space_committed: 896.
num_space_uncommitted: 0.
num_chunks_returned_to_freelist: 497.
num_chunks_taken_from_freelist: 2690.
num_chunk_merges: 157.
num_chunk_splits: 1719.
num_chunks_enlarged: 1243.
num_inconsistent_stats: 0.

CodeCache: size=49152Kb used=11653Kb max_used=12572Kb free=37498Kb
 bounds [0x0000023c3ce20000, 0x0000023c3da70000, 0x0000023c3fe20000]
 total_blobs=7013 nmethods=6357 adapters=583
 compilation: enabled
              stopped_count=0, restarted_count=0
 full_count=0

Compilation events (20 events):
Event: 30608.042 Thread 0x0000023c4513bf20 6349       1       jdk.internal.reflect.ClassFileAssembler::append (9 bytes)
Event: 30608.045 Thread 0x0000023c4513bf20 nmethod 6349 0x0000023c3d9ebf90 code [0x0000023c3d9ec140, 0x0000023c3d9ec398]
Event: 30908.047 Thread 0x0000023c4513bf20 6350       1       java.lang.ClassValue$Entry::<init> (11 bytes)
Event: 30908.049 Thread 0x0000023c4513bf20 nmethod 6350 0x0000023c3d9ebb90 code [0x0000023c3d9ebd20, 0x0000023c3d9ebf18]
Event: 30908.049 Thread 0x0000023c4513bf20 6351       1       java.lang.ClassValue$ClassValueMap::probeBackupLocations (151 bytes)
Event: 30908.056 Thread 0x0000023c4513bf20 nmethod 6351 0x0000023c3d9eaf10 code [0x0000023c3d9eb100, 0x0000023c3d9eb7c8]
Event: 30908.056 Thread 0x0000023c4513bf20 6352   !   1       java.lang.ClassValue::getFromHashMap (70 bytes)
Event: 30908.056 Thread 0x0000023c4513bf20 nmethod 6352 0x0000023c3d9ea590 code [0x0000023c3d9ea780, 0x0000023c3d9eabd8]
Event: 30908.056 Thread 0x0000023c4513bf20 6353       1       java.lang.ClassValue::getMap (16 bytes)
Event: 30908.056 Thread 0x0000023c4513bf20 nmethod 6353 0x0000023c3d9ea210 code [0x0000023c3d9ea3a0, 0x0000023c3d9ea4a8]
Event: 30908.056 Thread 0x0000023c4513bf20 6354  s    1       java.lang.ClassValue$ClassValueMap::startEntry (106 bytes)
Event: 30908.057 Thread 0x0000023c4513bf20 nmethod 6354 0x0000023c3d9e9690 code [0x0000023c3d9e98c0, 0x0000023c3d9e9ef8]
Event: 30908.057 Thread 0x0000023c4513bf20 6357       1       java.io.ObjectStreamClass::getLocalDesc (9 bytes)
Event: 30908.057 Thread 0x0000023c4513bf20 nmethod 6357 0x0000023c3d9e9290 code [0x0000023c3d9e9420, 0x0000023c3d9e95a8]
Event: 30908.057 Thread 0x0000023c4513bf20 6355       1       java.lang.Class$$Lambda$92/0x00000001000ff3c0::apply (8 bytes)
Event: 30908.058 Thread 0x0000023c4513bf20 nmethod 6355 0x0000023c3d9e8e90 code [0x0000023c3d9e9020, 0x0000023c3d9e9168]
Event: 30908.058 Thread 0x0000023c4513bf20 6356       1       java.lang.Class::lambda$methodToString$0 (15 bytes)
Event: 30908.058 Thread 0x0000023c4513bf20 nmethod 6356 0x0000023c3d9e8b10 code [0x0000023c3d9e8ca0, 0x0000023c3d9e8d88]
Event: 31208.110 Thread 0x0000023c4513bf20 6358       1       sun.rmi.transport.StreamRemoteCall::done (5 bytes)
Event: 31208.110 Thread 0x0000023c4513bf20 nmethod 6358 0x0000023c3d9e8810 code [0x0000023c3d9e89a0, 0x0000023c3d9e8a88]

GC Heap History (20 events):
Event: 31370.838 GC heap before
{Heap before GC invocations=2081 (full 2064):
 garbage-first heap   total 98304K, used 32542K [0x00000000c0000000, 0x0000000100000000)
  region size 1024K, 1 young (1024K), 0 survivors (0K)
 Metaspace       used 56686K, committed 57344K, reserved 1114112K
  class space    used 7244K, committed 7488K, reserved 1048576K
}
Event: 31370.862 GC heap after
{Heap after GC invocations=2082 (full 2065):
 garbage-first heap   total 98304K, used 32542K [0x00000000c0000000, 0x0000000100000000)
  region size 1024K, 0 young (0K), 0 survivors (0K)
 Metaspace       used 56686K, committed 57344K, reserved 1114112K
  class space    used 7244K, committed 7488K, reserved 1048576K
}
Event: 31381.043 GC heap before
{Heap before GC invocations=2082 (full 2065):
 garbage-first heap   total 98304K, used 32542K [0x00000000c0000000, 0x0000000100000000)
  region size 1024K, 1 young (1024K), 0 survivors (0K)
 Metaspace       used 56686K, committed 57344K, reserved 1114112K
  class space    used 7244K, committed 7488K, reserved 1048576K
}
Event: 31381.065 GC heap after
{Heap after GC invocations=2083 (full 2066):
 garbage-first heap   total 98304K, used 32542K [0x00000000c0000000, 0x0000000100000000)
  region size 1024K, 0 young (0K), 0 survivors (0K)
 Metaspace       used 56686K, committed 57344K, reserved 1114112K
  class space    used 7244K, committed 7488K, reserved 1048576K
}
Event: 31391.249 GC heap before
{Heap before GC invocations=2083 (full 2066):
 garbage-first heap   total 98304K, used 32542K [0x00000000c0000000, 0x0000000100000000)
  region size 1024K, 1 young (1024K), 0 survivors (0K)
 Metaspace       used 56686K, committed 57344K, reserved 1114112K
  class space    used 7244K, committed 7488K, reserved 1048576K
}
Event: 31391.272 GC heap after
{Heap after GC invocations=2084 (full 2067):
 garbage-first heap   total 98304K, used 32542K [0x00000000c0000000, 0x0000000100000000)
  region size 1024K, 0 young (0K), 0 survivors (0K)
 Metaspace       used 56686K, committed 57344K, reserved 1114112K
  class space    used 7244K, committed 7488K, reserved 1048576K
}
Event: 31401.482 GC heap before
{Heap before GC invocations=2084 (full 2067):
 garbage-first heap   total 98304K, used 32542K [0x00000000c0000000, 0x0000000100000000)
  region size 1024K, 1 young (1024K), 0 survivors (0K)
 Metaspace       used 56686K, committed 57344K, reserved 1114112K
  class space    used 7244K, committed 7488K, reserved 1048576K
}
Event: 31401.514 GC heap after
{Heap after GC invocations=2085 (full 2068):
 garbage-first heap   total 98304K, used 32542K [0x00000000c0000000, 0x0000000100000000)
  region size 1024K, 0 young (0K), 0 survivors (0K)
 Metaspace       used 56686K, committed 57344K, reserved 1114112K
  class space    used 7244K, committed 7488K, reserved 1048576K
}
Event: 31411.777 GC heap before
{Heap before GC invocations=2085 (full 2068):
 garbage-first heap   total 98304K, used 32542K [0x00000000c0000000, 0x0000000100000000)
  region size 1024K, 1 young (1024K), 0 survivors (0K)
 Metaspace       used 56686K, committed 57344K, reserved 1114112K
  class space    used 7244K, committed 7488K, reserved 1048576K
}
Event: 31411.817 GC heap after
{Heap after GC invocations=2086 (full 2069):
 garbage-first heap   total 98304K, used 32542K [0x00000000c0000000, 0x0000000100000000)
  region size 1024K, 0 young (0K), 0 survivors (0K)
 Metaspace       used 56686K, committed 57344K, reserved 1114112K
  class space    used 7244K, committed 7488K, reserved 1048576K
}
Event: 31422.109 GC heap before
{Heap before GC invocations=2086 (full 2069):
 garbage-first heap   total 98304K, used 32542K [0x00000000c0000000, 0x0000000100000000)
  region size 1024K, 1 young (1024K), 0 survivors (0K)
 Metaspace       used 56686K, committed 57344K, reserved 1114112K
  class space    used 7244K, committed 7488K, reserved 1048576K
}
Event: 31422.149 GC heap after
{Heap after GC invocations=2087 (full 2070):
 garbage-first heap   total 98304K, used 32542K [0x00000000c0000000, 0x0000000100000000)
  region size 1024K, 0 young (0K), 0 survivors (0K)
 Metaspace       used 56686K, committed 57344K, reserved 1114112K
  class space    used 7244K, committed 7488K, reserved 1048576K
}
Event: 31432.517 GC heap before
{Heap before GC invocations=2087 (full 2070):
 garbage-first heap   total 98304K, used 32542K [0x00000000c0000000, 0x0000000100000000)
  region size 1024K, 1 young (1024K), 0 survivors (0K)
 Metaspace       used 56686K, committed 57344K, reserved 1114112K
  class space    used 7244K, committed 7488K, reserved 1048576K
}
Event: 31432.566 GC heap after
{Heap after GC invocations=2088 (full 2071):
 garbage-first heap   total 98304K, used 32542K [0x00000000c0000000, 0x0000000100000000)
  region size 1024K, 0 young (0K), 0 survivors (0K)
 Metaspace       used 56686K, committed 57344K, reserved 1114112K
  class space    used 7244K, committed 7488K, reserved 1048576K
}
Event: 31442.966 GC heap before
{Heap before GC invocations=2088 (full 2071):
 garbage-first heap   total 98304K, used 32542K [0x00000000c0000000, 0x0000000100000000)
  region size 1024K, 1 young (1024K), 0 survivors (0K)
 Metaspace       used 56686K, committed 57344K, reserved 1114112K
  class space    used 7244K, committed 7488K, reserved 1048576K
}
Event: 31443.015 GC heap after
{Heap after GC invocations=2089 (full 2072):
 garbage-first heap   total 98304K, used 32542K [0x00000000c0000000, 0x0000000100000000)
  region size 1024K, 0 young (0K), 0 survivors (0K)
 Metaspace       used 56686K, committed 57344K, reserved 1114112K
  class space    used 7244K, committed 7488K, reserved 1048576K
}
Event: 31453.346 GC heap before
{Heap before GC invocations=2089 (full 2072):
 garbage-first heap   total 98304K, used 32542K [0x00000000c0000000, 0x0000000100000000)
  region size 1024K, 1 young (1024K), 0 survivors (0K)
 Metaspace       used 56686K, committed 57344K, reserved 1114112K
  class space    used 7244K, committed 7488K, reserved 1048576K
}
Event: 31453.389 GC heap after
{Heap after GC invocations=2090 (full 2073):
 garbage-first heap   total 98304K, used 32542K [0x00000000c0000000, 0x0000000100000000)
  region size 1024K, 0 young (0K), 0 survivors (0K)
 Metaspace       used 56686K, committed 57344K, reserved 1114112K
  class space    used 7244K, committed 7488K, reserved 1048576K
}
Event: 31463.838 GC heap before
{Heap before GC invocations=2090 (full 2073):
 garbage-first heap   total 98304K, used 32542K [0x00000000c0000000, 0x0000000100000000)
  region size 1024K, 1 young (1024K), 0 survivors (0K)
 Metaspace       used 56686K, committed 57344K, reserved 1114112K
  class space    used 7244K, committed 7488K, reserved 1048576K
}
Event: 31463.880 GC heap after
{Heap after GC invocations=2091 (full 2074):
 garbage-first heap   total 98304K, used 32542K [0x00000000c0000000, 0x0000000100000000)
  region size 1024K, 0 young (0K), 0 survivors (0K)
 Metaspace       used 56686K, committed 57344K, reserved 1114112K
  class space    used 7244K, committed 7488K, reserved 1048576K
}

Dll operation events (11 events):
Event: 0.008 Loaded shared library c:\Users\wilme\.vscode\extensions\redhat.java-1.23.0-win32-x64\jre\17.0.8.1-win32-x86_64\bin\java.dll
Event: 0.287 Loaded shared library C:\Users\wilme\.vscode\extensions\redhat.java-1.23.0-win32-x64\jre\17.0.8.1-win32-x86_64\bin\net.dll
Event: 0.290 Loaded shared library C:\Users\wilme\.vscode\extensions\redhat.java-1.23.0-win32-x64\jre\17.0.8.1-win32-x86_64\bin\nio.dll
Event: 0.488 Loaded shared library C:\Users\wilme\.vscode\extensions\redhat.java-1.23.0-win32-x64\jre\17.0.8.1-win32-x86_64\bin\zip.dll
Event: 15.460 Loaded shared library C:\Users\wilme\.vscode\extensions\redhat.java-1.23.0-win32-x64\jre\17.0.8.1-win32-x86_64\bin\jimage.dll
Event: 20.081 Loaded shared library c:\Users\wilme\.vscode\extensions\redhat.java-1.23.0-win32-x64\jre\17.0.8.1-win32-x86_64\bin\verify.dll
Event: 21.219 Loaded shared library C:\Users\wilme\.vscode\extensions\redhat.java-1.23.0-win32-x64\jre\17.0.8.1-win32-x86_64\bin\management.dll
Event: 21.285 Loaded shared library C:\Users\wilme\.vscode\extensions\redhat.java-1.23.0-win32-x64\jre\17.0.8.1-win32-x86_64\bin\management_ext.dll
Event: 22.491 Loaded shared library C:\Users\wilme\.vscode\extensions\redhat.java-1.23.0-win32-x64\jre\17.0.8.1-win32-x86_64\bin\sunmscapi.dll
Event: 30007.087 Loaded shared library C:\Users\wilme\.vscode\extensions\redhat.java-1.23.0-win32-x64\jre\17.0.8.1-win32-x86_64\bin\attach.dll
Event: 30007.971 Loaded shared library C:\Users\wilme\.vscode\extensions\redhat.java-1.23.0-win32-x64\jre\17.0.8.1-win32-x86_64\bin\rmi.dll

Deoptimization events (16 events):
Event: 18.155 Thread 0x0000023c3a1a4e80 DEOPT PACKING pc=0x0000023c3d39df19 sp=0x000000ae84dfd390
Event: 18.155 Thread 0x0000023c3a1a4e80 DEOPT UNPACKING pc=0x0000023c3ce7ace3 sp=0x000000ae84dfc870 mode 3
Event: 21.568 Thread 0x0000023c4a375a30 DEOPT PACKING pc=0x0000023c3d59e935 sp=0x000000ae86efe630
Event: 21.568 Thread 0x0000023c4a375a30 DEOPT UNPACKING pc=0x0000023c3ce7ace3 sp=0x000000ae86efdb58 mode 3
Event: 21.599 Thread 0x0000023c4ab24870 DEOPT PACKING pc=0x0000023c3d348c01 sp=0x000000ae86cfdbb0
Event: 21.599 Thread 0x0000023c4ab24870 DEOPT UNPACKING pc=0x0000023c3ce7ace3 sp=0x000000ae86cfd040 mode 3
Event: 21.622 Thread 0x0000023c4a379890 DEOPT PACKING pc=0x0000023c3d323c97 sp=0x000000ae86dff310
Event: 21.622 Thread 0x0000023c4a379890 DEOPT UNPACKING pc=0x0000023c3ce7ace3 sp=0x000000ae86dfe768 mode 3
Event: 22.482 Thread 0x0000023c45a3dad0 DEOPT PACKING pc=0x0000023c3d02490c sp=0x000000ae882fea50
Event: 22.482 Thread 0x0000023c45a3dad0 DEOPT UNPACKING pc=0x0000023c3ce7ace3 sp=0x000000ae882fdf18 mode 0
Event: 23.005 Thread 0x0000023c45a5d9d0 DEOPT PACKING pc=0x0000023c3d7806ee sp=0x000000ae87afdc90
Event: 23.005 Thread 0x0000023c45a5d9d0 DEOPT UNPACKING pc=0x0000023c3ce7ace3 sp=0x000000ae87afd188 mode 3
Event: 3124.998 Thread 0x0000023c4ab24870 DEOPT PACKING pc=0x0000023c3d41cbd4 sp=0x000000ae86cfeec0
Event: 3125.001 Thread 0x0000023c4ab24870 DEOPT UNPACKING pc=0x0000023c3ce7ace3 sp=0x000000ae86cfe368 mode 0
Event: 30020.719 Thread 0x0000023c45a5f320 DEOPT PACKING pc=0x0000023c3d136fcf sp=0x000000ae871fd510
Event: 30020.719 Thread 0x0000023c45a5f320 DEOPT UNPACKING pc=0x0000023c3ce7ace3 sp=0x000000ae871fca00 mode 3

Classes unloaded (20 events):
Event: 30072.051 Thread 0x0000023c44fbb1d0 Unloading class 0x000000010051c000 'java/lang/invoke/LambdaForm$MH+0x000000010051c000'
Event: 30072.051 Thread 0x0000023c44fbb1d0 Unloading class 0x0000000100544c00 'java/lang/invoke/LambdaForm$MH+0x0000000100544c00'
Event: 30072.051 Thread 0x0000023c44fbb1d0 Unloading class 0x0000000100545c00 'java/lang/invoke/LambdaForm$MH+0x0000000100545c00'
Event: 30072.051 Thread 0x0000023c44fbb1d0 Unloading class 0x00000001005d4800 'java/lang/invoke/LambdaForm$MH+0x00000001005d4800'
Event: 30072.051 Thread 0x0000023c44fbb1d0 Unloading class 0x00000001005d5000 'java/lang/invoke/LambdaForm$MH+0x00000001005d5000'
Event: 30133.572 Thread 0x0000023c44fbb1d0 Unloading class 0x0000000100733000 'jdk/internal/reflect/GeneratedSerializationConstructorAccessor7'
Event: 30133.572 Thread 0x0000023c44fbb1d0 Unloading class 0x0000000100732800 'jdk/internal/reflect/GeneratedSerializationConstructorAccessor5'
Event: 30133.572 Thread 0x0000023c44fbb1d0 Unloading class 0x0000000100732400 'jdk/internal/reflect/GeneratedSerializationConstructorAccessor4'
Event: 30389.194 Thread 0x0000023c44fbb1d0 Unloading class 0x0000000100736000 'jdk/internal/reflect/GeneratedSerializationConstructorAccessor33'
Event: 30389.206 Thread 0x0000023c44fbb1d0 Unloading class 0x0000000100742400 'jdk/internal/reflect/GeneratedSerializationConstructorAccessor32'
Event: 30389.206 Thread 0x0000023c44fbb1d0 Unloading class 0x0000000100732400 'jdk/internal/reflect/GeneratedSerializationConstructorAccessor31'
Event: 30685.566 Thread 0x0000023c44fbb1d0 Unloading class 0x0000000100732400 'jdk/internal/reflect/GeneratedSerializationConstructorAccessor36'
Event: 30685.566 Thread 0x0000023c44fbb1d0 Unloading class 0x0000000100742400 'jdk/internal/reflect/GeneratedSerializationConstructorAccessor35'
Event: 30685.566 Thread 0x0000023c44fbb1d0 Unloading class 0x0000000100736000 'jdk/internal/reflect/GeneratedSerializationConstructorAccessor34'
Event: 30982.133 Thread 0x0000023c44fbb1d0 Unloading class 0x0000000100736000 'jdk/internal/reflect/GeneratedSerializationConstructorAccessor39'
Event: 30982.133 Thread 0x0000023c44fbb1d0 Unloading class 0x0000000100742400 'jdk/internal/reflect/GeneratedSerializationConstructorAccessor38'
Event: 30982.133 Thread 0x0000023c44fbb1d0 Unloading class 0x0000000100732400 'jdk/internal/reflect/GeneratedSerializationConstructorAccessor37'
Event: 31288.796 Thread 0x0000023c44fbb1d0 Unloading class 0x0000000100732400 'jdk/internal/reflect/GeneratedSerializationConstructorAccessor42'
Event: 31288.796 Thread 0x0000023c44fbb1d0 Unloading class 0x0000000100742400 'jdk/internal/reflect/GeneratedSerializationConstructorAccessor41'
Event: 31288.796 Thread 0x0000023c44fbb1d0 Unloading class 0x0000000100736000 'jdk/internal/reflect/GeneratedSerializationConstructorAccessor40'

Classes redefined (0 events):
No events

Internal exceptions (20 events):
Event: 61.255 Thread 0x0000023c4abb4570 Exception <a 'java/lang/NoSuchMethodError'{0x00000000c508bae8}: 'void java.lang.invoke.DirectMethodHandle$Holder.invokeStatic(java.lang.Object, long)'> (0x00000000c508bae8) 
thrown [s\src\hotspot\share\interpreter\linkResolver.cpp, line 759]
Event: 61.255 Thread 0x0000023c4abb4570 Exception <a 'java/lang/NoSuchMethodError'{0x00000000c5090e90}: 'java.lang.Object java.lang.invoke.DirectMethodHandle$Holder.newInvokeSpecial(java.lang.Object, long)'> (0x00000000c5090e90) 
thrown [s\src\hotspot\share\interpreter\linkResolver.cpp, line 759]
Event: 30007.858 Thread 0x0000023c45a3fe40 Exception <a 'java/lang/NoSuchMethodError'{0x00000000c562bad0}: 'void java.lang.invoke.DirectMethodHandle$Holder.invokeSpecial(java.lang.Object, java.lang.Object, java.lang.Object, int)'> (0x00000000c562bad0) 
thrown [s\src\hotspot\share\interpreter\linkResolver.cpp, line 759]
Event: 30007.987 Thread 0x0000023c45a3fe40 Exception <a 'java/lang/NoSuchMethodError'{0x00000000c5527910}: static [Ljava/rmi/server/ObjID;.<clinit>()V> (0x00000000c5527910) 
thrown [s\src\hotspot\share\prims\jni.cpp, line 1107]
Event: 30007.994 Thread 0x0000023c45a3fe40 Exception <a 'java/lang/NoSuchMethodError'{0x00000000c554af80}: static [B.<clinit>()V> (0x00000000c554af80) 
thrown [s\src\hotspot\share\prims\jni.cpp, line 1107]
Event: 30008.016 Thread 0x0000023c45a3dad0 Exception <a 'java/lang/InterruptedException'{0x00000000c5400000}> (0x00000000c5400000) 
thrown [s\src\hotspot\share\runtime\objectMonitor.cpp, line 1658]
Event: 30008.018 Thread 0x0000023c45a3dad0 Exception <a 'java/lang/NoSuchMethodError'{0x00000000c5469c78}: 'java.lang.Object java.lang.invoke.DirectMethodHandle$Holder.newInvokeSpecial(java.lang.Object, java.lang.Object, int, java.lang.Object, long)'> (0x00000000c5469c78) 
thrown [s\src\hotspot\share\interpreter\linkResolver.cpp, line 759]
Event: 30008.055 Thread 0x0000023c45a3fe40 Exception <a 'java/lang/NoSuchMethodError'{0x00000000c54d18b8}: 'java.lang.Object java.lang.invoke.DirectMethodHandle$Holder.newInvokeSpecial(java.lang.Object, java.lang.Object, java.lang.Object, java.lang.Object, java.lang.Object, java.lang.Object, java.lang.Object, java.lang.Object, java.lang.Object, int)'> (0x00000000c54d18b8) 
thrown [s\src\hotspot\share\interpreter\linkResolver.cpp, line 759]
Event: 30008.055 Thread 0x0000023c45a3fe40 Exception <a 'java/lang/NoSuchMethodError'{0x00000000c54d6e50}: 'java.lang.Object java.lang.invoke.DirectMethodHandle$Holder.invokeSpecial(java.lang.Object, java.lang.Object, java.lang.Object, java.lang.Object, java.lang.Object, java.lang.Object, java.lang.Object, java.lang.Object, java.lang.Object, java.lang.Object, int)'> (0x00000000c54d6e50) 
thrown [s\src\hotspot\share\interpreter\linkResolver.cpp, line 759]
Event: 30008.164 Thread 0x0000023c45a3fe40 Exception <a 'java/lang/NoSuchMethodError'{0x00000000c520cfc8}: static [Ljava/lang/String;.<clinit>()V> (0x00000000c520cfc8) 
thrown [s\src\hotspot\share\prims\jni.cpp, line 1107]
Event: 30020.719 Thread 0x0000023c45a5f320 Implicit null exception at 0x0000023c3d136a10 to 0x0000023c3d136fca
Event: 30020.757 Thread 0x0000023c45a5c590 Exception <a 'java/lang/NoSuchMethodError'{0x00000000c516dcf8}: static [Ljava/lang/Object;.<clinit>()V> (0x00000000c516dcf8) 
thrown [s\src\hotspot\share\prims\jni.cpp, line 1107]
Event: 30308.044 Thread 0x0000023c45a3dad0 Exception <a 'java/lang/NoSuchMethodError'{0x00000000c7b6cd18}: static [Ljava/rmi/server/ObjID;.<clinit>()V> (0x00000000c7b6cd18) 
thrown [s\src\hotspot\share\prims\jni.cpp, line 1107]
Event: 30308.073 Thread 0x0000023c45a3dad0 Exception <a 'java/lang/NoSuchMethodError'{0x00000000c7b78810}: static [B.<clinit>()V> (0x00000000c7b78810) 
thrown [s\src\hotspot\share\prims\jni.cpp, line 1107]
Event: 30608.039 Thread 0x0000023c45a3dad0 Exception <a 'java/lang/NoSuchMethodError'{0x00000000c7b3e270}: static [Ljava/rmi/server/ObjID;.<clinit>()V> (0x00000000c7b3e270) 
thrown [s\src\hotspot\share\prims\jni.cpp, line 1107]
Event: 30608.042 Thread 0x0000023c45a3dad0 Exception <a 'java/lang/NoSuchMethodError'{0x00000000c7b49d68}: static [B.<clinit>()V> (0x00000000c7b49d68) 
thrown [s\src\hotspot\share\prims\jni.cpp, line 1107]
Event: 30908.040 Thread 0x0000023c45a3dad0 Exception <a 'java/lang/NoSuchMethodError'{0x00000000c7b4d200}: static [Ljava/rmi/server/ObjID;.<clinit>()V> (0x00000000c7b4d200) 
thrown [s\src\hotspot\share\prims\jni.cpp, line 1107]
Event: 30908.047 Thread 0x0000023c45a3dad0 Exception <a 'java/lang/NoSuchMethodError'{0x00000000c7b58cf8}: static [B.<clinit>()V> (0x00000000c7b58cf8) 
thrown [s\src\hotspot\share\prims\jni.cpp, line 1107]
Event: 31208.084 Thread 0x0000023c45a3dad0 Exception <a 'java/lang/NoSuchMethodError'{0x00000000c7b3e250}: static [Ljava/rmi/server/ObjID;.<clinit>()V> (0x00000000c7b3e250) 
thrown [s\src\hotspot\share\prims\jni.cpp, line 1107]
Event: 31208.107 Thread 0x0000023c45a3dad0 Exception <a 'java/lang/NoSuchMethodError'{0x00000000c7b49d48}: static [B.<clinit>()V> (0x00000000c7b49d48) 
thrown [s\src\hotspot\share\prims\jni.cpp, line 1107]

VM Operations (20 events):
Event: 31370.862 Executing VM operation: G1CollectFull done
Event: 31381.043 Executing VM operation: G1CollectFull
Event: 31381.065 Executing VM operation: G1CollectFull done
Event: 31391.249 Executing VM operation: G1CollectFull
Event: 31391.272 Executing VM operation: G1CollectFull done
Event: 31401.482 Executing VM operation: G1CollectFull
Event: 31401.514 Executing VM operation: G1CollectFull done
Event: 31411.777 Executing VM operation: G1CollectFull
Event: 31411.817 Executing VM operation: G1CollectFull done
Event: 31422.109 Executing VM operation: G1CollectFull
Event: 31422.149 Executing VM operation: G1CollectFull done
Event: 31432.517 Executing VM operation: G1CollectFull
Event: 31432.566 Executing VM operation: G1CollectFull done
Event: 31442.965 Executing VM operation: G1CollectFull
Event: 31443.015 Executing VM operation: G1CollectFull done
Event: 31453.345 Executing VM operation: G1CollectFull
Event: 31453.389 Executing VM operation: G1CollectFull done
Event: 31463.797 Executing VM operation: G1CollectFull
Event: 31463.880 Executing VM operation: G1CollectFull done
Event: 31473.979 Executing VM operation: G1CollectFull

Events (20 events):
Event: 30008.172 loading class java/lang/Throwable$PrintStreamOrWriter done
Event: 30008.187 Thread 0x0000023c45a5d9d0 Thread added: 0x0000023c45a5d9d0
Event: 30011.210 Thread 0x0000023c45a5c590 Thread added: 0x0000023c45a5c590
Event: 30014.240 Thread 0x0000023c45a5dee0 Thread added: 0x0000023c45a5dee0
Event: 30017.265 Thread 0x0000023c45a5e900 Thread added: 0x0000023c45a5e900
Event: 30020.405 loading class java/util/HashMap$UnsafeHolder
Event: 30020.405 loading class java/util/HashMap$UnsafeHolder done
Event: 30020.483 Thread 0x0000023c45a73bb0 Thread added: 0x0000023c45a73bb0
Event: 30020.483 Thread 0x0000023c45a740d0 Thread added: 0x0000023c45a740d0
Event: 30020.748 Thread 0x0000023c52d1c250 Thread added: 0x0000023c52d1c250
Event: 30020.801 loading class jdk/internal/ValueBased
Event: 30020.801 loading class jdk/internal/ValueBased done
Event: 30023.014 loading class java/util/ArrayList$ListItr
Event: 30023.014 loading class java/util/ArrayList$ListItr done
Event: 30026.158 Thread 0x0000023c45a740d0 Thread exited: 0x0000023c45a740d0
Event: 30026.158 Thread 0x0000023c45a73bb0 Thread exited: 0x0000023c45a73bb0
Event: 30051.616 loading class sun/rmi/transport/DGCClient$EndpointEntry$CleanRequest
Event: 30051.616 loading class sun/rmi/transport/DGCClient$EndpointEntry$CleanRequest done
Event: 30080.748 Thread 0x0000023c45a40350 Thread exited: 0x0000023c45a40350
Event: 30081.187 Thread 0x0000023c45a3f930 Thread exited: 0x0000023c45a3f930


Dynamic libraries:
0x00007ff64fc70000 - 0x00007ff64fc7e000 	c:\Users\wilme\.vscode\extensions\redhat.java-1.23.0-win32-x64\jre\17.0.8.1-win32-x86_64\bin\java.exe
0x00007ffe57450000 - 0x00007ffe57647000 	C:\windows\SYSTEM32\ntdll.dll
0x00007ffe55480000 - 0x00007ffe5553d000 	C:\windows\System32\KERNEL32.DLL
0x00007ffe54b00000 - 0x00007ffe54df6000 	C:\windows\System32\KERNELBASE.dll
0x00007ffe54e00000 - 0x00007ffe54f00000 	C:\windows\System32\ucrtbase.dll
0x00007ffe12920000 - 0x00007ffe12937000 	c:\Users\wilme\.vscode\extensions\redhat.java-1.23.0-win32-x64\jre\17.0.8.1-win32-x86_64\bin\jli.dll
0x00007ffe4cef0000 - 0x00007ffe4cf09000 	c:\Users\wilme\.vscode\extensions\redhat.java-1.23.0-win32-x64\jre\17.0.8.1-win32-x86_64\bin\VCRUNTIME140.dll
0x00007ffe564a0000 - 0x00007ffe5663e000 	C:\windows\System32\USER32.dll
0x00007ffe55310000 - 0x00007ffe55332000 	C:\windows\System32\win32u.dll
0x00007ffe35ef0000 - 0x00007ffe3618a000 	C:\windows\WinSxS\amd64_microsoft.windows.common-controls_6595b64144ccf1df_6.0.19041.3570_none_60bb2a3971f3e41a\COMCTL32.dll
0x00007ffe563c0000 - 0x00007ffe563ec000 	C:\windows\System32\GDI32.dll
0x00007ffe569e0000 - 0x00007ffe56a7e000 	C:\windows\System32\msvcrt.dll
0x00007ffe550b0000 - 0x00007ffe551ca000 	C:\windows\System32\gdi32full.dll
0x00007ffe551d0000 - 0x00007ffe5526d000 	C:\windows\System32\msvcp_win.dll
0x00007ffe571d0000 - 0x00007ffe57200000 	C:\windows\System32\IMM32.DLL
0x00007ffe32840000 - 0x00007ffe3284c000 	c:\Users\wilme\.vscode\extensions\redhat.java-1.23.0-win32-x64\jre\17.0.8.1-win32-x86_64\bin\vcruntime140_1.dll
0x00007ffdff760000 - 0x00007ffdff7f1000 	c:\Users\wilme\.vscode\extensions\redhat.java-1.23.0-win32-x64\jre\17.0.8.1-win32-x86_64\bin\msvcp140.dll
0x00007ffdc5de0000 - 0x00007ffdc6a2c000 	c:\Users\wilme\.vscode\extensions\redhat.java-1.23.0-win32-x64\jre\17.0.8.1-win32-x86_64\bin\server\jvm.dll
0x00007ffe55c90000 - 0x00007ffe55d3e000 	C:\windows\System32\ADVAPI32.dll
0x00007ffe56400000 - 0x00007ffe5649c000 	C:\windows\System32\sechost.dll
0x00007ffe56830000 - 0x00007ffe56956000 	C:\windows\System32\RPCRT4.dll
0x00007ffe54490000 - 0x00007ffe544db000 	C:\windows\SYSTEM32\POWRPROF.dll
0x00007ffe4ce90000 - 0x00007ffe4ce9a000 	C:\windows\SYSTEM32\VERSION.dll
0x00007ffe2e7c0000 - 0x00007ffe2e7c9000 	C:\windows\SYSTEM32\WSOCK32.dll
0x00007ffe479f0000 - 0x00007ffe47a17000 	C:\windows\SYSTEM32\WINMM.dll
0x00007ffe56640000 - 0x00007ffe566ab000 	C:\windows\System32\WS2_32.dll
0x00007ffe54470000 - 0x00007ffe54482000 	C:\windows\SYSTEM32\UMPDC.dll
0x00007ffe53320000 - 0x00007ffe53332000 	C:\windows\SYSTEM32\kernel.appcore.dll
0x00007ffe2e140000 - 0x00007ffe2e14a000 	c:\Users\wilme\.vscode\extensions\redhat.java-1.23.0-win32-x64\jre\17.0.8.1-win32-x86_64\bin\jimage.dll
0x00007ffe526d0000 - 0x00007ffe528b4000 	C:\windows\SYSTEM32\DBGHELP.DLL
0x00007ffe33b00000 - 0x00007ffe33b34000 	C:\windows\SYSTEM32\dbgcore.DLL
0x00007ffe55340000 - 0x00007ffe553c2000 	C:\windows\System32\bcryptPrimitives.dll
0x00007ffdff730000 - 0x00007ffdff755000 	c:\Users\wilme\.vscode\extensions\redhat.java-1.23.0-win32-x64\jre\17.0.8.1-win32-x86_64\bin\java.dll
0x00007ffe12900000 - 0x00007ffe12918000 	c:\Users\wilme\.vscode\extensions\redhat.java-1.23.0-win32-x64\jre\17.0.8.1-win32-x86_64\bin\zip.dll
0x00007ffe56a80000 - 0x00007ffe571c4000 	C:\windows\System32\SHELL32.dll
0x00007ffe52b40000 - 0x00007ffe532db000 	C:\windows\SYSTEM32\windows.storage.dll
0x00007ffe55830000 - 0x00007ffe55b84000 	C:\windows\System32\combase.dll
0x00007ffe543f0000 - 0x00007ffe5441d000 	C:\windows\SYSTEM32\Wldp.dll
0x00007ffe55e90000 - 0x00007ffe55f3d000 	C:\windows\System32\SHCORE.dll
0x00007ffe566b0000 - 0x00007ffe56705000 	C:\windows\System32\shlwapi.dll
0x00007ffe54a30000 - 0x00007ffe54a55000 	C:\windows\SYSTEM32\profapi.dll
0x00007ffe05630000 - 0x00007ffe05649000 	C:\Users\wilme\.vscode\extensions\redhat.java-1.23.0-win32-x64\jre\17.0.8.1-win32-x86_64\bin\net.dll
0x00007ffe4f240000 - 0x00007ffe4f34a000 	C:\windows\SYSTEM32\WINHTTP.dll
0x00007ffe54170000 - 0x00007ffe541da000 	C:\windows\system32\mswsock.dll
0x00007ffdff710000 - 0x00007ffdff725000 	C:\Users\wilme\.vscode\extensions\redhat.java-1.23.0-win32-x64\jre\17.0.8.1-win32-x86_64\bin\nio.dll
0x00007ffe54430000 - 0x00007ffe54448000 	C:\windows\SYSTEM32\CRYPTSP.dll
0x00007ffe53aa0000 - 0x00007ffe53ad4000 	C:\windows\system32\rsaenh.dll
0x00007ffe552e0000 - 0x00007ffe55307000 	C:\windows\System32\bcrypt.dll
0x00007ffe549f0000 - 0x00007ffe54a1e000 	C:\windows\SYSTEM32\USERENV.dll
0x00007ffe543c0000 - 0x00007ffe543cc000 	C:\windows\SYSTEM32\CRYPTBASE.dll
0x00007ffe53e80000 - 0x00007ffe53ebb000 	C:\windows\SYSTEM32\IPHLPAPI.DLL
0x00007ffe563f0000 - 0x00007ffe563f8000 	C:\windows\System32\NSI.dll
0x00007ffe4b200000 - 0x00007ffe4b217000 	C:\windows\SYSTEM32\dhcpcsvc6.DLL
0x00007ffe4c5a0000 - 0x00007ffe4c5bd000 	C:\windows\SYSTEM32\dhcpcsvc.DLL
0x00007ffe53ec0000 - 0x00007ffe53f8a000 	C:\windows\SYSTEM32\DNSAPI.dll
0x00007ffe22250000 - 0x00007ffe22260000 	c:\Users\wilme\.vscode\extensions\redhat.java-1.23.0-win32-x64\jre\17.0.8.1-win32-x86_64\bin\verify.dll
0x00007ffe11e30000 - 0x00007ffe11e39000 	C:\Users\wilme\.vscode\extensions\redhat.java-1.23.0-win32-x64\jre\17.0.8.1-win32-x86_64\bin\management.dll
0x00007ffe0de80000 - 0x00007ffe0de8b000 	C:\Users\wilme\.vscode\extensions\redhat.java-1.23.0-win32-x64\jre\17.0.8.1-win32-x86_64\bin\management_ext.dll
0x00007ffe55b90000 - 0x00007ffe55b98000 	C:\windows\System32\PSAPI.DLL
0x00007ffe1c4e0000 - 0x00007ffe1c4ee000 	C:\Users\wilme\.vscode\extensions\redhat.java-1.23.0-win32-x64\jre\17.0.8.1-win32-x86_64\bin\sunmscapi.dll
0x00007ffe54f50000 - 0x00007ffe550ad000 	C:\windows\System32\CRYPT32.dll
0x00007ffe545b0000 - 0x00007ffe545d7000 	C:\windows\SYSTEM32\ncrypt.dll
0x00007ffe54570000 - 0x00007ffe545ab000 	C:\windows\SYSTEM32\NTASN1.dll
0x00007ffe4ce60000 - 0x00007ffe4ce6a000 	C:\Windows\System32\rasadhlp.dll
0x00007ffe49950000 - 0x00007ffe499d2000 	C:\windows\System32\fwpuclnt.dll
0x00007ffe13ef0000 - 0x00007ffe13ef9000 	C:\Users\wilme\.vscode\extensions\redhat.java-1.23.0-win32-x64\jre\17.0.8.1-win32-x86_64\bin\attach.dll
0x00007ffe22020000 - 0x00007ffe22037000 	C:\windows\system32\napinsp.dll
0x00007ffe22040000 - 0x00007ffe2205b000 	C:\windows\system32\pnrpnsp.dll
0x00007ffe4f220000 - 0x00007ffe4f235000 	C:\windows\system32\wshbth.dll
0x00007ffe4fe40000 - 0x00007ffe4fe5d000 	C:\windows\system32\NLAapi.dll
0x00007ffe220a0000 - 0x00007ffe220b2000 	C:\windows\System32\winrnr.dll
0x00007ffe126e0000 - 0x00007ffe126e7000 	C:\Users\wilme\.vscode\extensions\redhat.java-1.23.0-win32-x64\jre\17.0.8.1-win32-x86_64\bin\rmi.dll

dbghelp: loaded successfully - version: 4.0.5 - missing functions: none
symbol engine: initialized successfully - sym options: 0x614 - pdb path: .;c:\Users\wilme\.vscode\extensions\redhat.java-1.23.0-win32-x64\jre\17.0.8.1-win32-x86_64\bin;C:\windows\SYSTEM32;C:\windows\WinSxS\amd64_microsoft.windows.common-controls_6595b64144ccf1df_6.0.19041.3570_none_60bb2a3971f3e41a;c:\Users\wilme\.vscode\extensions\redhat.java-1.23.0-win32-x64\jre\17.0.8.1-win32-x86_64\bin\server

VM Arguments:
jvm_args: -XX:+HeapDumpOnOutOfMemoryError -Xmx1024m -Dsts.lsp.client=vscode -Dsts.log.file=/dev/null -XX:TieredStopAtLevel=1 -Xlog:jni+resolve=off -Dspring.config.location=file:c:\Users\wilme\.vscode\extensions\vmware.vscode-spring-boot-1.49.0\language-server\BOOT-INF\classes\application.properties 
java_command: org.springframework.ide.vscode.boot.app.BootLanguageServerBootApp
java_class_path (initial): c:\Users\wilme\.vscode\extensions\vmware.vscode-spring-boot-1.49.0\language-server\BOOT-INF\classes;c:\Users\wilme\.vscode\extensions\vmware.vscode-spring-boot-1.49.0\language-server\BOOT-INF\lib\annotations-24.0.1.jar;c:\Users\wilme\.vscode\extensions\vmware.vscode-spring-boot-1.49.0\language-server\BOOT-INF\lib\antlr-runtime-3.5.3.jar;c:\Users\wilme\.vscode\extensions\vmware.vscode-spring-boot-1.49.0\language-server\BOOT-INF\lib\antlr4-4.11.1.jar;c:\Users\wilme\.vscode\extensions\vmware.vscode-spring-boot-1.49.0\language-server\BOOT-INF\lib\antlr4-runtime-4.11.1.jar;c:\Users\wilme\.vscode\extensions\vmware.vscode-spring-boot-1.49.0\language-server\BOOT-INF\lib\archunit-1.1.0.jar;c:\Users\wilme\.vscode\extensions\vmware.vscode-spring-boot-1.49.0\language-server\BOOT-INF\lib\asm-9.5.jar;c:\Users\wilme\.vscode\extensions\vmware.vscode-spring-boot-1.49.0\language-server\BOOT-INF\lib\asm-analysis-9.5.jar;c:\Users\wilme\.vscode\extensions\vmware.vscode-spring-boot-1.49.0\language-server\BOOT-INF\lib\asm-tree-9.5.jar;c:\Users\wilme\.vscode\extensions\vmware.vscode-spring-boot-1.49.0\language-server\BOOT-INF\lib\asm-util-9.5.jar;c:\Users\wilme\.vscode\extensions\vmware.vscode-spring-boot-1.49.0\language-server\BOOT-INF\lib\bosh-language-server-1.49.0-SNAPSHOT.jar;c:\Users\wilme\.vscode\extensions\vmware.vscode-spring-boot-1.49.0\language-server\BOOT-INF\lib\caffeine-3.1.6.jar;c:\Users\wilme\.vscode\extensions\vmware.vscode-spring-boot-1.49.0\language-server\BOOT-INF\lib\checker-qual-3.12.0.jar;c:\Users\wilme\.vscode\extensions\vmware.vscode-spring-boot-1.49.0\language-server\BOOT-INF\lib\classgraph-4.8.149.jar;c:\Users\wilme\.vscode\extensions\vmware.vscode-spring-boot-1.49.0\language-server\BOOT-INF\lib\commons-codec-1.15.jar;c:\Users\wilme\.vscode\extensions\vmware.vscode-spring-boot-1.49.0\language-server\BOOT-INF\lib\commons-compress-1.23.0.jar;c:\Users\wilme\.vscode\extensions\vmware.vscode-spring-boot-1.49.0\language-server\BOOT-INF\lib\
Launcher Type: SUN_STANDARD

[Global flags]
     intx CICompilerCount                          = 4                                         {product} {ergonomic}
     uint ConcGCThreads                            = 2                                         {product} {ergonomic}
     uint G1ConcRefinementThreads                  = 8                                         {product} {ergonomic}
   size_t G1HeapRegionSize                         = 1048576                                   {product} {ergonomic}
    uintx GCDrainStackTargetSize                   = 64                                        {product} {ergonomic}
     bool HeapDumpOnOutOfMemoryError               = true                                   {manageable} {command line}
   size_t InitialHeapSize                          = 130023424                                 {product} {ergonomic}
   size_t MarkStackSize                            = 4194304                                   {product} {ergonomic}
   size_t MaxHeapSize                              = 1073741824                                {product} {command line}
   size_t MaxNewSize                               = 643825664                                 {product} {ergonomic}
   size_t MinHeapDeltaBytes                        = 1048576                                   {product} {ergonomic}
   size_t MinHeapSize                              = 8388608                                   {product} {ergonomic}
    uintx NonProfiledCodeHeapSize                  = 0                                      {pd product} {ergonomic}
     bool ProfileInterpreter                       = false                                  {pd product} {command line}
    uintx ProfiledCodeHeapSize                     = 0                                      {pd product} {ergonomic}
   size_t SoftMaxHeapSize                          = 1073741824                             {manageable} {ergonomic}
     intx TieredStopAtLevel                        = 1                                         {product} {command line}
     bool UseCompressedClassPointers               = true                           {product lp64_product} {ergonomic}
     bool UseCompressedOops                        = true                           {product lp64_product} {ergonomic}
     bool UseG1GC                                  = true                                      {product} {ergonomic}
     bool UseLargePagesIndividualAllocation        = false                                  {pd product} {ergonomic}

Logging:
Log output configuration:
 #0: stdout all=warning,jni+resolve=off uptime,level,tags
 #1: stderr all=off uptime,level,tags

Environment Variables:
JAVA_HOME=C:\Program Files\Java\jre1.8.0_321
PATH=C:\Program Files\Common Files\Oracle\Java\javapath;C:\Program Files (x86)\Common Files\Oracle\Java\javapath;C:\windows\system32;C:\windows;C:\windows\System32\Wbem;C:\windows\System32\WindowsPowerShell\v1.0\;C:\windows\System32\OpenSSH\;C:\Program Files\SQL Anywhere 12\bin64;C:\Program Files\SQL Anywhere 12\bin32;C:\Program Files (x86)\Sybase\Shared\PowerBuilder;C:\Program Files (x86)\Sybase\PowerBuilder 12.5;C:\windows\Microsoft.NET\Framework\v4.0.30319;C:\Program Files\Microsoft SQL Server\Client SDK\ODBC\170\Tools\Binn\;C:\Program Files (x86)\Microsoft SQL Server\150\Tools\Binn\;C:\Program Files\Microsoft SQL Server\150\Tools\Binn\;C:\Program Files\Microsoft SQL Server\150\DTS\Binn\;C:\Program Files (x86)\Microsoft SQL Server\150\DTS\Binn\;C:\Program Files\Azure Data Studio\bin;C:\Program Files\nodejs\;C:\Program Files (x86)\dotnet\;C:\Program Files\Git\cmd;C:\Users\wilme\AppData\Local\Microsoft\WindowsApps;C:\Program Files\Azure Data Studio\bin;C:\Users\wilme\AppData\Local\Programs\Microsoft VS Code\bin;C:\Users\wilme\AppData\Roaming\npm;C:\Program Files\Java\jre1.8.0_321\bin;C:\apache-maven-3.8.5\bin;
USERNAME=RCadena
OS=Windows_NT
PROCESSOR_IDENTIFIER=Intel64 Family 6 Model 140 Stepping 1, GenuineIntel
TMP=C:\Users\wilme\AppData\Local\Temp
TEMP=C:\Users\wilme\AppData\Local\Temp



---------------  S Y S T E M  ---------------

OS:
 Windows 10 , 64 bit Build 19041 (10.0.19041.3570)
OS uptime: 4 days 4:38 hours
Hyper-V role detected

CPU: total 8 (initial active 8) (4 cores per cpu, 2 threads per core) family 6 model 140 stepping 1 microcode 0xac, cx8, cmov, fxsr, ht, mmx, 3dnowpref, sse, sse2, sse3, ssse3, sse4.1, sse4.2, popcnt, lzcnt, tsc, tscinvbit, avx, avx2, aes, erms, clmul, bmi1, bmi2, adx, avx512f, avx512dq, avx512cd, avx512bw, avx512vl, sha, fma, vzeroupper, avx512_vpopcntdq, avx512_vpclmulqdq, avx512_vaes, avx512_vnni, clflush, clflushopt, clwb, avx512_vbmi2, avx512_vbmi, hv
Processor Information for all 8 processors :
  Max Mhz: 2803, Current Mhz: 2803, Mhz Limit: 2803

Memory: 4k page, system-wide physical 7872M (221M free)
TotalPageFile size 32448M (AvailPageFile size 10M)
current process WorkingSet (physical memory assigned to process): 75M, peak: 218M
current process commit charge ("private bytes"): 262M, peak: 271M

vm_info: OpenJDK 64-Bit Server VM (17.0.8.1+1) for windows-amd64 JRE (17.0.8.1+1), built on Aug 23 2023 15:29:17 by "admin" with MS VC++ 16.7 (VS2019)

END.
