#
# There is insufficient memory for the Java Runtime Environment to continue.
# Native memory allocation (malloc) failed to allocate 1788016 bytes for Chunk::new
# Possible reasons:
#   The system is out of physical RAM or swap space
#   The process is running with CompressedOops enabled, and the Java Heap may be blocking the growth of the native heap
# Possible solutions:
#   Reduce memory load on the system
#   Increase physical memory or swap space
#   Check if swap backing store is full
#   Decrease Java heap size (-Xmx/-Xms)
#   Decrease number of Java threads
#   Decrease Java thread stack sizes (-Xss)
#   Set larger code cache with -XX:ReservedCodeCacheSize=
#   JVM is running with Unscaled Compressed Oops mode in which the Java heap is
#     placed in the first 4GB address space. The Java Heap base address is the
#     maximum limit for the native heap growth. Please use -XX:HeapBaseMinAddress
#     to set the Java Heap base and to place the Java Heap above 4GB virtual address.
# This output file may be truncated or incomplete.
#
#  Out of Memory Error (arena.cpp:168), pid=21568, tid=16420
#
# JRE version: Java(TM) SE Runtime Environment (21.0.2+13) (build 21.0.2+13-LTS-58)
# Java VM: Java HotSpot(TM) 64-Bit Server VM (21.0.2+13-LTS-58, mixed mode, sharing, tiered, compressed oops, compressed class ptrs, g1 gc, windows-amd64)
# No core dump will be written. Minidumps are not enabled by default on client versions of Windows
#

---------------  S U M M A R Y ------------

Command Line: -XX:+ShowCodeDetailsInExceptionMessages -Dspring.jmx.enabled=true -Dmanagement.endpoints.jmx.exposure.include=* -Dspring.application.admin.enabled=true -Dspring.boot.project.name=erp_epmapat -Djava.rmi.server.hostname=localhost -Dcom.sun.management.jmxremote.port=45556 -Dcom.sun.management.jmxremote.authenticate=false -Dcom.sun.management.jmxremote.ssl=false com.epmapat.erp_epmapat.ErpEpmapatApplication

Host: Intel(R) Core(TM) i5-10400 CPU @ 2.90GHz, 12 cores, 7G,  Windows 11 , 64 bit Build 22621 (10.0.22621.3672)
Time: Tue Jun 18 15:17:42 2024 Hora est. Pacífico, Sudamérica elapsed time: 25877.011627 seconds (0d 7h 11m 17s)

---------------  T H R E A D  ---------------

Current thread (0x000002977f3e7270):  JavaThread "C2 CompilerThread0" daemon [_thread_in_native, id=16420, stack(0x000000a03e300000,0x000000a03e400000) (1024K)]


Current CompileTask:
C2:25877011 19211   !   4       org.springframework.web.servlet.mvc.method.annotation.RequestMappingHandlerAdapter::handleInternal (128 bytes)

Stack: [0x000000a03e300000,0x000000a03e400000]
Native frames: (J=compiled Java code, j=interpreted, Vv=VM code, C=native code)
V  [jvm.dll+0x6cade9]
V  [jvm.dll+0x8569c1]
V  [jvm.dll+0x858d2e]
V  [jvm.dll+0x859413]
V  [jvm.dll+0x280e56]
V  [jvm.dll+0xc3f3d]
V  [jvm.dll+0xc4473]
V  [jvm.dll+0x3b5bf2]
V  [jvm.dll+0x382855]
V  [jvm.dll+0x381cca]
V  [jvm.dll+0x249bd0]
V  [jvm.dll+0x2491b1]
V  [jvm.dll+0x1c9634]
V  [jvm.dll+0x258859]
V  [jvm.dll+0x256e3a]
V  [jvm.dll+0x3ef6c6]
V  [jvm.dll+0x7ff568]
V  [jvm.dll+0x6c953d]
C  [ucrtbase.dll+0x29333]
C  [KERNEL32.DLL+0x1257d]
C  [ntdll.dll+0x5af28]


---------------  P R O C E S S  ---------------

Threads class SMR info:
_java_thread_list=0x0000029757a73850, length=32, elements={
0x000002977f3d6580, 0x000002977f3d74a0, 0x000002977f3db550, 0x000002977f3df500,
0x000002977f3e02c0, 0x000002977f3e14c0, 0x000002977f3e7270, 0x000002977f3e5170,
0x000002977f5edf60, 0x000002977f6b5860, 0x000002975432d560, 0x000002977f8cca80,
0x00000297543b4d00, 0x0000029754c39d50, 0x0000029754da0110, 0x0000029754da21e0,
0x0000029754da0e30, 0x0000029754da2f00, 0x00000297586cef70, 0x00000297586cbaf0,
0x00000297586cc810, 0x00000297586ce250, 0x00000297586ce8e0, 0x00000297586c9390,
0x000002975973b550, 0x000002975973aec0, 0x000002975973cf90, 0x00000297586ca0b0,
0x00000297586cb460, 0x00000297586c8670, 0x00000297586c9a20, 0x00000297544e6b60
}

Java Threads: ( => current thread )
  0x000002977f3d6580 JavaThread "Reference Handler"          daemon [_thread_blocked, id=17084, stack(0x000000a03dd00000,0x000000a03de00000) (1024K)]
  0x000002977f3d74a0 JavaThread "Finalizer"                  daemon [_thread_blocked, id=12628, stack(0x000000a03de00000,0x000000a03df00000) (1024K)]
  0x000002977f3db550 JavaThread "Signal Dispatcher"          daemon [_thread_blocked, id=24084, stack(0x000000a03df00000,0x000000a03e000000) (1024K)]
  0x000002977f3df500 JavaThread "Attach Listener"            daemon [_thread_blocked, id=17024, stack(0x000000a03e000000,0x000000a03e100000) (1024K)]
  0x000002977f3e02c0 JavaThread "Service Thread"             daemon [_thread_blocked, id=3924, stack(0x000000a03e100000,0x000000a03e200000) (1024K)]
  0x000002977f3e14c0 JavaThread "Monitor Deflation Thread"   daemon [_thread_blocked, id=12508, stack(0x000000a03e200000,0x000000a03e300000) (1024K)]
=>0x000002977f3e7270 JavaThread "C2 CompilerThread0"         daemon [_thread_in_native, id=16420, stack(0x000000a03e300000,0x000000a03e400000) (1024K)]
  0x000002977f3e5170 JavaThread "C1 CompilerThread0"         daemon [_thread_blocked, id=22076, stack(0x000000a03e400000,0x000000a03e500000) (1024K)]
  0x000002977f5edf60 JavaThread "Common-Cleaner"             daemon [_thread_blocked, id=9708, stack(0x000000a03e500000,0x000000a03e600000) (1024K)]
  0x000002977f6b5860 JavaThread "Notification Thread"        daemon [_thread_blocked, id=17688, stack(0x000000a03e600000,0x000000a03e700000) (1024K)]
  0x000002975432d560 JavaThread "RMI TCP Accept-0"           daemon [_thread_in_native, id=19300, stack(0x000000a03e900000,0x000000a03ea00000) (1024K)]
  0x000002977f8cca80 JavaThread "RMI TCP Accept-45556"       daemon [_thread_in_native, id=26452, stack(0x000000a03ea00000,0x000000a03eb00000) (1024K)]
  0x00000297543b4d00 JavaThread "RMI TCP Accept-0"           daemon [_thread_in_native, id=8284, stack(0x000000a03eb00000,0x000000a03ec00000) (1024K)]
  0x0000029754c39d50 JavaThread "RMI Scheduler(0)"           daemon [_thread_blocked, id=5620, stack(0x000000a03f600000,0x000000a03f700000) (1024K)]
  0x0000029754da0110 JavaThread "Catalina-utility-1"                [_thread_blocked, id=20224, stack(0x000000a03f900000,0x000000a03fa00000) (1024K)]
  0x0000029754da21e0 JavaThread "Catalina-utility-2"                [_thread_blocked, id=1616, stack(0x000000a03fc00000,0x000000a03fd00000) (1024K)]
  0x0000029754da0e30 JavaThread "container-0"                       [_thread_blocked, id=20248, stack(0x000000a03fd00000,0x000000a03fe00000) (1024K)]
  0x0000029754da2f00 JavaThread "HikariPool-1 housekeeper"   daemon [_thread_blocked, id=8588, stack(0x000000a03ff00000,0x000000a040000000) (1024K)]
  0x00000297586cef70 JavaThread "http-nio-8080-exec-2"       daemon [_thread_blocked, id=2696, stack(0x000000a040200000,0x000000a040300000) (1024K)]
  0x00000297586cbaf0 JavaThread "http-nio-8080-exec-7"       daemon [_thread_in_native, id=9908, stack(0x000000a040700000,0x000000a040800000) (1024K)]
  0x00000297586cc810 JavaThread "http-nio-8080-exec-9"       daemon [_thread_blocked, id=25628, stack(0x000000a040900000,0x000000a040a00000) (1024K)]
  0x00000297586ce250 JavaThread "http-nio-8080-Poller"       daemon [_thread_in_native, id=8312, stack(0x000000a040b00000,0x000000a040c00000) (1024K)]
  0x00000297586ce8e0 JavaThread "http-nio-8080-Acceptor"     daemon [_thread_in_native, id=12528, stack(0x000000a040c00000,0x000000a040d00000) (1024K)]
  0x00000297586c9390 JavaThread "DestroyJavaVM"                     [_thread_blocked, id=7816, stack(0x000000a03d500000,0x000000a03d600000) (1024K)]
  0x000002975973b550 JavaThread "http-nio-8080-exec-12"      daemon [_thread_in_native, id=6176, stack(0x000000a03d300000,0x000000a03d400000) (1024K)]
  0x000002975973aec0 JavaThread "http-nio-8080-exec-17"      daemon [_thread_blocked, id=18840, stack(0x000000a040000000,0x000000a040100000) (1024K)]
  0x000002975973cf90 JavaThread "http-nio-8080-exec-18"      daemon [_thread_in_native, id=23628, stack(0x000000a040d00000,0x000000a040e00000) (1024K)]
  0x00000297586ca0b0 JavaThread "http-nio-8080-exec-22"      daemon [_thread_in_native, id=15600, stack(0x000000a03e700000,0x000000a03e800000) (1024K)]
  0x00000297586cb460 JavaThread "http-nio-8080-exec-24"      daemon [_thread_in_native, id=2416, stack(0x000000a03fe00000,0x000000a03ff00000) (1024K)]
  0x00000297586c8670 JavaThread "http-nio-8080-exec-25"      daemon [_thread_blocked, id=12652, stack(0x000000a03d200000,0x000000a03d300000) (1024K)]
  0x00000297586c9a20 JavaThread "http-nio-8080-exec-26"      daemon [_thread_in_native, id=22704, stack(0x000000a03d400000,0x000000a03d500000) (1024K)]
  0x00000297544e6b60 JavaThread "HikariPool-1 connection adder" daemon [_thread_blocked, id=26160, stack(0x000000a03f500000,0x000000a03f600000) (1024K)]
Total: 32

Other Threads:
  0x000002977f3b7920 VMThread "VM Thread"                           [id=20192, stack(0x000000a03dc00000,0x000000a03dd00000) (1024K)]
  0x000002977f3a39f0 WatcherThread "VM Periodic Task Thread"        [id=10632, stack(0x000000a03db00000,0x000000a03dc00000) (1024K)]
  0x00000297716f18c0 WorkerThread "GC Thread#0"                     [id=6340, stack(0x000000a03d600000,0x000000a03d700000) (1024K)]
  0x00000297546debb0 WorkerThread "GC Thread#1"                     [id=14244, stack(0x000000a03ec00000,0x000000a03ed00000) (1024K)]
  0x00000297547a6570 WorkerThread "GC Thread#2"                     [id=8272, stack(0x000000a03ed00000,0x000000a03ee00000) (1024K)]
  0x0000029754847b50 WorkerThread "GC Thread#3"                     [id=1872, stack(0x000000a03ee00000,0x000000a03ef00000) (1024K)]
  0x00000297543fb230 WorkerThread "GC Thread#4"                     [id=12104, stack(0x000000a03ef00000,0x000000a03f000000) (1024K)]
  0x000002975493f740 WorkerThread "GC Thread#5"                     [id=1792, stack(0x000000a03f000000,0x000000a03f100000) (1024K)]
  0x000002975493fae0 WorkerThread "GC Thread#6"                     [id=24056, stack(0x000000a03f100000,0x000000a03f200000) (1024K)]
  0x00000297542cd7c0 WorkerThread "GC Thread#7"                     [id=23468, stack(0x000000a03f200000,0x000000a03f300000) (1024K)]
  0x00000297542cdb60 WorkerThread "GC Thread#8"                     [id=4564, stack(0x000000a03f300000,0x000000a03f400000) (1024K)]
  0x0000029754751930 WorkerThread "GC Thread#9"                     [id=8116, stack(0x000000a03f400000,0x000000a03f500000) (1024K)]
  0x00000297717023a0 ConcurrentGCThread "G1 Main Marker"            [id=11708, stack(0x000000a03d700000,0x000000a03d800000) (1024K)]
  0x0000029771703550 WorkerThread "G1 Conc#0"                       [id=1204, stack(0x000000a03d800000,0x000000a03d900000) (1024K)]
  0x0000029754addd00 WorkerThread "G1 Conc#1"                       [id=23512, stack(0x000000a03fa00000,0x000000a03fb00000) (1024K)]
  0x0000029754add960 WorkerThread "G1 Conc#2"                       [id=864, stack(0x000000a03fb00000,0x000000a03fc00000) (1024K)]
  0x000002977f271170 ConcurrentGCThread "G1 Refine#0"               [id=9088, stack(0x000000a03d900000,0x000000a03da00000) (1024K)]
  0x000002977f2748f0 ConcurrentGCThread "G1 Service"                [id=12400, stack(0x000000a03da00000,0x000000a03db00000) (1024K)]
Total: 18

Threads with active compile tasks:
C2 CompilerThread0  25877047 19211   !   4       org.springframework.web.servlet.mvc.method.annotation.RequestMappingHandlerAdapter::handleInternal (128 bytes)
Total: 1

VM state: not at safepoint (normal execution)

VM Mutex/Monitor currently owned by a thread: None

Heap address: 0x0000000082e00000, size: 2002 MB, Compressed Oops mode: 32-bit

CDS archive(s) mapped at: [0x000002970f000000-0x000002970fc90000-0x000002970fc90000), size 13172736, SharedBaseAddress: 0x000002970f000000, ArchiveRelocationMode: 1.
Compressed class space mapped at: 0x0000029710000000-0x0000029750000000, reserved size: 1073741824
Narrow klass base: 0x000002970f000000, Narrow klass shift: 0, Narrow klass range: 0x100000000

GC Precious Log:
 CardTable entry size: 512
 Card Set container configuration: InlinePtr #cards 5 size 8 Array Of Cards #cards 12 size 40 Howl #buckets 4 coarsen threshold 1843 Howl Bitmap #cards 512 size 80 coarsen threshold 460 Card regions per heap region 1 cards per card region 2048
 CPUs: 12 total, 12 available
 Memory: 8003M
 Large Page Support: Disabled
 NUMA Support: Disabled
 Compressed Oops: Enabled (32-bit)
 Heap Region Size: 1M
 Heap Min Capacity: 8M
 Heap Initial Capacity: 126M
 Heap Max Capacity: 2002M
 Pre-touch: Disabled
 Parallel Workers: 10
 Concurrent Workers: 3
 Concurrent Refinement Workers: 10
 Periodic GC: Disabled

Heap:
 garbage-first heap   total 131072K, used 90805K [0x0000000082e00000, 0x0000000100000000)
  region size 1024K, 35 young (35840K), 2 survivors (2048K)
 Metaspace       used 79642K, committed 80640K, reserved 1179648K
  class space    used 9470K, committed 10048K, reserved 1048576K

Heap Regions: E=young(eden), S=young(survivor), O=old, HS=humongous(starts), HC=humongous(continues), CS=collection set, F=free, TAMS=top-at-mark-start, PB=parsable bottom
|   0|0x0000000082e00000, 0x0000000082f00000, 0x0000000082f00000|100%|HS|  |TAMS 0x0000000082e00000| PB 0x0000000082e00000| Complete 
|   1|0x0000000082f00000, 0x0000000083000000, 0x0000000083000000|100%| O|  |TAMS 0x0000000082f00000| PB 0x0000000082f00000| Untracked 
|   2|0x0000000083000000, 0x0000000083100000, 0x0000000083100000|100%| O|  |TAMS 0x0000000083000000| PB 0x0000000083000000| Untracked 
|   3|0x0000000083100000, 0x0000000083200000, 0x0000000083200000|100%| O|  |TAMS 0x0000000083100000| PB 0x0000000083100000| Untracked 
|   4|0x0000000083200000, 0x0000000083300000, 0x0000000083300000|100%| O|  |TAMS 0x0000000083200000| PB 0x0000000083200000| Untracked 
|   5|0x0000000083300000, 0x0000000083400000, 0x0000000083400000|100%| O|  |TAMS 0x0000000083300000| PB 0x0000000083300000| Untracked 
|   6|0x0000000083400000, 0x0000000083500000, 0x0000000083500000|100%| O|  |TAMS 0x0000000083400000| PB 0x0000000083400000| Untracked 
|   7|0x0000000083500000, 0x0000000083600000, 0x0000000083600000|100%| O|  |TAMS 0x0000000083500000| PB 0x0000000083500000| Untracked 
|   8|0x0000000083600000, 0x0000000083700000, 0x0000000083700000|100%| O|  |TAMS 0x0000000083600000| PB 0x0000000083600000| Untracked 
|   9|0x0000000083700000, 0x0000000083800000, 0x0000000083800000|100%| O|  |TAMS 0x0000000083700000| PB 0x0000000083700000| Untracked 
|  10|0x0000000083800000, 0x0000000083900000, 0x0000000083900000|100%| O|  |TAMS 0x0000000083800000| PB 0x0000000083800000| Untracked 
|  11|0x0000000083900000, 0x0000000083a00000, 0x0000000083a00000|100%| O|  |TAMS 0x0000000083900000| PB 0x0000000083900000| Untracked 
|  12|0x0000000083a00000, 0x0000000083b00000, 0x0000000083b00000|100%| O|  |TAMS 0x0000000083a00000| PB 0x0000000083a00000| Untracked 
|  13|0x0000000083b00000, 0x0000000083c00000, 0x0000000083c00000|100%| O|  |TAMS 0x0000000083b00000| PB 0x0000000083b00000| Untracked 
|  14|0x0000000083c00000, 0x0000000083d00000, 0x0000000083d00000|100%| O|  |TAMS 0x0000000083c00000| PB 0x0000000083c00000| Untracked 
|  15|0x0000000083d00000, 0x0000000083e00000, 0x0000000083e00000|100%| O|  |TAMS 0x0000000083d00000| PB 0x0000000083d00000| Untracked 
|  16|0x0000000083e00000, 0x0000000083f00000, 0x0000000083f00000|100%| O|  |TAMS 0x0000000083e00000| PB 0x0000000083e00000| Untracked 
|  17|0x0000000083f00000, 0x0000000084000000, 0x0000000084000000|100%| O|  |TAMS 0x0000000083f00000| PB 0x0000000083f00000| Untracked 
|  18|0x0000000084000000, 0x0000000084100000, 0x0000000084100000|100%| O|  |TAMS 0x0000000084000000| PB 0x0000000084000000| Untracked 
|  19|0x0000000084100000, 0x0000000084200000, 0x0000000084200000|100%| O|  |TAMS 0x0000000084100000| PB 0x0000000084100000| Untracked 
|  20|0x0000000084200000, 0x0000000084300000, 0x0000000084300000|100%| O|  |TAMS 0x0000000084200000| PB 0x0000000084200000| Untracked 
|  21|0x0000000084300000, 0x0000000084400000, 0x0000000084400000|100%| O|  |TAMS 0x0000000084300000| PB 0x0000000084300000| Untracked 
|  22|0x0000000084400000, 0x0000000084500000, 0x0000000084500000|100%| O|Cm|TAMS 0x0000000084400000| PB 0x0000000084400000| Complete 
|  23|0x0000000084500000, 0x0000000084600000, 0x0000000084600000|100%| O|Cm|TAMS 0x0000000084500000| PB 0x0000000084500000| Complete 
|  24|0x0000000084600000, 0x0000000084700000, 0x0000000084700000|100%| O|  |TAMS 0x0000000084600000| PB 0x0000000084600000| Untracked 
|  25|0x0000000084700000, 0x0000000084800000, 0x0000000084800000|100%| O|  |TAMS 0x0000000084700000| PB 0x0000000084700000| Untracked 
|  26|0x0000000084800000, 0x0000000084900000, 0x0000000084900000|100%| O|  |TAMS 0x0000000084800000| PB 0x0000000084800000| Untracked 
|  27|0x0000000084900000, 0x0000000084a00000, 0x0000000084a00000|100%| O|  |TAMS 0x0000000084900000| PB 0x0000000084900000| Untracked 
|  28|0x0000000084a00000, 0x0000000084b00000, 0x0000000084b00000|100%| O|  |TAMS 0x0000000084a00000| PB 0x0000000084a00000| Untracked 
|  29|0x0000000084b00000, 0x0000000084c00000, 0x0000000084c00000|100%| O|  |TAMS 0x0000000084b00000| PB 0x0000000084b00000| Untracked 
|  30|0x0000000084c00000, 0x0000000084d00000, 0x0000000084d00000|100%| O|  |TAMS 0x0000000084c00000| PB 0x0000000084c00000| Untracked 
|  31|0x0000000084d00000, 0x0000000084e00000, 0x0000000084e00000|100%| O|  |TAMS 0x0000000084d00000| PB 0x0000000084d00000| Untracked 
|  32|0x0000000084e00000, 0x0000000084f00000, 0x0000000084f00000|100%| O|  |TAMS 0x0000000084e00000| PB 0x0000000084e00000| Untracked 
|  33|0x0000000084f00000, 0x0000000085000000, 0x0000000085000000|100%| O|  |TAMS 0x0000000084f00000| PB 0x0000000084f00000| Untracked 
|  34|0x0000000085000000, 0x0000000085100000, 0x0000000085100000|100%| O|  |TAMS 0x0000000085000000| PB 0x0000000085000000| Untracked 
|  35|0x0000000085100000, 0x0000000085200000, 0x0000000085200000|100%| O|  |TAMS 0x0000000085100000| PB 0x0000000085100000| Untracked 
|  36|0x0000000085200000, 0x0000000085300000, 0x0000000085300000|100%| O|  |TAMS 0x0000000085200000| PB 0x0000000085200000| Untracked 
|  37|0x0000000085300000, 0x0000000085400000, 0x0000000085400000|100%| O|  |TAMS 0x0000000085300000| PB 0x0000000085300000| Untracked 
|  38|0x0000000085400000, 0x0000000085400000, 0x0000000085500000|  0%| F|  |TAMS 0x0000000085400000| PB 0x0000000085400000| Untracked 
|  39|0x0000000085500000, 0x0000000085600000, 0x0000000085600000|100%| O|  |TAMS 0x0000000085500000| PB 0x0000000085500000| Untracked 
|  40|0x0000000085600000, 0x0000000085600000, 0x0000000085700000|  0%| F|  |TAMS 0x0000000085600000| PB 0x0000000085600000| Untracked 
|  41|0x0000000085700000, 0x0000000085800000, 0x0000000085800000|100%| O|  |TAMS 0x0000000085700000| PB 0x0000000085700000| Untracked 
|  42|0x0000000085800000, 0x0000000085851708, 0x0000000085900000| 31%| O|  |TAMS 0x0000000085800000| PB 0x0000000085800000| Untracked 
|  43|0x0000000085900000, 0x0000000085a00000, 0x0000000085a00000|100%| O|  |TAMS 0x0000000085900000| PB 0x0000000085900000| Untracked 
|  44|0x0000000085a00000, 0x0000000085a00000, 0x0000000085b00000|  0%| F|  |TAMS 0x0000000085a00000| PB 0x0000000085a00000| Untracked 
|  45|0x0000000085b00000, 0x0000000085b00000, 0x0000000085c00000|  0%| F|  |TAMS 0x0000000085b00000| PB 0x0000000085b00000| Untracked 
|  46|0x0000000085c00000, 0x0000000085c00000, 0x0000000085d00000|  0%| F|  |TAMS 0x0000000085c00000| PB 0x0000000085c00000| Untracked 
|  47|0x0000000085d00000, 0x0000000085d00000, 0x0000000085e00000|  0%| F|  |TAMS 0x0000000085d00000| PB 0x0000000085d00000| Untracked 
|  48|0x0000000085e00000, 0x0000000085e00000, 0x0000000085f00000|  0%| F|  |TAMS 0x0000000085e00000| PB 0x0000000085e00000| Untracked 
|  49|0x0000000085f00000, 0x0000000086000000, 0x0000000086000000|100%| O|Cm|TAMS 0x0000000085f00000| PB 0x0000000085f00000| Complete 
|  50|0x0000000086000000, 0x000000008605bf58, 0x0000000086100000| 35%| S|CS|TAMS 0x0000000086000000| PB 0x0000000086000000| Complete 
|  51|0x0000000086100000, 0x0000000086200000, 0x0000000086200000|100%| O|  |TAMS 0x0000000086100000| PB 0x0000000086100000| Untracked 
|  52|0x0000000086200000, 0x0000000086300000, 0x0000000086300000|100%| O|  |TAMS 0x0000000086200000| PB 0x0000000086200000| Untracked 
|  53|0x0000000086300000, 0x0000000086400000, 0x0000000086400000|100%| S|CS|TAMS 0x0000000086300000| PB 0x0000000086300000| Complete 
|  54|0x0000000086400000, 0x0000000086500000, 0x0000000086500000|100%| O|  |TAMS 0x0000000086400000| PB 0x0000000086400000| Untracked 
|  55|0x0000000086500000, 0x0000000086600000, 0x0000000086600000|100%| O|  |TAMS 0x0000000086500000| PB 0x0000000086500000| Untracked 
|  56|0x0000000086600000, 0x0000000086700000, 0x0000000086700000|100%| O|  |TAMS 0x0000000086600000| PB 0x0000000086600000| Untracked 
|  57|0x0000000086700000, 0x0000000086800000, 0x0000000086800000|100%| O|Cm|TAMS 0x0000000086700000| PB 0x0000000086700000| Complete 
|  58|0x0000000086800000, 0x0000000086800000, 0x0000000086900000|  0%| F|  |TAMS 0x0000000086800000| PB 0x0000000086800000| Untracked 
|  59|0x0000000086900000, 0x0000000086a00000, 0x0000000086a00000|100%| O|  |TAMS 0x0000000086900000| PB 0x0000000086900000| Untracked 
|  60|0x0000000086a00000, 0x0000000086b00000, 0x0000000086b00000|100%| O|  |TAMS 0x0000000086a00000| PB 0x0000000086a00000| Untracked 
|  61|0x0000000086b00000, 0x0000000086c00000, 0x0000000086c00000|100%| O|  |TAMS 0x0000000086b00000| PB 0x0000000086b00000| Untracked 
|  62|0x0000000086c00000, 0x0000000086d00000, 0x0000000086d00000|100%| O|  |TAMS 0x0000000086c00000| PB 0x0000000086c00000| Untracked 
|  63|0x0000000086d00000, 0x0000000086e00000, 0x0000000086e00000|100%| O|  |TAMS 0x0000000086d00000| PB 0x0000000086d00000| Untracked 
|  64|0x0000000086e00000, 0x0000000086f00000, 0x0000000086f00000|100%| O|  |TAMS 0x0000000086e00000| PB 0x0000000086e00000| Untracked 
|  65|0x0000000086f00000, 0x0000000087000000, 0x0000000087000000|100%| O|  |TAMS 0x0000000086f00000| PB 0x0000000086f00000| Untracked 
|  66|0x0000000087000000, 0x0000000087000000, 0x0000000087100000|  0%| F|  |TAMS 0x0000000087000000| PB 0x0000000087000000| Untracked 
|  67|0x0000000087100000, 0x0000000087100000, 0x0000000087200000|  0%| F|  |TAMS 0x0000000087100000| PB 0x0000000087100000| Untracked 
|  68|0x0000000087200000, 0x0000000087200000, 0x0000000087300000|  0%| F|  |TAMS 0x0000000087200000| PB 0x0000000087200000| Untracked 
|  69|0x0000000087300000, 0x0000000087300000, 0x0000000087400000|  0%| F|  |TAMS 0x0000000087300000| PB 0x0000000087300000| Untracked 
|  70|0x0000000087400000, 0x0000000087400000, 0x0000000087500000|  0%| F|  |TAMS 0x0000000087400000| PB 0x0000000087400000| Untracked 
|  71|0x0000000087500000, 0x0000000087500000, 0x0000000087600000|  0%| F|  |TAMS 0x0000000087500000| PB 0x0000000087500000| Untracked 
|  72|0x0000000087600000, 0x0000000087600000, 0x0000000087700000|  0%| F|  |TAMS 0x0000000087600000| PB 0x0000000087600000| Untracked 
|  73|0x0000000087700000, 0x0000000087700000, 0x0000000087800000|  0%| F|  |TAMS 0x0000000087700000| PB 0x0000000087700000| Untracked 
|  74|0x0000000087800000, 0x0000000087800000, 0x0000000087900000|  0%| F|  |TAMS 0x0000000087800000| PB 0x0000000087800000| Untracked 
|  75|0x0000000087900000, 0x0000000087900000, 0x0000000087a00000|  0%| F|  |TAMS 0x0000000087900000| PB 0x0000000087900000| Untracked 
|  76|0x0000000087a00000, 0x0000000087a00000, 0x0000000087b00000|  0%| F|  |TAMS 0x0000000087a00000| PB 0x0000000087a00000| Untracked 
|  77|0x0000000087b00000, 0x0000000087b00000, 0x0000000087c00000|  0%| F|  |TAMS 0x0000000087b00000| PB 0x0000000087b00000| Untracked 
|  78|0x0000000087c00000, 0x0000000087c00000, 0x0000000087d00000|  0%| F|  |TAMS 0x0000000087c00000| PB 0x0000000087c00000| Untracked 
|  79|0x0000000087d00000, 0x0000000087d00000, 0x0000000087e00000|  0%| F|  |TAMS 0x0000000087d00000| PB 0x0000000087d00000| Untracked 
|  80|0x0000000087e00000, 0x0000000087e00000, 0x0000000087f00000|  0%| F|  |TAMS 0x0000000087e00000| PB 0x0000000087e00000| Untracked 
|  81|0x0000000087f00000, 0x0000000087f00000, 0x0000000088000000|  0%| F|  |TAMS 0x0000000087f00000| PB 0x0000000087f00000| Untracked 
|  82|0x0000000088000000, 0x0000000088000000, 0x0000000088100000|  0%| F|  |TAMS 0x0000000088000000| PB 0x0000000088000000| Untracked 
|  83|0x0000000088100000, 0x0000000088100000, 0x0000000088200000|  0%| F|  |TAMS 0x0000000088100000| PB 0x0000000088100000| Untracked 
|  84|0x0000000088200000, 0x0000000088200000, 0x0000000088300000|  0%| F|  |TAMS 0x0000000088200000| PB 0x0000000088200000| Untracked 
|  85|0x0000000088300000, 0x0000000088300000, 0x0000000088400000|  0%| F|  |TAMS 0x0000000088300000| PB 0x0000000088300000| Untracked 
|  86|0x0000000088400000, 0x0000000088400000, 0x0000000088500000|  0%| F|  |TAMS 0x0000000088400000| PB 0x0000000088400000| Untracked 
|  87|0x0000000088500000, 0x0000000088500000, 0x0000000088600000|  0%| F|  |TAMS 0x0000000088500000| PB 0x0000000088500000| Untracked 
|  88|0x0000000088600000, 0x0000000088600000, 0x0000000088700000|  0%| F|  |TAMS 0x0000000088600000| PB 0x0000000088600000| Untracked 
|  89|0x0000000088700000, 0x0000000088700000, 0x0000000088800000|  0%| F|  |TAMS 0x0000000088700000| PB 0x0000000088700000| Untracked 
|  90|0x0000000088800000, 0x0000000088800000, 0x0000000088900000|  0%| F|  |TAMS 0x0000000088800000| PB 0x0000000088800000| Untracked 
|  91|0x0000000088900000, 0x0000000088900000, 0x0000000088a00000|  0%| F|  |TAMS 0x0000000088900000| PB 0x0000000088900000| Untracked 
|  92|0x0000000088a00000, 0x0000000088a00000, 0x0000000088b00000|  0%| F|  |TAMS 0x0000000088a00000| PB 0x0000000088a00000| Untracked 
|  93|0x0000000088b00000, 0x0000000088b00000, 0x0000000088c00000|  0%| F|  |TAMS 0x0000000088b00000| PB 0x0000000088b00000| Untracked 
|  94|0x0000000088c00000, 0x0000000088ca2988, 0x0000000088d00000| 63%| E|  |TAMS 0x0000000088c00000| PB 0x0000000088c00000| Complete 
|  95|0x0000000088d00000, 0x0000000088e00000, 0x0000000088e00000|100%| E|CS|TAMS 0x0000000088d00000| PB 0x0000000088d00000| Complete 
|  96|0x0000000088e00000, 0x0000000088f00000, 0x0000000088f00000|100%| E|CS|TAMS 0x0000000088e00000| PB 0x0000000088e00000| Complete 
|  97|0x0000000088f00000, 0x0000000089000000, 0x0000000089000000|100%| E|CS|TAMS 0x0000000088f00000| PB 0x0000000088f00000| Complete 
|  98|0x0000000089000000, 0x0000000089100000, 0x0000000089100000|100%| E|  |TAMS 0x0000000089000000| PB 0x0000000089000000| Complete 
|  99|0x0000000089100000, 0x0000000089200000, 0x0000000089200000|100%| E|CS|TAMS 0x0000000089100000| PB 0x0000000089100000| Complete 
| 100|0x0000000089200000, 0x0000000089300000, 0x0000000089300000|100%| E|CS|TAMS 0x0000000089200000| PB 0x0000000089200000| Complete 
| 101|0x0000000089300000, 0x0000000089400000, 0x0000000089400000|100%| E|CS|TAMS 0x0000000089300000| PB 0x0000000089300000| Complete 
| 102|0x0000000089400000, 0x0000000089500000, 0x0000000089500000|100%| E|CS|TAMS 0x0000000089400000| PB 0x0000000089400000| Complete 
| 103|0x0000000089500000, 0x0000000089600000, 0x0000000089600000|100%| E|CS|TAMS 0x0000000089500000| PB 0x0000000089500000| Complete 
| 104|0x0000000089600000, 0x0000000089700000, 0x0000000089700000|100%| E|CS|TAMS 0x0000000089600000| PB 0x0000000089600000| Complete 
| 105|0x0000000089700000, 0x0000000089800000, 0x0000000089800000|100%| E|CS|TAMS 0x0000000089700000| PB 0x0000000089700000| Complete 
| 106|0x0000000089800000, 0x0000000089900000, 0x0000000089900000|100%| E|CS|TAMS 0x0000000089800000| PB 0x0000000089800000| Complete 
| 107|0x0000000089900000, 0x0000000089a00000, 0x0000000089a00000|100%| E|CS|TAMS 0x0000000089900000| PB 0x0000000089900000| Complete 
| 108|0x0000000089a00000, 0x0000000089b00000, 0x0000000089b00000|100%| E|CS|TAMS 0x0000000089a00000| PB 0x0000000089a00000| Complete 
| 109|0x0000000089b00000, 0x0000000089c00000, 0x0000000089c00000|100%| E|CS|TAMS 0x0000000089b00000| PB 0x0000000089b00000| Complete 
| 110|0x0000000089c00000, 0x0000000089d00000, 0x0000000089d00000|100%| E|CS|TAMS 0x0000000089c00000| PB 0x0000000089c00000| Complete 
| 111|0x0000000089d00000, 0x0000000089e00000, 0x0000000089e00000|100%| E|CS|TAMS 0x0000000089d00000| PB 0x0000000089d00000| Complete 
| 112|0x0000000089e00000, 0x0000000089f00000, 0x0000000089f00000|100%| E|CS|TAMS 0x0000000089e00000| PB 0x0000000089e00000| Complete 
| 113|0x0000000089f00000, 0x000000008a000000, 0x000000008a000000|100%| E|CS|TAMS 0x0000000089f00000| PB 0x0000000089f00000| Complete 
| 114|0x000000008a000000, 0x000000008a100000, 0x000000008a100000|100%| E|CS|TAMS 0x000000008a000000| PB 0x000000008a000000| Complete 
| 115|0x000000008a100000, 0x000000008a200000, 0x000000008a200000|100%| E|CS|TAMS 0x000000008a100000| PB 0x000000008a100000| Complete 
| 116|0x000000008a200000, 0x000000008a300000, 0x000000008a300000|100%| E|CS|TAMS 0x000000008a200000| PB 0x000000008a200000| Complete 
| 117|0x000000008a300000, 0x000000008a400000, 0x000000008a400000|100%| E|CS|TAMS 0x000000008a300000| PB 0x000000008a300000| Complete 
| 118|0x000000008a400000, 0x000000008a500000, 0x000000008a500000|100%| E|CS|TAMS 0x000000008a400000| PB 0x000000008a400000| Complete 
| 119|0x000000008a500000, 0x000000008a600000, 0x000000008a600000|100%| E|CS|TAMS 0x000000008a500000| PB 0x000000008a500000| Complete 
| 120|0x000000008a600000, 0x000000008a700000, 0x000000008a700000|100%| E|CS|TAMS 0x000000008a600000| PB 0x000000008a600000| Complete 
| 121|0x000000008a700000, 0x000000008a800000, 0x000000008a800000|100%| E|CS|TAMS 0x000000008a700000| PB 0x000000008a700000| Complete 
| 122|0x000000008a800000, 0x000000008a900000, 0x000000008a900000|100%| E|CS|TAMS 0x000000008a800000| PB 0x000000008a800000| Complete 
| 123|0x000000008a900000, 0x000000008aa00000, 0x000000008aa00000|100%| E|CS|TAMS 0x000000008a900000| PB 0x000000008a900000| Complete 
| 124|0x000000008aa00000, 0x000000008ab00000, 0x000000008ab00000|100%| E|CS|TAMS 0x000000008aa00000| PB 0x000000008aa00000| Complete 
| 125|0x000000008ab00000, 0x000000008ac00000, 0x000000008ac00000|100%| E|CS|TAMS 0x000000008ab00000| PB 0x000000008ab00000| Complete 
| 126|0x000000008ac00000, 0x000000008ad00000, 0x000000008ad00000|100%| E|CS|TAMS 0x000000008ac00000| PB 0x000000008ac00000| Complete 
|2001|0x00000000fff00000, 0x0000000100000000, 0x0000000100000000|100%| O|  |TAMS 0x00000000fff00000| PB 0x00000000fff00000| Untracked 

Card table byte_map: [0x000002977a430000,0x000002977a820000] _byte_map_base: 0x000002977a019000

Marking Bits: (CMBitMap*) 0x00000297716f1ed0
 Bits: [0x000002977a820000, 0x000002977c768000)

Polling page: 0x0000029770e50000

Metaspace:

Usage:
  Non-class:     68.53 MB used.
      Class:      9.25 MB used.
       Both:     77.78 MB used.

Virtual space:
  Non-class space:      128.00 MB reserved,      68.94 MB ( 54%) committed,  2 nodes.
      Class space:        1.00 GB reserved,       9.81 MB ( <1%) committed,  1 nodes.
             Both:        1.12 GB reserved,      78.75 MB (  7%) committed. 

Chunk freelists:
   Non-Class:  10.16 MB
       Class:  6.14 MB
        Both:  16.29 MB

MaxMetaspaceSize: unlimited
CompressedClassSpaceSize: 1.00 GB
Initial GC threshold: 21.00 MB
Current GC threshold: 130.88 MB
CDS: on
 - commit_granule_bytes: 65536.
 - commit_granule_words: 8192.
 - virtual_space_node_default_size: 8388608.
 - enlarge_chunks_in_place: 1.
 - use_allocation_guard: 0.


Internal statistics:

num_allocs_failed_limit: 9.
num_arena_births: 2434.
num_arena_deaths: 398.
num_vsnodes_births: 3.
num_vsnodes_deaths: 0.
num_space_committed: 1260.
num_space_uncommitted: 0.
num_chunks_returned_to_freelist: 489.
num_chunks_taken_from_freelist: 6228.
num_chunk_merges: 108.
num_chunk_splits: 3951.
num_chunks_enlarged: 2594.
num_inconsistent_stats: 0.

CodeHeap 'non-profiled nmethods': size=120000Kb used=13069Kb max_used=13069Kb free=106930Kb
 bounds [0x0000029707ad0000, 0x00000297087a0000, 0x000002970f000000]
CodeHeap 'profiled nmethods': size=120000Kb used=24316Kb max_used=33147Kb free=95683Kb
 bounds [0x0000029700000000, 0x0000029702060000, 0x0000029707530000]
CodeHeap 'non-nmethods': size=5760Kb used=1653Kb max_used=1745Kb free=4106Kb
 bounds [0x0000029707530000, 0x00000297077a0000, 0x0000029707ad0000]
 total_blobs=12787 nmethods=12097 adapters=593
 compilation: enabled
              stopped_count=0, restarted_count=0
 full_count=0

Compilation events (20 events):
Event: 25874.328 Thread 0x000002977f3e7270 nmethod 19201 0x0000029708789e10 code [0x000002970878a140, 0x000002970878bb78]
Event: 25874.401 Thread 0x000002977f3e7270 19202       4       org.springframework.context.support.AbstractApplicationContext::publishEvent (7 bytes)
Event: 25874.403 Thread 0x000002977f3e7270 nmethod 19202 0x000002970878cc90 code [0x000002970878ce40, 0x000002970878d038]
Event: 25874.403 Thread 0x000002977f3e7270 19203   !   4       org.apache.catalina.core.StandardWrapper::allocate (419 bytes)
Event: 25874.406 Thread 0x000002977f3e7270 nmethod 19203 0x000002970878d210 code [0x000002970878d3c0, 0x000002970878d610]
Event: 25874.926 Thread 0x000002977f3e7270 19204       4       org.apache.coyote.http11.Http11InputBuffer::init (72 bytes)
Event: 25874.933 Thread 0x000002977f3e7270 nmethod 19204 0x000002970878d810 code [0x000002970878d9e0, 0x000002970878df80]
Event: 25874.933 Thread 0x000002977f3e7270 19205       4       org.springframework.web.filter.RequestContextFilter::initContextHolders (62 bytes)
Event: 25874.947 Thread 0x000002977f3e7270 nmethod 19205 0x000002970878e290 code [0x000002970878e540, 0x000002970878ef30]
Event: 25876.564 Thread 0x000002977f3e7270 19206       4       org.springframework.core.DefaultParameterNameDiscoverer::<init> (50 bytes)
Event: 25876.581 Thread 0x000002977f3e7270 nmethod 19206 0x000002970878fb10 code [0x000002970878fd60, 0x0000029708790ea0]
Event: 25876.625 Thread 0x000002977f3e7270 19207       4       com.fasterxml.jackson.core.json.JsonWriteContext::createRootContext (11 bytes)
Event: 25876.626 Thread 0x000002977f3e7270 nmethod 19207 0x0000029708791410 code [0x00000297087915a0, 0x0000029708791688]
Event: 25876.630 Thread 0x000002977f3e7270 19208       4       org.springframework.web.servlet.support.WebContentGenerator::checkRequest (68 bytes)
Event: 25876.633 Thread 0x000002977f3e7270 nmethod 19208 0x0000029708791710 code [0x0000029708791900, 0x0000029708791c00]
Event: 25876.633 Thread 0x000002977f3e7270 19209       4       java.util.function.Function$$Lambda/0x00000297100a4730::apply (15 bytes)
Event: 25876.648 Thread 0x000002977f3e7270 nmethod 19209 0x0000029708791f10 code [0x0000029708792100, 0x0000029708792440]
Event: 25876.657 Thread 0x000002977f3e7270 19210       4       org.springframework.boot.actuate.metrics.web.servlet.LongTaskTimingHandlerInterceptor::afterCompletion (18 bytes)
Event: 25876.665 Thread 0x000002977f3e7270 nmethod 19210 0x0000029708792810 code [0x0000029708792a40, 0x0000029708792f38]
Event: 25876.665 Thread 0x000002977f3e7270 19211   !   4       org.springframework.web.servlet.mvc.method.annotation.RequestMappingHandlerAdapter::handleInternal (128 bytes)

GC Heap History (20 events):
Event: 9087.172 GC heap before
{Heap before GC invocations=36 (full 0):
 garbage-first heap   total 130048K, used 119000K [0x0000000082e00000, 0x0000000100000000)
  region size 1024K, 57 young (58368K), 3 survivors (3072K)
 Metaspace       used 78503K, committed 79552K, reserved 1179648K
  class space    used 9358K, committed 10048K, reserved 1048576K
}
Event: 9087.223 GC heap after
{Heap after GC invocations=37 (full 0):
 garbage-first heap   total 130048K, used 62971K [0x0000000082e00000, 0x0000000100000000)
  region size 1024K, 2 young (2048K), 2 survivors (2048K)
 Metaspace       used 78503K, committed 79552K, reserved 1179648K
  class space    used 9358K, committed 10048K, reserved 1048576K
}
Event: 9507.380 GC heap before
{Heap before GC invocations=37 (full 0):
 garbage-first heap   total 130048K, used 120315K [0x0000000082e00000, 0x0000000100000000)
  region size 1024K, 58 young (59392K), 2 survivors (2048K)
 Metaspace       used 78589K, committed 79680K, reserved 1179648K
  class space    used 9372K, committed 10048K, reserved 1048576K
}
Event: 9507.456 GC heap after
{Heap after GC invocations=38 (full 0):
 garbage-first heap   total 131072K, used 58195K [0x0000000082e00000, 0x0000000100000000)
  region size 1024K, 2 young (2048K), 2 survivors (2048K)
 Metaspace       used 78589K, committed 79680K, reserved 1179648K
  class space    used 9372K, committed 10048K, reserved 1048576K
}
Event: 13676.628 GC heap before
{Heap before GC invocations=38 (full 0):
 garbage-first heap   total 131072K, used 120659K [0x0000000082e00000, 0x0000000100000000)
  region size 1024K, 63 young (64512K), 2 survivors (2048K)
 Metaspace       used 78736K, committed 79808K, reserved 1179648K
  class space    used 9384K, committed 10048K, reserved 1048576K
}
Event: 13676.846 GC heap after
{Heap after GC invocations=39 (full 0):
 garbage-first heap   total 131072K, used 59958K [0x0000000082e00000, 0x0000000100000000)
  region size 1024K, 4 young (4096K), 4 survivors (4096K)
 Metaspace       used 78736K, committed 79808K, reserved 1179648K
  class space    used 9384K, committed 10048K, reserved 1048576K
}
Event: 13959.407 GC heap before
{Heap before GC invocations=40 (full 0):
 garbage-first heap   total 131072K, used 118326K [0x0000000082e00000, 0x0000000100000000)
  region size 1024K, 61 young (62464K), 4 survivors (4096K)
 Metaspace       used 78786K, committed 79872K, reserved 1179648K
  class space    used 9381K, committed 10048K, reserved 1048576K
}
Event: 13959.522 GC heap after
{Heap after GC invocations=41 (full 0):
 garbage-first heap   total 131072K, used 60669K [0x0000000082e00000, 0x0000000100000000)
  region size 1024K, 5 young (5120K), 5 survivors (5120K)
 Metaspace       used 78786K, committed 79872K, reserved 1179648K
  class space    used 9381K, committed 10048K, reserved 1048576K
}
Event: 15629.306 GC heap before
{Heap before GC invocations=41 (full 0):
 garbage-first heap   total 131072K, used 116989K [0x0000000082e00000, 0x0000000100000000)
  region size 1024K, 60 young (61440K), 5 survivors (5120K)
 Metaspace       used 78864K, committed 79936K, reserved 1179648K
  class space    used 9385K, committed 10048K, reserved 1048576K
}
Event: 15629.399 GC heap after
{Heap after GC invocations=42 (full 0):
 garbage-first heap   total 131072K, used 59830K [0x0000000082e00000, 0x0000000100000000)
  region size 1024K, 5 young (5120K), 5 survivors (5120K)
 Metaspace       used 78864K, committed 79936K, reserved 1179648K
  class space    used 9385K, committed 10048K, reserved 1048576K
}
Event: 21386.490 GC heap before
{Heap before GC invocations=42 (full 0):
 garbage-first heap   total 131072K, used 118198K [0x0000000082e00000, 0x0000000100000000)
  region size 1024K, 62 young (63488K), 5 survivors (5120K)
 Metaspace       used 78987K, committed 80064K, reserved 1179648K
  class space    used 9385K, committed 10048K, reserved 1048576K
}
Event: 21386.580 GC heap after
{Heap after GC invocations=43 (full 0):
 garbage-first heap   total 131072K, used 61777K [0x0000000082e00000, 0x0000000100000000)
  region size 1024K, 6 young (6144K), 6 survivors (6144K)
 Metaspace       used 78987K, committed 80064K, reserved 1179648K
  class space    used 9385K, committed 10048K, reserved 1048576K
}
Event: 21894.719 GC heap before
{Heap before GC invocations=44 (full 0):
 garbage-first heap   total 131072K, used 117073K [0x0000000082e00000, 0x0000000100000000)
  region size 1024K, 60 young (61440K), 6 survivors (6144K)
 Metaspace       used 79023K, committed 80064K, reserved 1179648K
  class space    used 9386K, committed 10048K, reserved 1048576K
}
Event: 21894.843 GC heap after
{Heap after GC invocations=45 (full 0):
 garbage-first heap   total 131072K, used 59798K [0x0000000082e00000, 0x0000000100000000)
  region size 1024K, 2 young (2048K), 2 survivors (2048K)
 Metaspace       used 79023K, committed 80064K, reserved 1179648K
  class space    used 9386K, committed 10048K, reserved 1048576K
}
Event: 24035.710 GC heap before
{Heap before GC invocations=45 (full 0):
 garbage-first heap   total 131072K, used 121238K [0x0000000082e00000, 0x0000000100000000)
  region size 1024K, 62 young (63488K), 2 survivors (2048K)
 Metaspace       used 79202K, committed 80256K, reserved 1179648K
  class space    used 9408K, committed 10048K, reserved 1048576K
}
Event: 24035.793 GC heap after
{Heap after GC invocations=46 (full 0):
 garbage-first heap   total 131072K, used 59420K [0x0000000082e00000, 0x0000000100000000)
  region size 1024K, 2 young (2048K), 2 survivors (2048K)
 Metaspace       used 79202K, committed 80256K, reserved 1179648K
  class space    used 9408K, committed 10048K, reserved 1048576K
}
Event: 25387.566 GC heap before
{Heap before GC invocations=46 (full 0):
 garbage-first heap   total 131072K, used 120860K [0x0000000082e00000, 0x0000000100000000)
  region size 1024K, 62 young (63488K), 2 survivors (2048K)
 Metaspace       used 79332K, committed 80384K, reserved 1179648K
  class space    used 9420K, committed 10048K, reserved 1048576K
}
Event: 25388.136 GC heap after
{Heap after GC invocations=47 (full 0):
 garbage-first heap   total 131072K, used 59255K [0x0000000082e00000, 0x0000000100000000)
  region size 1024K, 2 young (2048K), 2 survivors (2048K)
 Metaspace       used 79332K, committed 80384K, reserved 1179648K
  class space    used 9420K, committed 10048K, reserved 1048576K
}
Event: 25809.624 GC heap before
{Heap before GC invocations=48 (full 0):
 garbage-first heap   total 131072K, used 119671K [0x0000000082e00000, 0x0000000100000000)
  region size 1024K, 62 young (63488K), 2 survivors (2048K)
 Metaspace       used 79515K, committed 80512K, reserved 1179648K
  class space    used 9450K, committed 10048K, reserved 1048576K
}
Event: 25809.666 GC heap after
{Heap after GC invocations=49 (full 0):
 garbage-first heap   total 131072K, used 59061K [0x0000000082e00000, 0x0000000100000000)
  region size 1024K, 2 young (2048K), 2 survivors (2048K)
 Metaspace       used 79515K, committed 80512K, reserved 1179648K
  class space    used 9450K, committed 10048K, reserved 1048576K
}

Dll operation events (11 events):
Event: 0.005 Loaded shared library C:\Program Files\Java\jdk-21\bin\java.dll
Event: 0.031 Loaded shared library C:\Program Files\Java\jdk-21\bin\jsvml.dll
Event: 0.084 Loaded shared library C:\Program Files\Java\jdk-21\bin\jimage.dll
Event: 0.088 Loaded shared library C:\Program Files\Java\jdk-21\bin\net.dll
Event: 0.089 Loaded shared library C:\Program Files\Java\jdk-21\bin\nio.dll
Event: 0.091 Loaded shared library C:\Program Files\Java\jdk-21\bin\zip.dll
Event: 0.130 Loaded shared library C:\Program Files\Java\jdk-21\bin\management.dll
Event: 0.137 Loaded shared library C:\Program Files\Java\jdk-21\bin\management_ext.dll
Event: 0.306 Loaded shared library C:\Program Files\Java\jdk-21\bin\extnet.dll
Event: 0.352 Loaded shared library C:\Program Files\Java\jdk-21\bin\verify.dll
Event: 3.034 Loaded shared library C:\Program Files\Java\jdk-21\bin\sunmscapi.dll

Deoptimization events (20 events):
Event: 25817.988 Thread 0x00000297586c8670 DEOPT PACKING pc=0x00000297085fc640 sp=0x000000a03d2fcab0
Event: 25817.988 Thread 0x00000297586ca0b0 DEOPT PACKING pc=0x00000297085fc640 sp=0x000000a03e7fc7a0
Event: 25817.988 Thread 0x00000297586cbaf0 DEOPT PACKING pc=0x00000297085fc640 sp=0x000000a0407fc680
Event: 25817.988 Thread 0x00000297586c9a20 DEOPT PACKING pc=0x00000297085fc640 sp=0x000000a03d4fcde0
Event: 25817.988 Thread 0x00000297586c8670 DEOPT UNPACKING pc=0x00000297075846a2 sp=0x000000a03d2fca30 mode 2
Event: 25817.988 Thread 0x00000297586cbaf0 DEOPT UNPACKING pc=0x00000297075846a2 sp=0x000000a0407fc600 mode 2
Event: 25817.988 Thread 0x00000297586ca0b0 DEOPT UNPACKING pc=0x00000297075846a2 sp=0x000000a03e7fc720 mode 2
Event: 25817.989 Thread 0x00000297586c9a20 DEOPT UNPACKING pc=0x00000297075846a2 sp=0x000000a03d4fcd60 mode 2
Event: 25818.004 Thread 0x00000297544e7880 Uncommon trap: trap_request=0xffffff45 fr.pc=0x0000029707d88904 relative=0x0000000000001784
Event: 25818.004 Thread 0x00000297544e7880 Uncommon trap: reason=unstable_if action=reinterpret pc=0x0000029707d88904 method=java.util.concurrent.LinkedBlockingQueue.offer(Ljava/lang/Object;)Z @ 91 c2
Event: 25818.004 Thread 0x00000297544e7880 DEOPT PACKING pc=0x0000029707d88904 sp=0x000000a03e8fefc0
Event: 25818.006 Thread 0x00000297544e7880 DEOPT UNPACKING pc=0x00000297075846a2 sp=0x000000a03e8fef78 mode 2
Event: 25852.173 Thread 0x00000297586c9a20 Uncommon trap: trap_request=0xfffffff4 fr.pc=0x00000297082fc420 relative=0x00000000000001c0
Event: 25852.173 Thread 0x00000297586c9a20 Uncommon trap: reason=null_check action=make_not_entrant pc=0x00000297082fc420 method=org.springframework.web.servlet.handler.AbstractHandlerMethodMapping$MappingRegistry.getCorsConfiguration(Lorg/springframework/web/method/HandlerMethod;)Lorg/springframe
Event: 25852.173 Thread 0x00000297586c9a20 DEOPT PACKING pc=0x00000297082fc420 sp=0x000000a03d4fde00
Event: 25852.173 Thread 0x00000297586c9a20 DEOPT UNPACKING pc=0x00000297075846a2 sp=0x000000a03d4fdda8 mode 2
Event: 25871.839 Thread 0x00000297544e6b60 Uncommon trap: trap_request=0xffffff45 fr.pc=0x0000029707fb193c relative=0x000000000000041c
Event: 25871.839 Thread 0x00000297544e6b60 Uncommon trap: reason=unstable_if action=reinterpret pc=0x0000029707fb193c method=sun.nio.ch.NioSocketImpl.setOption(ILjava/lang/Object;)V @ 12 c2
Event: 25871.840 Thread 0x00000297544e6b60 DEOPT PACKING pc=0x0000029707fb193c sp=0x000000a03f5fe750
Event: 25871.840 Thread 0x00000297544e6b60 DEOPT UNPACKING pc=0x00000297075846a2 sp=0x000000a03f5fe700 mode 2

Classes loaded (20 events):
Event: 1299.505 Loading class java/util/concurrent/ConcurrentLinkedQueue$Itr
Event: 1299.516 Loading class java/util/concurrent/ConcurrentLinkedQueue$Itr done
Event: 8091.695 Loading class jdk/internal/reflect/MethodHandleBooleanFieldAccessorImpl
Event: 8091.700 Loading class jdk/internal/reflect/MethodHandleBooleanFieldAccessorImpl done
Event: 9123.141 Loading class jdk/internal/math/FormattedFPDecimal
Event: 9123.150 Loading class jdk/internal/math/FormattedFPDecimal done
Event: 11457.083 Loading class jdk/internal/math/FDBigInteger
Event: 11457.204 Loading class jdk/internal/math/FDBigInteger done
Event: 11457.282 Loading class jdk/internal/reflect/MethodHandleFloatFieldAccessorImpl
Event: 11457.288 Loading class jdk/internal/reflect/MethodHandleFloatFieldAccessorImpl done
Event: 13705.985 Loading class sun/util/locale/LocaleExtensions
Event: 13705.996 Loading class sun/util/locale/LocaleExtensions done
Event: 25445.123 Loading class sun/net/ConnectionResetException
Event: 25445.170 Loading class sun/net/ConnectionResetException done
Event: 25565.025 Loading class java/rmi/server/UnicastRemoteObject
Event: 25565.239 Loading class java/rmi/server/UnicastRemoteObject done
Event: 25686.775 Loading class java/util/ResourceBundle$Control$1
Event: 25686.790 Loading class java/util/ResourceBundle$Control$1 done
Event: 25689.256 Loading class sun/reflect/Reflection
Event: 25689.258 Loading class sun/reflect/Reflection done

Classes unloaded (20 events):
Event: 13677.298 Thread 0x000002977f3b7920 Unloading class 0x00000297103cc800 'java/lang/invoke/LambdaForm$MH+0x00000297103cc800'
Event: 13677.298 Thread 0x000002977f3b7920 Unloading class 0x0000029710144c00 'jdk/internal/reflect/GeneratedSerializationConstructorAccessor7'
Event: 13677.298 Thread 0x000002977f3b7920 Unloading class 0x0000029710144800 'jdk/internal/reflect/GeneratedSerializationConstructorAccessor6'
Event: 13677.298 Thread 0x000002977f3b7920 Unloading class 0x0000029710144400 'jdk/internal/reflect/GeneratedSerializationConstructorAccessor5'
Event: 25390.163 Thread 0x000002977f3b7920 Unloading class 0x0000029710930800 'java/lang/invoke/LambdaForm$DMH+0x0000029710930800'
Event: 25390.165 Thread 0x000002977f3b7920 Unloading class 0x0000029710931000 'java/lang/invoke/LambdaForm$DMH+0x0000029710931000'
Event: 25390.165 Thread 0x000002977f3b7920 Unloading class 0x0000029710966800 'java/lang/invoke/LambdaForm$DMH+0x0000029710966800'
Event: 25390.165 Thread 0x000002977f3b7920 Unloading class 0x00000297103e0800 'java/lang/invoke/LambdaForm$BMH+0x00000297103e0800'
Event: 25390.165 Thread 0x000002977f3b7920 Unloading class 0x00000297103f9c00 'java/lang/invoke/LambdaForm$BMH+0x00000297103f9c00'
Event: 25390.166 Thread 0x000002977f3b7920 Unloading class 0x000002971044c400 'java/lang/invoke/LambdaForm$MH+0x000002971044c400'
Event: 25390.166 Thread 0x000002977f3b7920 Unloading class 0x0000029710491000 'java/lang/invoke/LambdaForm$MH+0x0000029710491000'
Event: 25390.167 Thread 0x000002977f3b7920 Unloading class 0x0000029710718000 'java/lang/invoke/LambdaForm$MH+0x0000029710718000'
Event: 25390.167 Thread 0x000002977f3b7920 Unloading class 0x0000029710774000 'java/lang/invoke/LambdaForm$MH+0x0000029710774000'
Event: 25390.167 Thread 0x000002977f3b7920 Unloading class 0x00000297108c8c00 'java/lang/invoke/LambdaForm$DMH+0x00000297108c8c00'
Event: 25390.167 Thread 0x000002977f3b7920 Unloading class 0x00000297108db800 'java/lang/invoke/LambdaForm$DMH+0x00000297108db800'
Event: 25390.169 Thread 0x000002977f3b7920 Unloading class 0x00000297109d8800 'java/lang/invoke/LambdaForm$DMH+0x00000297109d8800'
Event: 25390.170 Thread 0x000002977f3b7920 Unloading class 0x00000297109d5000 'java/lang/invoke/LambdaForm$DMH+0x00000297109d5000'
Event: 25390.172 Thread 0x000002977f3b7920 Unloading class 0x00000297109c1400 'java/lang/invoke/LambdaForm$DMH+0x00000297109c1400'
Event: 25390.173 Thread 0x000002977f3b7920 Unloading class 0x000002971098c000 'java/lang/invoke/LambdaForm$MH+0x000002971098c000'
Event: 25390.173 Thread 0x000002977f3b7920 Unloading class 0x000002971098b800 'java/lang/invoke/LambdaForm$MH+0x000002971098b800'

Classes redefined (0 events):
No events

Internal exceptions (20 events):
Event: 25817.760 Thread 0x00000297586cbaf0 Exception <a 'sun/net/ConnectionResetException'{0x000000008a97e200}: Connection reset> (0x000000008a97e200) 
thrown [s\open\src\hotspot\share\prims\jni.cpp, line 539]
Event: 25817.760 Thread 0x00000297586c9a20 Exception <a 'sun/net/ConnectionResetException'{0x000000008a95ba00}: Connection reset> (0x000000008a95ba00) 
thrown [s\open\src\hotspot\share\prims\jni.cpp, line 539]
Event: 25817.760 Thread 0x00000297586cc810 Exception <a 'sun/net/ConnectionResetException'{0x000000008a9a45a0}: Connection reset> (0x000000008a9a45a0) 
thrown [s\open\src\hotspot\share\prims\jni.cpp, line 539]
Event: 25817.999 Thread 0x000002975973aec0 Exception <a 'java/io/IOException'{0x000000008a5dbde0}: Connection reset by peer> (0x000000008a5dbde0) 
thrown [s\open\src\hotspot\share\prims\jni.cpp, line 539]
Event: 25817.999 Thread 0x00000297586cbaf0 Exception <a 'java/io/IOException'{0x000000008a554700}: Connection reset by peer> (0x000000008a554700) 
thrown [s\open\src\hotspot\share\prims\jni.cpp, line 539]
Event: 25817.999 Thread 0x000002975973cf90 Exception <a 'java/io/IOException'{0x000000008aac8bc0}: Connection reset by peer> (0x000000008aac8bc0) 
thrown [s\open\src\hotspot\share\prims\jni.cpp, line 539]
Event: 25817.999 Thread 0x00000297586cb460 Exception <a 'java/io/IOException'{0x000000008a5cad48}: Connection reset by peer> (0x000000008a5cad48) 
thrown [s\open\src\hotspot\share\prims\jni.cpp, line 539]
Event: 25852.173 Thread 0x00000297586c9a20 Implicit null exception at 0x00000297082fc360 to 0x00000297082fc416
Event: 25863.442 Thread 0x00000297586c8670 Exception <a 'sun/net/ConnectionResetException'{0x000000008963d578}: Connection reset> (0x000000008963d578) 
thrown [s\open\src\hotspot\share\prims\jni.cpp, line 539]
Event: 25863.446 Thread 0x000002975973aec0 Exception <a 'sun/net/ConnectionResetException'{0x00000000896da7f0}: Connection reset> (0x00000000896da7f0) 
thrown [s\open\src\hotspot\share\prims\jni.cpp, line 539]
Event: 25863.457 Thread 0x00000297586cc810 Exception <a 'sun/net/ConnectionResetException'{0x000000008966e578}: Connection reset> (0x000000008966e578) 
thrown [s\open\src\hotspot\share\prims\jni.cpp, line 539]
Event: 25863.457 Thread 0x00000297586cbaf0 Exception <a 'sun/net/ConnectionResetException'{0x00000000896caf10}: Connection reset> (0x00000000896caf10) 
thrown [s\open\src\hotspot\share\prims\jni.cpp, line 539]
Event: 25863.457 Thread 0x00000297586cb460 Exception <a 'sun/net/ConnectionResetException'{0x0000000089612118}: Connection reset> (0x0000000089612118) 
thrown [s\open\src\hotspot\share\prims\jni.cpp, line 539]
Event: 25863.461 Thread 0x000002975973b550 Exception <a 'sun/net/ConnectionResetException'{0x00000000896ee5e0}: Connection reset> (0x00000000896ee5e0) 
thrown [s\open\src\hotspot\share\prims\jni.cpp, line 539]
Event: 25863.484 Thread 0x00000297586c9a20 Exception <a 'java/io/IOException'{0x000000008937d480}: Connection reset by peer> (0x000000008937d480) 
thrown [s\open\src\hotspot\share\prims\jni.cpp, line 539]
Event: 25863.495 Thread 0x000002975973cf90 Exception <a 'java/io/IOException'{0x0000000089688550}: Connection reset by peer> (0x0000000089688550) 
thrown [s\open\src\hotspot\share\prims\jni.cpp, line 539]
Event: 25863.499 Thread 0x00000297586c9a20 Exception <a 'java/io/IOException'{0x0000000089386530}: Connection reset by peer> (0x0000000089386530) 
thrown [s\open\src\hotspot\share\prims\jni.cpp, line 539]
Event: 25863.499 Thread 0x000002975973cf90 Exception <a 'java/io/IOException'{0x00000000893b4218}: Connection reset by peer> (0x00000000893b4218) 
thrown [s\open\src\hotspot\share\prims\jni.cpp, line 539]
Event: 25868.363 Thread 0x00000297544e6b60 Exception <a 'sun/net/ConnectionResetException'{0x000000008918a228}: Connection reset> (0x000000008918a228) 
thrown [s\open\src\hotspot\share\prims\jni.cpp, line 539]
Event: 25871.841 Thread 0x00000297544e6b60 Exception <a 'sun/net/ConnectionResetException'{0x00000000890fc630}: Connection reset> (0x00000000890fc630) 
thrown [s\open\src\hotspot\share\prims\jni.cpp, line 539]

ZGC Phase Switch (0 events):
No events

VM Operations (20 events):
Event: 25847.807 Executing VM operation: Cleanup
Event: 25847.807 Executing VM operation: Cleanup done
Event: 25848.807 Executing VM operation: Cleanup
Event: 25848.807 Executing VM operation: Cleanup done
Event: 25852.847 Executing VM operation: Cleanup
Event: 25852.847 Executing VM operation: Cleanup done
Event: 25853.850 Executing VM operation: Cleanup
Event: 25853.851 Executing VM operation: Cleanup done
Event: 25855.717 Executing VM operation: HandshakeAllThreads (HandshakeForDeflation)
Event: 25855.717 Executing VM operation: HandshakeAllThreads (HandshakeForDeflation) done
Event: 25855.717 Executing VM operation: RendezvousGCThreads
Event: 25855.717 Executing VM operation: RendezvousGCThreads done
Event: 25861.754 Executing VM operation: Cleanup
Event: 25861.754 Executing VM operation: Cleanup done
Event: 25863.758 Executing VM operation: Cleanup
Event: 25863.758 Executing VM operation: Cleanup done
Event: 25874.819 Executing VM operation: Cleanup
Event: 25874.819 Executing VM operation: Cleanup done
Event: 25876.821 Executing VM operation: Cleanup
Event: 25876.822 Executing VM operation: Cleanup done

Events (20 events):
Event: 25393.406 Thread 0x000002977f3b7920 flushing nmethod 0x0000029707bbcc10
Event: 25408.216 Thread 0x00000297544e7880 Thread added: 0x00000297544e7880
Event: 25417.913 Thread 0x00000297544e7880 Thread exited: 0x00000297544e7880
Event: 25505.360 Thread 0x0000029754b0f2f0 Thread exited: 0x0000029754b0f2f0
Event: 25565.280 Thread 0x00000297543b1920 Thread exited: 0x00000297543b1920
Event: 25697.170 Thread 0x00000297544e7880 Thread added: 0x00000297544e7880
Event: 25702.206 Thread 0x00000297544e7880 Thread exited: 0x00000297544e7880
Event: 25766.468 Thread 0x00000297544e7880 Thread added: 0x00000297544e7880
Event: 25771.482 Thread 0x00000297544e7880 Thread exited: 0x00000297544e7880
Event: 25806.741 Thread 0x00000297544e7880 Thread added: 0x00000297544e7880
Event: 25811.771 Thread 0x00000297544e7880 Thread exited: 0x00000297544e7880
Event: 25817.875 Thread 0x00000297544e7880 Thread added: 0x00000297544e7880
Event: 25817.885 Thread 0x00000297544e3d70 Thread added: 0x00000297544e3d70
Event: 25823.014 Thread 0x00000297544e7880 Thread exited: 0x00000297544e7880
Event: 25831.606 Thread 0x00000297544e3d70 Thread exited: 0x00000297544e3d70
Event: 25832.784 Thread 0x00000297544e85a0 Thread added: 0x00000297544e85a0
Event: 25837.795 Thread 0x00000297544e85a0 Thread exited: 0x00000297544e85a0
Event: 25863.452 Thread 0x00000297544e71f0 Thread added: 0x00000297544e71f0
Event: 25863.468 Thread 0x00000297544e6b60 Thread added: 0x00000297544e6b60
Event: 25868.514 Thread 0x00000297544e71f0 Thread exited: 0x00000297544e71f0


Dynamic libraries:
0x00007ff6a6650000 - 0x00007ff6a6660000 	C:\Program Files\Java\jdk-21\bin\java.exe
0x00007ff92df70000 - 0x00007ff92e187000 	C:\WINDOWS\SYSTEM32\ntdll.dll
0x00007ff92cd60000 - 0x00007ff92ce24000 	C:\WINDOWS\System32\KERNEL32.DLL
0x00007ff92b2a0000 - 0x00007ff92b64c000 	C:\WINDOWS\System32\KERNELBASE.dll
0x00007ff92b900000 - 0x00007ff92ba11000 	C:\WINDOWS\System32\ucrtbase.dll
0x00007ff9258d0000 - 0x00007ff9258eb000 	C:\Program Files\Java\jdk-21\bin\VCRUNTIME140.dll
0x00007ff925b00000 - 0x00007ff925b19000 	C:\Program Files\Java\jdk-21\bin\jli.dll
0x00007ff92bcb0000 - 0x00007ff92bd62000 	C:\WINDOWS\System32\ADVAPI32.dll
0x00007ff92c9c0000 - 0x00007ff92ca67000 	C:\WINDOWS\System32\msvcrt.dll
0x00007ff92d1f0000 - 0x00007ff92d29a000 	C:\WINDOWS\System32\sechost.dll
0x00007ff92ba50000 - 0x00007ff92ba78000 	C:\WINDOWS\System32\bcrypt.dll
0x00007ff92ca80000 - 0x00007ff92cb95000 	C:\WINDOWS\System32\RPCRT4.dll
0x00007ff92bd80000 - 0x00007ff92bf2e000 	C:\WINDOWS\System32\USER32.dll
0x00007ff92ba20000 - 0x00007ff92ba46000 	C:\WINDOWS\System32\win32u.dll
0x00007ff921440000 - 0x00007ff9216d3000 	C:\WINDOWS\WinSxS\amd64_microsoft.windows.common-controls_6595b64144ccf1df_6.0.22621.3672_none_2713b9d173822955\COMCTL32.dll
0x00007ff92de20000 - 0x00007ff92de49000 	C:\WINDOWS\System32\GDI32.dll
0x00007ff92b6d0000 - 0x00007ff92b7e9000 	C:\WINDOWS\System32\gdi32full.dll
0x00007ff92b7f0000 - 0x00007ff92b88a000 	C:\WINDOWS\System32\msvcp_win.dll
0x00007ff926220000 - 0x00007ff92622a000 	C:\WINDOWS\SYSTEM32\VERSION.dll
0x00007ff92d090000 - 0x00007ff92d0c1000 	C:\WINDOWS\System32\IMM32.DLL
0x00007ff926210000 - 0x00007ff92621c000 	C:\Program Files\Java\jdk-21\bin\vcruntime140_1.dll
0x00007ff906790000 - 0x00007ff90681e000 	C:\Program Files\Java\jdk-21\bin\msvcp140.dll
0x00007ff89b660000 - 0x00007ff89c377000 	C:\Program Files\Java\jdk-21\bin\server\jvm.dll
0x00007ff92ce30000 - 0x00007ff92cea1000 	C:\WINDOWS\System32\WS2_32.dll
0x00007ff92a620000 - 0x00007ff92a66d000 	C:\WINDOWS\SYSTEM32\POWRPROF.dll
0x00007ff913490000 - 0x00007ff9134c4000 	C:\WINDOWS\SYSTEM32\WINMM.dll
0x00007ff92a5b0000 - 0x00007ff92a5c3000 	C:\WINDOWS\SYSTEM32\UMPDC.dll
0x00007ff92a2d0000 - 0x00007ff92a2e8000 	C:\WINDOWS\SYSTEM32\kernel.appcore.dll
0x00007ff9258c0000 - 0x00007ff9258ca000 	C:\Program Files\Java\jdk-21\bin\jimage.dll
0x00007ff9288e0000 - 0x00007ff928b12000 	C:\WINDOWS\SYSTEM32\DBGHELP.DLL
0x00007ff92d800000 - 0x00007ff92db88000 	C:\WINDOWS\System32\combase.dll
0x00007ff92ceb0000 - 0x00007ff92cf87000 	C:\WINDOWS\System32\OLEAUT32.dll
0x00007ff926820000 - 0x00007ff926852000 	C:\WINDOWS\SYSTEM32\dbgcore.DLL
0x00007ff92b650000 - 0x00007ff92b6cb000 	C:\WINDOWS\System32\bcryptPrimitives.dll
0x00007ff916a20000 - 0x00007ff916a3f000 	C:\Program Files\Java\jdk-21\bin\java.dll
0x00007ff92bf30000 - 0x00007ff92c78c000 	C:\WINDOWS\System32\SHELL32.dll
0x00007ff9291f0000 - 0x00007ff929ae7000 	C:\WINDOWS\SYSTEM32\windows.storage.dll
0x00007ff9290b0000 - 0x00007ff9291ef000 	C:\WINDOWS\SYSTEM32\wintypes.dll
0x00007ff92cf90000 - 0x00007ff92d084000 	C:\WINDOWS\System32\SHCORE.dll
0x00007ff92cd00000 - 0x00007ff92cd5e000 	C:\WINDOWS\System32\shlwapi.dll
0x00007ff92b1d0000 - 0x00007ff92b1f1000 	C:\WINDOWS\SYSTEM32\profapi.dll
0x00007ff8f1100000 - 0x00007ff8f11d7000 	C:\Program Files\Java\jdk-21\bin\jsvml.dll
0x00007ff9258b0000 - 0x00007ff9258c0000 	C:\Program Files\Java\jdk-21\bin\net.dll
0x00007ff927130000 - 0x00007ff927266000 	C:\WINDOWS\SYSTEM32\WINHTTP.dll
0x00007ff92a830000 - 0x00007ff92a899000 	C:\WINDOWS\system32\mswsock.dll
0x00007ff916a00000 - 0x00007ff916a16000 	C:\Program Files\Java\jdk-21\bin\nio.dll
0x00007ff90a190000 - 0x00007ff90a1a8000 	C:\Program Files\Java\jdk-21\bin\zip.dll
0x00007ff925070000 - 0x00007ff92507a000 	C:\Program Files\Java\jdk-21\bin\management.dll
0x00007ff922140000 - 0x00007ff92214b000 	C:\Program Files\Java\jdk-21\bin\management_ext.dll
0x00007ff92d7f0000 - 0x00007ff92d7f8000 	C:\WINDOWS\System32\PSAPI.DLL
0x00007ff91da90000 - 0x00007ff91daa7000 	C:\WINDOWS\system32\napinsp.dll
0x00007ff908640000 - 0x00007ff90865b000 	C:\WINDOWS\system32\pnrpnsp.dll
0x00007ff929dc0000 - 0x00007ff929eb8000 	C:\WINDOWS\SYSTEM32\DNSAPI.dll
0x00007ff929d50000 - 0x00007ff929d7d000 	C:\WINDOWS\SYSTEM32\IPHLPAPI.DLL
0x00007ff92bd70000 - 0x00007ff92bd79000 	C:\WINDOWS\System32\NSI.dll
0x00007ff907f00000 - 0x00007ff907f11000 	C:\WINDOWS\System32\winrnr.dll
0x00007ff907ee0000 - 0x00007ff907ef5000 	C:\WINDOWS\system32\wshbth.dll
0x00007ff905080000 - 0x00007ff9050a7000 	C:\WINDOWS\system32\nlansp_c.dll
0x0000000058670000 - 0x0000000058696000 	C:\Program Files\Bonjour\mdnsNSP.dll
0x00007ff9255e0000 - 0x00007ff9255ea000 	C:\Windows\System32\rasadhlp.dll
0x00007ff926dd0000 - 0x00007ff926e53000 	C:\WINDOWS\System32\fwpuclnt.dll
0x00007ff92aa90000 - 0x00007ff92aaab000 	C:\WINDOWS\SYSTEM32\CRYPTSP.dll
0x00007ff92a230000 - 0x00007ff92a265000 	C:\WINDOWS\system32\rsaenh.dll
0x00007ff92a930000 - 0x00007ff92a958000 	C:\WINDOWS\SYSTEM32\USERENV.dll
0x00007ff92aab0000 - 0x00007ff92aabc000 	C:\WINDOWS\SYSTEM32\CRYPTBASE.dll
0x00007ff91dfe0000 - 0x00007ff91dfe9000 	C:\Program Files\Java\jdk-21\bin\extnet.dll
0x00007ff91dab0000 - 0x00007ff91dac0000 	C:\Program Files\Java\jdk-21\bin\verify.dll
0x00007ff9195c0000 - 0x00007ff9195ce000 	C:\Program Files\Java\jdk-21\bin\sunmscapi.dll
0x00007ff92ba80000 - 0x00007ff92bbe7000 	C:\WINDOWS\System32\CRYPT32.dll
0x00007ff92ac50000 - 0x00007ff92ac7e000 	C:\WINDOWS\SYSTEM32\ncrypt.dll
0x00007ff92ac10000 - 0x00007ff92ac47000 	C:\WINDOWS\SYSTEM32\NTASN1.dll
0x00007ff8dc650000 - 0x00007ff8dc658000 	C:\WINDOWS\system32\wshunix.dll

dbghelp: loaded successfully - version: 4.0.5 - missing functions: none
symbol engine: initialized successfully - sym options: 0x614 - pdb path: .;C:\Program Files\Java\jdk-21\bin;C:\WINDOWS\SYSTEM32;C:\WINDOWS\WinSxS\amd64_microsoft.windows.common-controls_6595b64144ccf1df_6.0.22621.3672_none_2713b9d173822955;C:\Program Files\Java\jdk-21\bin\server;C:\Program Files\Bonjour

VM Arguments:
jvm_args: -XX:+ShowCodeDetailsInExceptionMessages -Dspring.jmx.enabled=true -Dmanagement.endpoints.jmx.exposure.include=* -Dspring.application.admin.enabled=true -Dspring.boot.project.name=erp_epmapat -Djava.rmi.server.hostname=localhost -Dcom.sun.management.jmxremote.port=45556 -Dcom.sun.management.jmxremote.authenticate=false -Dcom.sun.management.jmxremote.ssl=false 
java_command: com.epmapat.erp_epmapat.ErpEpmapatApplication
java_class_path (initial): C:\EPMAPAT_SYSTEMS\erp_epmapat_be\target\classes;C:\Users\ADIKTA\.m2\repository\org\springframework\boot\spring-boot-starter-actuator\2.7.18\spring-boot-starter-actuator-2.7.18.jar;C:\Users\ADIKTA\.m2\repository\org\springframework\boot\spring-boot-starter\2.7.18\spring-boot-starter-2.7.18.jar;C:\Users\ADIKTA\.m2\repository\org\springframework\boot\spring-boot\2.7.18\spring-boot-2.7.18.jar;C:\Users\ADIKTA\.m2\repository\org\springframework\boot\spring-boot-autoconfigure\2.7.18\spring-boot-autoconfigure-2.7.18.jar;C:\Users\ADIKTA\.m2\repository\org\springframework\boot\spring-boot-starter-logging\2.7.18\spring-boot-starter-logging-2.7.18.jar;C:\Users\ADIKTA\.m2\repository\ch\qos\logback\logback-classic\1.2.12\logback-classic-1.2.12.jar;C:\Users\ADIKTA\.m2\repository\ch\qos\logback\logback-core\1.2.12\logback-core-1.2.12.jar;C:\Users\ADIKTA\.m2\repository\org\apache\logging\log4j\log4j-to-slf4j\2.17.2\log4j-to-slf4j-2.17.2.jar;C:\Users\ADIKTA\.m2\repository\org\apache\logging\log4j\log4j-api\2.17.2\log4j-api-2.17.2.jar;C:\Users\ADIKTA\.m2\repository\org\slf4j\jul-to-slf4j\1.7.36\jul-to-slf4j-1.7.36.jar;C:\Users\ADIKTA\.m2\repository\org\yaml\snakeyaml\1.30\snakeyaml-1.30.jar;C:\Users\ADIKTA\.m2\repository\org\springframework\boot\spring-boot-actuator-autoconfigure\2.7.18\spring-boot-actuator-autoconfigure-2.7.18.jar;C:\Users\ADIKTA\.m2\repository\org\springframework\boot\spring-boot-actuator\2.7.18\spring-boot-actuator-2.7.18.jar;C:\Users\ADIKTA\.m2\repository\com\fasterxml\jackson\datatype\jackson-datatype-jsr310\2.13.5\jackson-datatype-jsr310-2.13.5.jar;C:\Users\ADIKTA\.m2\repository\io\micrometer\micrometer-core\1.9.17\micrometer-core-1.9.17.jar;C:\Users\ADIKTA\.m2\repository\org\hdrhistogram\HdrHistogram\2.1.12\HdrHistogram-2.1.12.jar;C:\Users\ADIKTA\.m2\repository\org\latencyutils\LatencyUtils\2.0.3\LatencyUtils-2.0.3.jar;C:\Users\ADIKTA\.m2\repository\org\springframework\boot\spring-boot-starter-data-jpa\2.7.18\spring-boot-starter-data-jpa-2.7.18.jar;C:\Users\ADIKTA\.m2\repository\org\springframework\boot\spring-boot-starter-aop\2.7.18\spring-boot-starter-aop-2.7.18.jar;C:\Users\ADIKTA\.m2\repository\org\springframework\spring-aop\5.3.31\spring-aop-5.3.31.jar;C:\Users\ADIKTA\.m2\repository\org\aspectj\aspectjweaver\1.9.7\aspectjweaver-1.9.7.jar;C:\Users\ADIKTA\.m2\repository\org\springframework\boot\spring-boot-starter-jdbc\2.7.18\spring-boot-starter-jdbc-2.7.18.jar;C:\Users\ADIKTA\.m2\repository\com\zaxxer\HikariCP\4.0.3\HikariCP-4.0.3.jar;C:\Users\ADIKTA\.m2\repository\org\springframework\spring-jdbc\5.3.31\spring-jdbc-5.3.31.jar;C:\Users\ADIKTA\.m2\repository\jakarta\transaction\jakarta.transaction-api\1.3.3\jakarta.transaction-api-1.3.3.jar;C:\Users\ADIKTA\.m2\repository\jakarta\persistence\jakarta.persistence-api\2.2.3\jakarta.persistence-api-2.2.3.jar;C:\Users\ADIKTA\.m2\repository\org\hibernate\hibernate-core\5.6.15.Final\hibernate-core-5.6.15.Final.jar;C:\Users\ADIKTA\.m2\repository\org\jboss\logging\jboss-logging\3.4.3.Final\jboss-logging-3.4.3.Final.jar;C:\Users\ADIKTA\.m2\repository\net\bytebuddy\byte-buddy\1.12.23\byte-buddy-1.12.23.jar;C:\Users\ADIKTA\.m2\repository\antlr\antlr\2.7.7\antlr-2.7.7.jar;C:\Users\ADIKTA\.m2\repository\org\jboss\jandex\2.4.2.Final\jandex-2.4.2.Final.jar;C:\Users\ADIKTA\.m2\repository\com\fasterxml\classmate\1.5.1\classmate-1.5.1.jar;C:\Users\ADIKTA\.m2\repository\org\hibernate\common\hibernate-commons-annotations\5.1.2.Final\hibernate-commons-annotations-5.1.2.Final.jar;C:\Users\ADIKTA\.m2\repository\org\glassfish\jaxb\jaxb-runtime\2.3.9\jaxb-runtime-2.3.9.jar;C:\Users\ADIKTA\.m2\repository\org\glassfish\jaxb\txw2\2.3.9\txw2-2.3.9.jar;C:\Users\ADIKTA\.m2\repository\com\sun\istack\istack-commons-runtime\3.0.12\istack-commons-runtime-3.0.12.jar;C:\Users\ADIKTA\.m2\repository\com\sun\activation\jakarta.activation\1.2.2\jakarta.activation-1.2.2.jar;C:\Users\ADIKTA\.m2\repository\org\springframework\data\spring-data-jpa\2.7.18\spring-data-jpa-2.7.18.jar;C:\Users\ADIKTA\.m2\repository\org\springframework\data\spring-data-commons\2.7.18\spring-data-commons-2.7.18.jar;C:\Users\ADIKTA\.m2\repository\org\springframework\spring-orm\5.3.31\spring-orm-5.3.31.jar;C:\Users\ADIKTA\.m2\repository\org\springframework\spring-context\5.3.31\spring-context-5.3.31.jar;C:\Users\ADIKTA\.m2\repository\org\springframework\spring-tx\5.3.31\spring-tx-5.3.31.jar;C:\Users\ADIKTA\.m2\repository\org\springframework\spring-beans\5.3.31\spring-beans-5.3.31.jar;C:\Users\ADIKTA\.m2\repository\org\slf4j\slf4j-api\1.7.36\slf4j-api-1.7.36.jar;C:\Users\ADIKTA\.m2\repository\org\springframework\spring-aspects\5.3.31\spring-aspects-5.3.31.jar;C:\Users\ADIKTA\.m2\repository\org\springframework\boot\spring-boot-starter-web\2.7.18\spring-boot-starter-web-2.7.18.jar;C:\Users\ADIKTA\.m2\repository\org\springframework\boot\spring-boot-starter-json\2.7.18\spring-boot-starter-json-2.7.18.jar;C:\Users\ADIKTA\.m2\repository\com\fasterxml\jackson\datatype\jackson-datatype-jdk8\2.13.5\jackson-datatype-jdk8-2.13.5.jar;C:\Users\ADIKTA\.m2\repository\com\fasterxml\jackson\module\jackson-module-parameter-names\2.13.5\jackson-module-parameter-names-2.13.5.jar;C:\Users\ADIKTA\.m2\repository\org\springframework\spring-web\5.3.31\spring-web-5.3.31.jar;C:\Users\ADIKTA\.m2\repository\org\springframework\spring-webmvc\5.3.31\spring-webmvc-5.3.31.jar;C:\Users\ADIKTA\.m2\repository\org\springframework\spring-expression\5.3.31\spring-expression-5.3.31.jar;C:\Users\ADIKTA\.m2\repository\org\postgresql\postgresql\42.3.8\postgresql-42.3.8.jar;C:\Users\ADIKTA\.m2\repository\org\checkerframework\checker-qual\3.5.0\checker-qual-3.5.0.jar;C:\Users\ADIKTA\.m2\repository\jakarta\xml\bind\jakarta.xml.bind-api\2.3.3\jakarta.xml.bind-api-2.3.3.jar;C:\Users\ADIKTA\.m2\repository\jakarta\activation\jakarta.activation-api\1.2.2\jakarta.activation-api-1.2.2.jar;C:\Users\ADIKTA\.m2\repository\org\springframework\spring-core\5.3.31\spring-core-5.3.31.jar;C:\Users\ADIKTA\.m2\repository\org\springframework\spring-jcl\5.3.31\spring-jcl-5.3.31.jar;C:\Users\ADIKTA\.m2\repository\net\sf\jasperreports\jasperreports\6.21.2\jasperreports-6.21.2.jar;C:\Users\ADIKTA\.m2\repository\commons-beanutils\commons-beanutils\1.9.4\commons-beanutils-1.9.4.jar;C:\Users\ADIKTA\.m2\repository\commons-collections\commons-collections\3.2.2\commons-collections-3.2.2.jar;C:\Users\ADIKTA\.m2\repository\commons-digester\commons-digester\2.1\commons-digester-2.1.jar;C:\Users\ADIKTA\.m2\repository\commons-logging\commons-logging\1.1.1\commons-logging-1.1.1.jar;C:\Users\ADIKTA\.m2\repository\org\apache\commons\commons-collections4\4.2\commons-collections4-4.2.jar;C:\Users\ADIKTA\.m2\repository\com\github\librepdf\openpdf\1.3.32\openpdf-1.3.32.jar;C:\Users\ADIKTA\.m2\repository\org\jfree\jcommon\1.0.23\jcommon-1.0.23.jar;C:\Users\ADIKTA\.m2\repository\org\jfree\jfreechart\1.0.19\jfreechart-1.0.19.jar;C:\Users\ADIKTA\.m2\repository\org\eclipse\jdt\ecj\3.21.0\ecj-3.21.0.jar;C:\Users\ADIKTA\.m2\repository\com\fasterxml\jackson\core\jackson-core\2.13.5\jackson-core-2.13.5.jar;C:\Users\ADIKTA\.m2\repository\com\fasterxml\jackson\core\jackson-databind\2.13.5\jackson-databind-2.13.5.jar;C:\Users\ADIKTA\.m2\repository\com\fasterxml\jackson\core\jackson-annotations\2.13.5\jackson-annotations-2.13.5.jar;C:\Users\ADIKTA\.m2\repository\com\fasterxml\jackson\dataformat\jackson-dataformat-xml\2.13.5\jackson-dataformat-xml-2.13.5.jar;C:\Users\ADIKTA\.m2\repository\org\codehaus\woodstox\stax2-api\4.2.1\stax2-api-4.2.1.jar;C:\Users\ADIKTA\.m2\repository\com\fasterxml\woodstox\woodstox-core\6.4.0\woodstox-core-6.4.0.jar;C:\Users\ADIKTA\.m2\repository\org\springframework\boot\spring-boot-starter-tomcat\2.7.18\spring-boot-starter-tomcat-2.7.18.jar;C:\Users\ADIKTA\.m2\repository\jakarta\annotation\jakarta.annotation-api\1.3.5\jakarta.annotation-api-1.3.5.jar;C:\Users\ADIKTA\.m2\repository\org\apache\tomcat\embed\tomcat-embed-core\9.0.83\tomcat-embed-core-9.0.83.jar;C:\Users\ADIKTA\.m2\repository\org\apache\tomcat\embed\tomcat-embed-el\9.0.83\tomcat-embed-el-9.0.83.jar;C:\Users\ADIKTA\.m2\repository\org\apache\tomcat\embed\tomcat-embed-websocket\9.0.83\tomcat-embed-websocket-9.0.83.jar
Launcher Type: SUN_STANDARD

[Global flags]
     intx CICompilerCount                          = 4                                         {product} {ergonomic}
     uint ConcGCThreads                            = 3                                         {product} {ergonomic}
     uint G1ConcRefinementThreads                  = 10                                        {product} {ergonomic}
   size_t G1HeapRegionSize                         = 1048576                                   {product} {ergonomic}
    uintx GCDrainStackTargetSize                   = 64                                        {product} {ergonomic}
   size_t InitialHeapSize                          = 132120576                                 {product} {ergonomic}
     bool ManagementServer                         = true                                      {product} {command line}
   size_t MarkStackSize                            = 4194304                                   {product} {ergonomic}
   size_t MaxHeapSize                              = 2099249152                                {product} {ergonomic}
   size_t MaxNewSize                               = 1259339776                                {product} {ergonomic}
   size_t MinHeapDeltaBytes                        = 1048576                                   {product} {ergonomic}
   size_t MinHeapSize                              = 8388608                                   {product} {ergonomic}
    uintx NonNMethodCodeHeapSize                   = 5839372                                {pd product} {ergonomic}
    uintx NonProfiledCodeHeapSize                  = 122909434                              {pd product} {ergonomic}
    uintx ProfiledCodeHeapSize                     = 122909434                              {pd product} {ergonomic}
    uintx ReservedCodeCacheSize                    = 251658240                              {pd product} {ergonomic}
     bool SegmentedCodeCache                       = true                                      {product} {ergonomic}
     bool ShowCodeDetailsInExceptionMessages       = true                                   {manageable} {command line}
   size_t SoftMaxHeapSize                          = 2099249152                             {manageable} {ergonomic}
     bool UseCompressedOops                        = true                           {product lp64_product} {ergonomic}
     bool UseG1GC                                  = true                                      {product} {ergonomic}
     bool UseLargePagesIndividualAllocation        = false                                  {pd product} {ergonomic}

Logging:
Log output configuration:
 #0: stdout all=warning uptime,level,tags foldmultilines=false
 #1: stderr all=off uptime,level,tags foldmultilines=false

Environment Variables:
JAVA_HOME=C:\Program Files\Java\jdk-21
PATH=C:\Users\ADIKTA\bin;C:\Program Files\Git\mingw64\bin;C:\Program Files\Git\usr\local\bin;C:\Program Files\Git\usr\bin;C:\Program Files\Git\usr\bin;C:\Program Files\Git\mingw64\bin;C:\Program Files\Git\usr\bin;C:\Users\ADIKTA\bin;C:\Program Files (x86)\VMware\VMware Player\bin;C:\Program Files\Common Files\Oracle\Java\javapath;C:\Program Files (x86)\Common Files\Oracle\Java\java8path;C:\Program Files (x86)\Common Files\Oracle\Java\javapath;C:\WINDOWS\system32;C:\WINDOWS;C:\WINDOWS\System32\Wbem;C:\WINDOWS\System32\WindowsPowerShell\v1.0;C:\WINDOWS\System32\OpenSSH;C:\Program Files\nodejs;C:\Program Files\Git\cmd;C:\Program Files\dotnet;C:\Users\ADIKTA\.console-ninja\.bin;C:\Users\ADIKTA\AppData\Local\Programs\Python\Python312\Scripts;C:\Users\ADIKTA\AppData\Local\Programs\Python\Python312;C:\Users\ADIKTA\AppData\Local\Microsoft\WindowsApps;C:\Users\ADIKTA\AppData\Local\Programs\Microsoft VS Code\bin;C:\Program Files\Java\jdk-21\bin;C:\MAVEN\bin;C:\Users\ADIKTA\AppData\Roaming\npm;C:\Program Files\Git\usr\bin\vendor_perl;C:\Program Files\Git\usr\bin\core_perl
USERNAME=ADIKTA
SHELL=C:\Program Files\Git\usr\bin\bash.exe
DISPLAY=needs-to-be-defined
LANG=en_US.UTF-8
TERM=xterm-256color
TMPDIR=C:\Users\ADIKTA\AppData\Local\Temp
OS=Windows_NT
PROCESSOR_IDENTIFIER=Intel64 Family 6 Model 165 Stepping 3, GenuineIntel
TMP=C:\Users\ADIKTA\AppData\Local\Temp
TEMP=C:\Users\ADIKTA\AppData\Local\Temp




Periodic native trim disabled

---------------  S Y S T E M  ---------------

OS:
 Windows 11 , 64 bit Build 22621 (10.0.22621.3672)
OS uptime: 6 days 22:11 hours

CPU: total 12 (initial active 12) (6 cores per cpu, 2 threads per core) family 6 model 165 stepping 3 microcode 0xea, cx8, cmov, fxsr, ht, mmx, 3dnowpref, sse, sse2, sse3, ssse3, sse4.1, sse4.2, popcnt, lzcnt, tsc, tscinvbit, avx, avx2, aes, erms, clmul, bmi1, bmi2, adx, fma, vzeroupper, clflush, clflushopt, rdtscp, f16c
Processor Information for all 12 processors :
  Max Mhz: 2904, Current Mhz: 2904, Mhz Limit: 2904

Memory: 4k page, system-wide physical 8003M (487M free)
TotalPageFile size 32579M (AvailPageFile size 2M)
current process WorkingSet (physical memory assigned to process): 161M, peak: 353M
current process commit charge ("private bytes"): 419M, peak: 425M

vm_info: Java HotSpot(TM) 64-Bit Server VM (21.0.2+13-LTS-58) for windows-amd64 JRE (21.0.2+13-LTS-58), built on 2024-01-05T18:32:24Z by "mach5one" with MS VC++ 17.1 (VS2022)

END.
