#
# There is insufficient memory for the Java Runtime Environment to continue.
# Native memory allocation (malloc) failed to allocate 2097152 bytes for AllocateHeap
# Possible reasons:
#   The system is out of physical RAM or swap space
#   The process is running with CompressedOops enabled, and the Java Heap may be blocking the growth of the native heap
# Possible solutions:
#   Reduce memory load on the system
#   Increase physical memory or swap space
#   Check if swap backing store is full
#   Decrease Java heap size (-Xmx/-Xms)
#   Decrease number of Java threads
#   Decrease Java thread stack sizes (-Xss)
#   Set larger code cache with -XX:ReservedCodeCacheSize=
#   JVM is running with Unscaled Compressed Oops mode in which the Java heap is
#     placed in the first 4GB address space. The Java Heap base address is the
#     maximum limit for the native heap growth. Please use -XX:HeapBaseMinAddress
#     to set the Java Heap base and to place the Java Heap above 4GB virtual address.
# This output file may be truncated or incomplete.
#
#  Out of Memory Error (allocation.cpp:44), pid=20448, tid=24800
#
# JRE version: OpenJDK Runtime Environment Temurin-17.0.10+7 (17.0.10+7) (build 17.0.10+7)
# Java VM: OpenJDK 64-Bit Server VM Temurin-17.0.10+7 (17.0.10+7, mixed mode, emulated-client, tiered, compressed oops, compressed class ptrs, g1 gc, windows-amd64)
# No core dump will be written. Minidumps are not enabled by default on client versions of Windows
#

---------------  S U M M A R Y ------------

Command Line: -XX:+HeapDumpOnOutOfMemoryError -Xmx1024m -Dsts.lsp.client=vscode -Dsts.log.file=/dev/null -XX:TieredStopAtLevel=1 -Xlog:jni+resolve=off -Dspring.config.location=file:c:\Users\Alexis Ortiz\.vscode\extensions\vmware.vscode-spring-boot-1.53.0\language-server\BOOT-INF\classes\application.properties org.springframework.ide.vscode.boot.app.BootLanguageServerBootApp

Host: AMD Ryzen 5 6600H with Radeon Graphics         , 12 cores, 7G,  Windows 11 , 64 bit Build 22621 (10.0.22621.3374)
Time: Mon Apr  8 01:06:33 2024 Hora est. Pacífico, Sudamérica elapsed time: 44634.276914 seconds (0d 12h 23m 54s)

---------------  T H R E A D  ---------------

Current thread (0x0000022008fb8470):  VMThread "VM Thread" [stack: 0x0000007543600000,0x0000007543700000] [id=24800]

Stack: [0x0000007543600000,0x0000007543700000]
Native frames: (J=compiled Java code, j=interpreted, Vv=VM code, C=native code)
V  [jvm.dll+0x67d2c9]
V  [jvm.dll+0x834afa]
V  [jvm.dll+0x8365be]
V  [jvm.dll+0x836c23]
V  [jvm.dll+0x2477ff]
V  [jvm.dll+0xa6c93]
V  [jvm.dll+0x2f86f1]
V  [jvm.dll+0x2f42e0]
V  [jvm.dll+0x2dc8c7]
V  [jvm.dll+0x31fb87]
V  [jvm.dll+0x83b11b]
V  [jvm.dll+0x83be61]
V  [jvm.dll+0x83c37d]
V  [jvm.dll+0x83c754]
V  [jvm.dll+0x83c820]
V  [jvm.dll+0x7e3fba]
V  [jvm.dll+0x67c1b5]
C  [ucrtbase.dll+0x29333]
C  [KERNEL32.DLL+0x1257d]
C  [ntdll.dll+0x5aa48]

VM_Operation (0x00000075451ff020): G1CollectFull, mode: safepoint, requested by thread 0x000002200ebde8a0


---------------  P R O C E S S  ---------------

Threads class SMR info:
_java_thread_list=0x000002200f929a80, length=55, elements={
0x0000022008fcf380, 0x0000022008fd0200, 0x0000022008ffce40, 0x0000022008ffd710,
0x0000022008ffdfe0, 0x0000022008ffe8b0, 0x000002200d15d930, 0x000002200d15e240,
0x000002200d34a020, 0x000002200d34c960, 0x000002200eadcf80, 0x000002200ebde8a0,
0x000002200ebdf220, 0x000002207dcd8500, 0x000002200e7ad680, 0x000002200dc5b190,
0x000002200dcb30f0, 0x000002200dcb1290, 0x000002200dcb26d0, 0x000002200dcb21c0,
0x000002200dcafe50, 0x000002200dcb0360, 0x000002200dcb0870, 0x000002200dbaddd0,
0x000002200dbad8c0, 0x000002200dbae2e0, 0x000002200dbb0140, 0x000002200dbae7f0,
0x000002200dbad3b0, 0x000002200dbaed00, 0x000002200dbaf720, 0x000002200dbb1580,
0x000002200dbafc30, 0x000002200dbab550, 0x000002200dbaab30, 0x000002200f7c9ed0,
0x000002200f7c8a90, 0x000002200f7cb820, 0x000002200f7cae00, 0x000002200f7ca8f0,
0x000002200f7c99c0, 0x000002200f7cb310, 0x000002200f7c8fa0, 0x000002200dbb24b0,
0x000002200dbb0650, 0x000002200dbaba60, 0x000002200dbac990, 0x000002200dbacea0,
0x000002200dcb0d80, 0x000002200dcb17a0, 0x000002200dbb1fa0, 0x000002200f7c94b0,
0x000002200dbb0b60, 0x000002200f665d90, 0x000002200fd23a20
}

Java Threads: ( => current thread )
  0x0000022008fcf380 JavaThread "Reference Handler" daemon [_thread_blocked, id=4808, stack(0x0000007543700000,0x0000007543800000)]
  0x0000022008fd0200 JavaThread "Finalizer" daemon [_thread_blocked, id=22000, stack(0x0000007543800000,0x0000007543900000)]
  0x0000022008ffce40 JavaThread "Signal Dispatcher" daemon [_thread_blocked, id=15340, stack(0x0000007543900000,0x0000007543a00000)]
  0x0000022008ffd710 JavaThread "Attach Listener" daemon [_thread_blocked, id=1640, stack(0x0000007543a00000,0x0000007543b00000)]
  0x0000022008ffdfe0 JavaThread "Service Thread" daemon [_thread_blocked, id=25652, stack(0x0000007543b00000,0x0000007543c00000)]
  0x0000022008ffe8b0 JavaThread "Monitor Deflation Thread" daemon [_thread_blocked, id=20388, stack(0x0000007543c00000,0x0000007543d00000)]
  0x000002200d15d930 JavaThread "C1 CompilerThread0" daemon [_thread_blocked, id=24832, stack(0x0000007543d00000,0x0000007543e00000)]
  0x000002200d15e240 JavaThread "Sweeper thread" daemon [_thread_blocked, id=14600, stack(0x0000007543e00000,0x0000007543f00000)]
  0x000002200d34a020 JavaThread "Notification Thread" daemon [_thread_blocked, id=26424, stack(0x0000007544000000,0x0000007544100000)]
  0x000002200d34c960 JavaThread "Common-Cleaner" daemon [_thread_blocked, id=23140, stack(0x0000007544200000,0x0000007544300000)]
  0x000002200eadcf80 JavaThread "boundedElastic-evictor-1" daemon [_thread_blocked, id=14648, stack(0x0000007544800000,0x0000007544900000)]
  0x000002200ebde8a0 JavaThread "pool-13-thread-1" [_thread_blocked, id=22944, stack(0x0000007545100000,0x0000007545200000)]
  0x000002200ebdf220 JavaThread "LanguageServerApp-lifecycle" [_thread_blocked, id=12428, stack(0x0000007545200000,0x0000007545300000)]
  0x000002207dcd8500 JavaThread "DestroyJavaVM" [_thread_blocked, id=9988, stack(0x0000007543000000,0x0000007543100000)]
  0x000002200e7ad680 JavaThread "pool-14-thread-1" [_thread_in_native, id=24596, stack(0x0000007545300000,0x0000007545400000)]
  0x000002200dc5b190 JavaThread "Simple-Language-Server main thread" daemon [_thread_blocked, id=23280, stack(0x0000007545400000,0x0000007545500000)]
  0x000002200dcb30f0 JavaThread "pool-8-thread-1" [_thread_blocked, id=16332, stack(0x0000007545800000,0x0000007545900000)]
  0x000002200dcb1290 JavaThread "parallel-1" daemon [_thread_blocked, id=12652, stack(0x0000007545900000,0x0000007545a00000)]
  0x000002200dcb26d0 JavaThread "parallel-2" daemon [_thread_blocked, id=12220, stack(0x0000007545a00000,0x0000007545b00000)]
  0x000002200dcb21c0 JavaThread "pool-6-thread-1" [_thread_blocked, id=8176, stack(0x0000007545b00000,0x0000007545c00000)]
  0x000002200dcafe50 JavaThread "parallel-3" daemon [_thread_blocked, id=16244, stack(0x0000007545c00000,0x0000007545d00000)]
  0x000002200dcb0360 JavaThread "parallel-4" daemon [_thread_blocked, id=14560, stack(0x0000007545d00000,0x0000007545e00000)]
  0x000002200dcb0870 JavaThread "parallel-5" daemon [_thread_blocked, id=3812, stack(0x0000007545e00000,0x0000007545f00000)]
  0x000002200dbaddd0 JavaThread "parallel-6" daemon [_thread_blocked, id=11316, stack(0x0000007546400000,0x0000007546500000)]
  0x000002200dbad8c0 JavaThread "parallel-7" daemon [_thread_blocked, id=1388, stack(0x0000007546500000,0x0000007546600000)]
  0x000002200dbae2e0 JavaThread "parallel-8" daemon [_thread_blocked, id=26724, stack(0x0000007546600000,0x0000007546700000)]
  0x000002200dbb0140 JavaThread "Reconciler-1" daemon [_thread_blocked, id=14052, stack(0x0000007546700000,0x0000007546800000)]
  0x000002200dbae7f0 JavaThread "pool-9-thread-1" [_thread_blocked, id=17532, stack(0x0000007544900000,0x0000007544a00000)]
  0x000002200dbad3b0 JavaThread "pool-9-thread-2" [_thread_blocked, id=2364, stack(0x0000007544a00000,0x0000007544b00000)]
  0x000002200dbaed00 JavaThread "pool-9-thread-3" [_thread_blocked, id=26800, stack(0x0000007547200000,0x0000007547300000)]
  0x000002200dbaf720 JavaThread "pool-9-thread-4" [_thread_in_native, id=20816, stack(0x0000007547300000,0x0000007547400000)]
  0x000002200dbb1580 JavaThread "pool-9-thread-5" [_thread_blocked, id=1152, stack(0x0000007547400000,0x0000007547500000)]
  0x000002200dbafc30 JavaThread "pool-9-thread-6" [_thread_in_native, id=26340, stack(0x0000007547500000,0x0000007547600000)]
  0x000002200dbab550 JavaThread "pool-7-thread-1" [_thread_blocked, id=9400, stack(0x0000007543f00000,0x0000007544000000)]
  0x000002200dbaab30 JavaThread "RMI Scheduler(0)" daemon [_thread_blocked, id=24608, stack(0x0000007547800000,0x0000007547900000)]
  0x000002200f7c9ed0 JavaThread "pool-7-thread-2" [_thread_blocked, id=14076, stack(0x0000007547a00000,0x0000007547b00000)]
  0x000002200f7c8a90 JavaThread "pool-7-thread-3" [_thread_blocked, id=20136, stack(0x0000007547c00000,0x0000007547d00000)]
  0x000002200f7cb820 JavaThread "pool-7-thread-4" [_thread_blocked, id=24352, stack(0x0000007546800000,0x0000007546900000)]
  0x000002200f7cae00 JavaThread "pool-7-thread-5" [_thread_blocked, id=5892, stack(0x0000007547b00000,0x0000007547c00000)]
  0x000002200f7ca8f0 JavaThread "pool-7-thread-6" [_thread_blocked, id=20352, stack(0x0000007547f00000,0x0000007548000000)]
  0x000002200f7c99c0 JavaThread "pool-7-thread-7" [_thread_blocked, id=16840, stack(0x0000007545f00000,0x0000007546000000)]
  0x000002200f7cb310 JavaThread "parallel-9" daemon [_thread_blocked, id=18500, stack(0x0000007545500000,0x0000007545600000)]
  0x000002200f7c8fa0 JavaThread "parallel-10" daemon [_thread_blocked, id=18788, stack(0x0000007545600000,0x0000007545700000)]
  0x000002200dbb24b0 JavaThread "parallel-11" daemon [_thread_blocked, id=27964, stack(0x0000007545700000,0x0000007545800000)]
  0x000002200dbb0650 JavaThread "parallel-12" daemon [_thread_blocked, id=6480, stack(0x0000007546200000,0x0000007546300000)]
  0x000002200dbaba60 JavaThread "pool-9-thread-7" [_thread_blocked, id=17892, stack(0x0000007546300000,0x0000007546400000)]
  0x000002200dbac990 JavaThread "pool-9-thread-8" [_thread_blocked, id=2176, stack(0x0000007547000000,0x0000007547100000)]
  0x000002200dbacea0 JavaThread "pool-7-thread-8" [_thread_blocked, id=4112, stack(0x0000007547100000,0x0000007547200000)]
  0x000002200dcb0d80 JavaThread "pool-7-thread-9" [_thread_blocked, id=20264, stack(0x0000007547e00000,0x0000007547f00000)]
  0x000002200dcb17a0 JavaThread "pool-7-thread-10" [_thread_blocked, id=19164, stack(0x0000007548000000,0x0000007548100000)]
  0x000002200dbb1fa0 JavaThread "pool-9-thread-9" [_thread_blocked, id=16768, stack(0x0000007546900000,0x0000007546a00000)]
  0x000002200f7c94b0 JavaThread "pool-9-thread-10" [_thread_blocked, id=26036, stack(0x0000007546100000,0x0000007546200000)]
  0x000002200dbb0b60 JavaThread "RMI GC Daemon" daemon [_thread_blocked, id=16460, stack(0x0000007546b00000,0x0000007546c00000)]
  0x000002200f665d90 JavaThread "RMI RenewClean-[localhost:52894]" daemon [_thread_blocked, id=15316, stack(0x0000007546e00000,0x0000007546f00000)]
  0x000002200fd23a20 JavaThread "JMX client heartbeat 11" daemon [_thread_blocked, id=18360, stack(0x0000007546f00000,0x0000007547000000)]

Other Threads:
=>0x0000022008fb8470 VMThread "VM Thread" [stack: 0x0000007543600000,0x0000007543700000] [id=24800]
  0x000002200d34c510 WatcherThread [stack: 0x0000007544100000,0x0000007544200000] [id=4192]
  0x000002207dd171b0 GCTaskThread "GC Thread#0" [stack: 0x0000007543100000,0x0000007543200000] [id=18892]
  0x000002200df9c070 GCTaskThread "GC Thread#1" [stack: 0x0000007544300000,0x0000007544400000] [id=21616]
  0x000002200dc09800 GCTaskThread "GC Thread#2" [stack: 0x0000007544400000,0x0000007544500000] [id=28608]
  0x000002200dc09ac0 GCTaskThread "GC Thread#3" [stack: 0x0000007544500000,0x0000007544600000] [id=13980]
  0x000002200e229190 GCTaskThread "GC Thread#4" [stack: 0x0000007544600000,0x0000007544700000] [id=26632]
  0x000002200e229450 GCTaskThread "GC Thread#5" [stack: 0x0000007544700000,0x0000007544800000] [id=10624]
  0x000002200e5236a0 GCTaskThread "GC Thread#6" [stack: 0x0000007544b00000,0x0000007544c00000] [id=11268]
  0x000002200e524170 GCTaskThread "GC Thread#7" [stack: 0x0000007544c00000,0x0000007544d00000] [id=17768]
  0x000002200e524a40 GCTaskThread "GC Thread#8" [stack: 0x0000007544d00000,0x0000007544e00000] [id=16580]
  0x000002200e525730 GCTaskThread "GC Thread#9" [stack: 0x0000007544e00000,0x0000007544f00000] [id=20724]
  0x000002207dd20100 ConcurrentGCThread "G1 Main Marker" [stack: 0x0000007543200000,0x0000007543300000] [id=14364]
  0x000002207dd212c0 ConcurrentGCThread "G1 Conc#0" [stack: 0x0000007543300000,0x0000007543400000] [id=19172]
  0x000002200e51bff0 ConcurrentGCThread "G1 Conc#1" [stack: 0x0000007544f00000,0x0000007545000000] [id=25880]
  0x000002200e51d070 ConcurrentGCThread "G1 Conc#2" [stack: 0x0000007545000000,0x0000007545100000] [id=5672]
  0x000002207dd7e660 ConcurrentGCThread "G1 Refine#0" [stack: 0x0000007543400000,0x0000007543500000] [id=15376]
  0x0000022008e24220 ConcurrentGCThread "G1 Service" [stack: 0x0000007543500000,0x0000007543600000] [id=4964]

Threads with active compile tasks:

VM state: at safepoint (normal execution)

VM Mutex/Monitor currently owned by a thread:  ([mutex/lock_event])
[0x000002207bae1ed0] Threads_lock - owner thread: 0x0000022008fb8470
[0x000002207badcc10] Heap_lock - owner thread: 0x000002200ebde8a0

Heap address: 0x00000000c0000000, size: 1024 MB, Compressed Oops mode: 32-bit

CDS archive(s) not mapped
Compressed class space mapped at: 0x0000000100000000-0x0000000140000000, reserved size: 1073741824
Narrow klass base: 0x0000000000000000, Narrow klass shift: 3, Narrow klass range: 0x140000000

GC Precious Log:
 CPUs: 12 total, 12 available
 Memory: 7365M
 Large Page Support: Disabled
 NUMA Support: Disabled
 Compressed Oops: Enabled (32-bit)
 Heap Region Size: 1M
 Heap Min Capacity: 8M
 Heap Initial Capacity: 116M
 Heap Max Capacity: 1G
 Pre-touch: Disabled
 Parallel Workers: 10
 Concurrent Workers: 3
 Concurrent Refinement Workers: 10
 Periodic GC: Disabled

Heap:
 garbage-first heap   total 147456K, used 43451K [0x00000000c0000000, 0x0000000100000000)
  region size 1024K, 1 young (1024K), 0 survivors (0K)
 Metaspace       used 61654K, committed 62208K, reserved 1114112K
  class space    used 7758K, committed 8000K, reserved 1048576K

Heap Regions: E=young(eden), S=young(survivor), O=old, HS=humongous(starts), HC=humongous(continues), CS=collection set, F=free, OA=open archive, CA=closed archive, TAMS=top-at-mark-start (previous, next)
|   0|0x00000000c0000000, 0x00000000c0100000, 0x00000000c0100000|100%|HS|  |TAMS 0x00000000c0100000, 0x00000000c0000000| Untracked 
|   1|0x00000000c0100000, 0x00000000c0200000, 0x00000000c0200000|100%|HC|  |TAMS 0x00000000c0200000, 0x00000000c0100000| Untracked 
|   2|0x00000000c0200000, 0x00000000c0300000, 0x00000000c0300000|100%|HC|  |TAMS 0x00000000c0300000, 0x00000000c0200000| Untracked 
|   3|0x00000000c0300000, 0x00000000c0400000, 0x00000000c0400000|100%|HC|  |TAMS 0x00000000c0400000, 0x00000000c0300000| Untracked 
|   4|0x00000000c0400000, 0x00000000c0500000, 0x00000000c0500000|100%|HS|  |TAMS 0x00000000c0500000, 0x00000000c0400000| Untracked 
|   5|0x00000000c0500000, 0x00000000c0600000, 0x00000000c0600000|100%|HC|  |TAMS 0x00000000c0600000, 0x00000000c0500000| Untracked 
|   6|0x00000000c0600000, 0x00000000c0700000, 0x00000000c0700000|100%| O|  |TAMS 0x00000000c0700000, 0x00000000c0600000| Untracked 
|   7|0x00000000c0700000, 0x00000000c07ffff8, 0x00000000c0800000| 99%| O|  |TAMS 0x00000000c07ffff8, 0x00000000c0700000| Untracked 
|   8|0x00000000c0800000, 0x00000000c0900000, 0x00000000c0900000|100%| O|  |TAMS 0x00000000c0900000, 0x00000000c0800000| Untracked 
|   9|0x00000000c0900000, 0x00000000c09fffb8, 0x00000000c0a00000| 99%| O|  |TAMS 0x00000000c09fffb8, 0x00000000c0900000| Untracked 
|  10|0x00000000c0a00000, 0x00000000c0b00000, 0x00000000c0b00000|100%| O|  |TAMS 0x00000000c0b00000, 0x00000000c0a00000| Untracked 
|  11|0x00000000c0b00000, 0x00000000c0c00000, 0x00000000c0c00000|100%| O|  |TAMS 0x00000000c0c00000, 0x00000000c0b00000| Untracked 
|  12|0x00000000c0c00000, 0x00000000c0cfffe0, 0x00000000c0d00000| 99%| O|  |TAMS 0x00000000c0cfffe0, 0x00000000c0c00000| Untracked 
|  13|0x00000000c0d00000, 0x00000000c0dffff8, 0x00000000c0e00000| 99%| O|  |TAMS 0x00000000c0dffff8, 0x00000000c0d00000| Untracked 
|  14|0x00000000c0e00000, 0x00000000c0f00000, 0x00000000c0f00000|100%| O|  |TAMS 0x00000000c0f00000, 0x00000000c0e00000| Untracked 
|  15|0x00000000c0f00000, 0x00000000c0ffffe0, 0x00000000c1000000| 99%| O|  |TAMS 0x00000000c0ffffe0, 0x00000000c0f00000| Untracked 
|  16|0x00000000c1000000, 0x00000000c1100000, 0x00000000c1100000|100%| O|  |TAMS 0x00000000c1100000, 0x00000000c1000000| Untracked 
|  17|0x00000000c1100000, 0x00000000c11fffd0, 0x00000000c1200000| 99%| O|  |TAMS 0x00000000c11fffd0, 0x00000000c1100000| Untracked 
|  18|0x00000000c1200000, 0x00000000c12fffe8, 0x00000000c1300000| 99%| O|  |TAMS 0x00000000c12fffe8, 0x00000000c1200000| Untracked 
|  19|0x00000000c1300000, 0x00000000c1400000, 0x00000000c1400000|100%| O|  |TAMS 0x00000000c1400000, 0x00000000c1300000| Untracked 
|  20|0x00000000c1400000, 0x00000000c14ffff0, 0x00000000c1500000| 99%| O|  |TAMS 0x00000000c14ffff0, 0x00000000c1400000| Untracked 
|  21|0x00000000c1500000, 0x00000000c15ffff0, 0x00000000c1600000| 99%| O|  |TAMS 0x00000000c15ffff0, 0x00000000c1500000| Untracked 
|  22|0x00000000c1600000, 0x00000000c16fffb0, 0x00000000c1700000| 99%| O|  |TAMS 0x00000000c16fffb0, 0x00000000c1600000| Untracked 
|  23|0x00000000c1700000, 0x00000000c17fcb28, 0x00000000c1800000| 98%| O|  |TAMS 0x00000000c17fcb28, 0x00000000c1700000| Untracked 
|  24|0x00000000c1800000, 0x00000000c1900000, 0x00000000c1900000|100%| O|  |TAMS 0x00000000c1900000, 0x00000000c1800000| Untracked 
|  25|0x00000000c1900000, 0x00000000c19fffe8, 0x00000000c1a00000| 99%| O|  |TAMS 0x00000000c19fffe8, 0x00000000c1900000| Untracked 
|  26|0x00000000c1a00000, 0x00000000c1afb758, 0x00000000c1b00000| 98%| O|  |TAMS 0x00000000c1afb758, 0x00000000c1a00000| Untracked 
|  27|0x00000000c1b00000, 0x00000000c1bffff8, 0x00000000c1c00000| 99%| O|  |TAMS 0x00000000c1bffff8, 0x00000000c1b00000| Untracked 
|  28|0x00000000c1c00000, 0x00000000c1cffff0, 0x00000000c1d00000| 99%| O|  |TAMS 0x00000000c1cffff0, 0x00000000c1c00000| Untracked 
|  29|0x00000000c1d00000, 0x00000000c1dfffe8, 0x00000000c1e00000| 99%| O|  |TAMS 0x00000000c1dfffe8, 0x00000000c1d00000| Untracked 
|  30|0x00000000c1e00000, 0x00000000c1efffb8, 0x00000000c1f00000| 99%| O|  |TAMS 0x00000000c1efffb8, 0x00000000c1e00000| Untracked 
|  31|0x00000000c1f00000, 0x00000000c1fffff8, 0x00000000c2000000| 99%| O|  |TAMS 0x00000000c1fffff8, 0x00000000c1f00000| Untracked 
|  32|0x00000000c2000000, 0x00000000c20fdbd8, 0x00000000c2100000| 99%| O|  |TAMS 0x00000000c20fdbd8, 0x00000000c2000000| Untracked 
|  33|0x00000000c2100000, 0x00000000c21ffff8, 0x00000000c2200000| 99%| O|  |TAMS 0x00000000c21ffff8, 0x00000000c2100000| Untracked 
|  34|0x00000000c2200000, 0x00000000c22ffff8, 0x00000000c2300000| 99%| O|  |TAMS 0x00000000c22ffff8, 0x00000000c2200000| Untracked 
|  35|0x00000000c2300000, 0x00000000c2400000, 0x00000000c2400000|100%|HS|  |TAMS 0x00000000c2400000, 0x00000000c2300000| Untracked 
|  36|0x00000000c2400000, 0x00000000c2500000, 0x00000000c2500000|100%| O|  |TAMS 0x00000000c2500000, 0x00000000c2400000| Untracked 
|  37|0x00000000c2500000, 0x00000000c25f2008, 0x00000000c2600000| 94%| O|  |TAMS 0x00000000c2500000, 0x00000000c2500000| Untracked 
|  38|0x00000000c2600000, 0x00000000c26ffff8, 0x00000000c2700000| 99%| O|  |TAMS 0x00000000c26ffff8, 0x00000000c2600000| Untracked 
|  39|0x00000000c2700000, 0x00000000c27ffff0, 0x00000000c2800000| 99%| O|  |TAMS 0x00000000c27ffff0, 0x00000000c2700000| Untracked 
|  40|0x00000000c2800000, 0x00000000c2900000, 0x00000000c2900000|100%| O|  |TAMS 0x00000000c2900000, 0x00000000c2800000| Untracked 
|  41|0x00000000c2900000, 0x00000000c29ffff8, 0x00000000c2a00000| 99%| O|  |TAMS 0x00000000c29ffff8, 0x00000000c2900000| Untracked 
|  42|0x00000000c2a00000, 0x00000000c2a87230, 0x00000000c2b00000| 52%| O|  |TAMS 0x00000000c2a00000, 0x00000000c2a00000| Untracked 
|  43|0x00000000c2b00000, 0x00000000c2b00000, 0x00000000c2c00000|  0%| F|  |TAMS 0x00000000c2b00000, 0x00000000c2b00000| Untracked 
|  44|0x00000000c2c00000, 0x00000000c2c00000, 0x00000000c2d00000|  0%| F|  |TAMS 0x00000000c2c00000, 0x00000000c2c00000| Untracked 
|  45|0x00000000c2d00000, 0x00000000c2d00000, 0x00000000c2e00000|  0%| F|  |TAMS 0x00000000c2d00000, 0x00000000c2d00000| Untracked 
|  46|0x00000000c2e00000, 0x00000000c2e00000, 0x00000000c2f00000|  0%| F|  |TAMS 0x00000000c2e00000, 0x00000000c2e00000| Untracked 
|  47|0x00000000c2f00000, 0x00000000c2f00000, 0x00000000c3000000|  0%| F|  |TAMS 0x00000000c2f00000, 0x00000000c2f00000| Untracked 
|  48|0x00000000c3000000, 0x00000000c3000000, 0x00000000c3100000|  0%| F|  |TAMS 0x00000000c3000000, 0x00000000c3000000| Untracked 
|  49|0x00000000c3100000, 0x00000000c3100000, 0x00000000c3200000|  0%| F|  |TAMS 0x00000000c3100000, 0x00000000c3100000| Untracked 
|  50|0x00000000c3200000, 0x00000000c3200000, 0x00000000c3300000|  0%| F|  |TAMS 0x00000000c3200000, 0x00000000c3200000| Untracked 
|  51|0x00000000c3300000, 0x00000000c3300000, 0x00000000c3400000|  0%| F|  |TAMS 0x00000000c3300000, 0x00000000c3300000| Untracked 
|  52|0x00000000c3400000, 0x00000000c3400000, 0x00000000c3500000|  0%| F|  |TAMS 0x00000000c3400000, 0x00000000c3400000| Untracked 
|  53|0x00000000c3500000, 0x00000000c3500000, 0x00000000c3600000|  0%| F|  |TAMS 0x00000000c3500000, 0x00000000c3500000| Untracked 
|  54|0x00000000c3600000, 0x00000000c3600000, 0x00000000c3700000|  0%| F|  |TAMS 0x00000000c3600000, 0x00000000c3600000| Untracked 
|  55|0x00000000c3700000, 0x00000000c3700000, 0x00000000c3800000|  0%| F|  |TAMS 0x00000000c3700000, 0x00000000c3700000| Untracked 
|  56|0x00000000c3800000, 0x00000000c3800000, 0x00000000c3900000|  0%| F|  |TAMS 0x00000000c3800000, 0x00000000c3800000| Untracked 
|  57|0x00000000c3900000, 0x00000000c3900000, 0x00000000c3a00000|  0%| F|  |TAMS 0x00000000c3900000, 0x00000000c3900000| Untracked 
|  58|0x00000000c3a00000, 0x00000000c3a00000, 0x00000000c3b00000|  0%| F|  |TAMS 0x00000000c3a00000, 0x00000000c3a00000| Untracked 
|  59|0x00000000c3b00000, 0x00000000c3b00000, 0x00000000c3c00000|  0%| F|  |TAMS 0x00000000c3b00000, 0x00000000c3b00000| Untracked 
|  60|0x00000000c3c00000, 0x00000000c3c00000, 0x00000000c3d00000|  0%| F|  |TAMS 0x00000000c3c00000, 0x00000000c3c00000| Untracked 
|  61|0x00000000c3d00000, 0x00000000c3d00000, 0x00000000c3e00000|  0%| F|  |TAMS 0x00000000c3d00000, 0x00000000c3d00000| Untracked 
|  62|0x00000000c3e00000, 0x00000000c3e00000, 0x00000000c3f00000|  0%| F|  |TAMS 0x00000000c3e00000, 0x00000000c3e00000| Untracked 
|  63|0x00000000c3f00000, 0x00000000c3f00000, 0x00000000c4000000|  0%| F|  |TAMS 0x00000000c3f00000, 0x00000000c3f00000| Untracked 
|  64|0x00000000c4000000, 0x00000000c4000000, 0x00000000c4100000|  0%| F|  |TAMS 0x00000000c4000000, 0x00000000c4000000| Untracked 
|  65|0x00000000c4100000, 0x00000000c4100000, 0x00000000c4200000|  0%| F|  |TAMS 0x00000000c4100000, 0x00000000c4100000| Untracked 
|  66|0x00000000c4200000, 0x00000000c4200000, 0x00000000c4300000|  0%| F|  |TAMS 0x00000000c4200000, 0x00000000c4200000| Untracked 
|  67|0x00000000c4300000, 0x00000000c4300000, 0x00000000c4400000|  0%| F|  |TAMS 0x00000000c4300000, 0x00000000c4300000| Untracked 
|  68|0x00000000c4400000, 0x00000000c4400000, 0x00000000c4500000|  0%| F|  |TAMS 0x00000000c4400000, 0x00000000c4400000| Untracked 
|  69|0x00000000c4500000, 0x00000000c4500000, 0x00000000c4600000|  0%| F|  |TAMS 0x00000000c4500000, 0x00000000c4500000| Untracked 
|  70|0x00000000c4600000, 0x00000000c4600000, 0x00000000c4700000|  0%| F|  |TAMS 0x00000000c4600000, 0x00000000c4600000| Untracked 
|  71|0x00000000c4700000, 0x00000000c4700000, 0x00000000c4800000|  0%| F|  |TAMS 0x00000000c4700000, 0x00000000c4700000| Untracked 
|  72|0x00000000c4800000, 0x00000000c4800000, 0x00000000c4900000|  0%| F|  |TAMS 0x00000000c4800000, 0x00000000c4800000| Untracked 
|  73|0x00000000c4900000, 0x00000000c4900000, 0x00000000c4a00000|  0%| F|  |TAMS 0x00000000c4900000, 0x00000000c4900000| Untracked 
|  74|0x00000000c4a00000, 0x00000000c4a00000, 0x00000000c4b00000|  0%| F|  |TAMS 0x00000000c4a00000, 0x00000000c4a00000| Untracked 
|  75|0x00000000c4b00000, 0x00000000c4b00000, 0x00000000c4c00000|  0%| F|  |TAMS 0x00000000c4b00000, 0x00000000c4b00000| Untracked 
|  76|0x00000000c4c00000, 0x00000000c4c00000, 0x00000000c4d00000|  0%| F|  |TAMS 0x00000000c4c00000, 0x00000000c4c00000| Untracked 
|  77|0x00000000c4d00000, 0x00000000c4d00000, 0x00000000c4e00000|  0%| F|  |TAMS 0x00000000c4d00000, 0x00000000c4d00000| Untracked 
|  78|0x00000000c4e00000, 0x00000000c4e00000, 0x00000000c4f00000|  0%| F|  |TAMS 0x00000000c4e00000, 0x00000000c4e00000| Untracked 
|  79|0x00000000c4f00000, 0x00000000c4f00000, 0x00000000c5000000|  0%| F|  |TAMS 0x00000000c4f00000, 0x00000000c4f00000| Untracked 
|  80|0x00000000c5000000, 0x00000000c5000000, 0x00000000c5100000|  0%| F|  |TAMS 0x00000000c5000000, 0x00000000c5000000| Untracked 
|  81|0x00000000c5100000, 0x00000000c5100000, 0x00000000c5200000|  0%| F|  |TAMS 0x00000000c5100000, 0x00000000c5100000| Untracked 
|  82|0x00000000c5200000, 0x00000000c5200000, 0x00000000c5300000|  0%| F|  |TAMS 0x00000000c5200000, 0x00000000c5200000| Untracked 
|  83|0x00000000c5300000, 0x00000000c5300000, 0x00000000c5400000|  0%| F|  |TAMS 0x00000000c5300000, 0x00000000c5300000| Untracked 
|  84|0x00000000c5400000, 0x00000000c5400000, 0x00000000c5500000|  0%| F|  |TAMS 0x00000000c5400000, 0x00000000c5400000| Untracked 
|  85|0x00000000c5500000, 0x00000000c5500000, 0x00000000c5600000|  0%| F|  |TAMS 0x00000000c5500000, 0x00000000c5500000| Untracked 
|  86|0x00000000c5600000, 0x00000000c5600000, 0x00000000c5700000|  0%| F|  |TAMS 0x00000000c5600000, 0x00000000c5600000| Untracked 
|  87|0x00000000c5700000, 0x00000000c5700000, 0x00000000c5800000|  0%| F|  |TAMS 0x00000000c5700000, 0x00000000c5700000| Untracked 
|  88|0x00000000c5800000, 0x00000000c5800000, 0x00000000c5900000|  0%| F|  |TAMS 0x00000000c5800000, 0x00000000c5800000| Untracked 
|  89|0x00000000c5900000, 0x00000000c5900000, 0x00000000c5a00000|  0%| F|  |TAMS 0x00000000c5900000, 0x00000000c5900000| Untracked 
|  90|0x00000000c5a00000, 0x00000000c5a00000, 0x00000000c5b00000|  0%| F|  |TAMS 0x00000000c5a00000, 0x00000000c5a00000| Untracked 
|  91|0x00000000c5b00000, 0x00000000c5b00000, 0x00000000c5c00000|  0%| F|  |TAMS 0x00000000c5b00000, 0x00000000c5b00000| Untracked 
|  92|0x00000000c5c00000, 0x00000000c5c00000, 0x00000000c5d00000|  0%| F|  |TAMS 0x00000000c5c00000, 0x00000000c5c00000| Untracked 
|  93|0x00000000c5d00000, 0x00000000c5d00000, 0x00000000c5e00000|  0%| F|  |TAMS 0x00000000c5d00000, 0x00000000c5d00000| Untracked 
|  94|0x00000000c5e00000, 0x00000000c5e00000, 0x00000000c5f00000|  0%| F|  |TAMS 0x00000000c5e00000, 0x00000000c5e00000| Untracked 
|  95|0x00000000c5f00000, 0x00000000c5f00000, 0x00000000c6000000|  0%| F|  |TAMS 0x00000000c5f00000, 0x00000000c5f00000| Untracked 
|  96|0x00000000c6000000, 0x00000000c6000000, 0x00000000c6100000|  0%| F|  |TAMS 0x00000000c6000000, 0x00000000c6000000| Untracked 
|  97|0x00000000c6100000, 0x00000000c6100000, 0x00000000c6200000|  0%| F|  |TAMS 0x00000000c6100000, 0x00000000c6100000| Untracked 
|  98|0x00000000c6200000, 0x00000000c6200000, 0x00000000c6300000|  0%| F|  |TAMS 0x00000000c6200000, 0x00000000c6200000| Untracked 
|  99|0x00000000c6300000, 0x00000000c6300000, 0x00000000c6400000|  0%| F|  |TAMS 0x00000000c6300000, 0x00000000c6300000| Untracked 
| 100|0x00000000c6400000, 0x00000000c6400000, 0x00000000c6500000|  0%| F|  |TAMS 0x00000000c6400000, 0x00000000c6400000| Untracked 
| 101|0x00000000c6500000, 0x00000000c6500000, 0x00000000c6600000|  0%| F|  |TAMS 0x00000000c6500000, 0x00000000c6500000| Untracked 
| 102|0x00000000c6600000, 0x00000000c6600000, 0x00000000c6700000|  0%| F|  |TAMS 0x00000000c6600000, 0x00000000c6600000| Untracked 
| 103|0x00000000c6700000, 0x00000000c6700000, 0x00000000c6800000|  0%| F|  |TAMS 0x00000000c6700000, 0x00000000c6700000| Untracked 
| 104|0x00000000c6800000, 0x00000000c6800000, 0x00000000c6900000|  0%| F|  |TAMS 0x00000000c6800000, 0x00000000c6800000| Untracked 
| 105|0x00000000c6900000, 0x00000000c6900000, 0x00000000c6a00000|  0%| F|  |TAMS 0x00000000c6900000, 0x00000000c6900000| Untracked 
| 106|0x00000000c6a00000, 0x00000000c6a00000, 0x00000000c6b00000|  0%| F|  |TAMS 0x00000000c6a00000, 0x00000000c6a00000| Untracked 
| 107|0x00000000c6b00000, 0x00000000c6b00000, 0x00000000c6c00000|  0%| F|  |TAMS 0x00000000c6b00000, 0x00000000c6b00000| Untracked 
| 108|0x00000000c6c00000, 0x00000000c6c00000, 0x00000000c6d00000|  0%| F|  |TAMS 0x00000000c6c00000, 0x00000000c6c00000| Untracked 
| 109|0x00000000c6d00000, 0x00000000c6d00000, 0x00000000c6e00000|  0%| F|  |TAMS 0x00000000c6d00000, 0x00000000c6d00000| Untracked 
| 110|0x00000000c6e00000, 0x00000000c6e00000, 0x00000000c6f00000|  0%| F|  |TAMS 0x00000000c6e00000, 0x00000000c6e00000| Untracked 
| 111|0x00000000c6f00000, 0x00000000c6f00000, 0x00000000c7000000|  0%| F|  |TAMS 0x00000000c6f00000, 0x00000000c6f00000| Untracked 
| 112|0x00000000c7000000, 0x00000000c7000000, 0x00000000c7100000|  0%| F|  |TAMS 0x00000000c7000000, 0x00000000c7000000| Untracked 
| 113|0x00000000c7100000, 0x00000000c7100000, 0x00000000c7200000|  0%| F|  |TAMS 0x00000000c7100000, 0x00000000c7100000| Untracked 
| 114|0x00000000c7200000, 0x00000000c7200000, 0x00000000c7300000|  0%| F|  |TAMS 0x00000000c7200000, 0x00000000c7200000| Untracked 
| 115|0x00000000c7300000, 0x00000000c7300000, 0x00000000c7400000|  0%| F|  |TAMS 0x00000000c7300000, 0x00000000c7300000| Untracked 
| 116|0x00000000c7400000, 0x00000000c7400000, 0x00000000c7500000|  0%| F|  |TAMS 0x00000000c7400000, 0x00000000c7400000| Untracked 
| 117|0x00000000c7500000, 0x00000000c7500000, 0x00000000c7600000|  0%| F|  |TAMS 0x00000000c7500000, 0x00000000c7500000| Untracked 
| 118|0x00000000c7600000, 0x00000000c7600000, 0x00000000c7700000|  0%| F|  |TAMS 0x00000000c7600000, 0x00000000c7600000| Untracked 
| 119|0x00000000c7700000, 0x00000000c7700000, 0x00000000c7800000|  0%| F|  |TAMS 0x00000000c7700000, 0x00000000c7700000| Untracked 
| 120|0x00000000c7800000, 0x00000000c7800000, 0x00000000c7900000|  0%| F|  |TAMS 0x00000000c7800000, 0x00000000c7800000| Untracked 
| 121|0x00000000c7900000, 0x00000000c7900000, 0x00000000c7a00000|  0%| F|  |TAMS 0x00000000c7900000, 0x00000000c7900000| Untracked 
| 122|0x00000000c7a00000, 0x00000000c7a00000, 0x00000000c7b00000|  0%| F|  |TAMS 0x00000000c7a00000, 0x00000000c7a00000| Untracked 
| 123|0x00000000c7b00000, 0x00000000c7b00000, 0x00000000c7c00000|  0%| F|  |TAMS 0x00000000c7b00000, 0x00000000c7b00000| Untracked 
| 124|0x00000000c7c00000, 0x00000000c7c00000, 0x00000000c7d00000|  0%| F|  |TAMS 0x00000000c7c00000, 0x00000000c7c00000| Untracked 
| 125|0x00000000c7d00000, 0x00000000c7d00000, 0x00000000c7e00000|  0%| F|  |TAMS 0x00000000c7d00000, 0x00000000c7d00000| Untracked 
| 126|0x00000000c7e00000, 0x00000000c7e00000, 0x00000000c7f00000|  0%| F|  |TAMS 0x00000000c7e00000, 0x00000000c7e00000| Untracked 
| 127|0x00000000c7f00000, 0x00000000c7f00000, 0x00000000c8000000|  0%| F|  |TAMS 0x00000000c7f00000, 0x00000000c7f00000| Untracked 
| 128|0x00000000c8000000, 0x00000000c8000000, 0x00000000c8100000|  0%| F|  |TAMS 0x00000000c8000000, 0x00000000c8000000| Untracked 
| 129|0x00000000c8100000, 0x00000000c8100000, 0x00000000c8200000|  0%| F|  |TAMS 0x00000000c8100000, 0x00000000c8100000| Untracked 
| 130|0x00000000c8200000, 0x00000000c8200000, 0x00000000c8300000|  0%| F|  |TAMS 0x00000000c8200000, 0x00000000c8200000| Untracked 
| 131|0x00000000c8300000, 0x00000000c8300000, 0x00000000c8400000|  0%| F|  |TAMS 0x00000000c8300000, 0x00000000c8300000| Untracked 
| 132|0x00000000c8400000, 0x00000000c8400000, 0x00000000c8500000|  0%| F|  |TAMS 0x00000000c8400000, 0x00000000c8400000| Untracked 
| 133|0x00000000c8500000, 0x00000000c8500000, 0x00000000c8600000|  0%| F|  |TAMS 0x00000000c8500000, 0x00000000c8500000| Untracked 
| 134|0x00000000c8600000, 0x00000000c8600000, 0x00000000c8700000|  0%| F|  |TAMS 0x00000000c8600000, 0x00000000c8600000| Untracked 
| 135|0x00000000c8700000, 0x00000000c8700000, 0x00000000c8800000|  0%| F|  |TAMS 0x00000000c8700000, 0x00000000c8700000| Untracked 
| 136|0x00000000c8800000, 0x00000000c8800000, 0x00000000c8900000|  0%| F|  |TAMS 0x00000000c8800000, 0x00000000c8800000| Untracked 
| 137|0x00000000c8900000, 0x00000000c8900000, 0x00000000c8a00000|  0%| F|  |TAMS 0x00000000c8900000, 0x00000000c8900000| Untracked 
| 138|0x00000000c8a00000, 0x00000000c8a00000, 0x00000000c8b00000|  0%| F|  |TAMS 0x00000000c8a00000, 0x00000000c8a00000| Untracked 
| 139|0x00000000c8b00000, 0x00000000c8b00000, 0x00000000c8c00000|  0%| F|  |TAMS 0x00000000c8b00000, 0x00000000c8b00000| Untracked 
| 140|0x00000000c8c00000, 0x00000000c8c00000, 0x00000000c8d00000|  0%| F|  |TAMS 0x00000000c8c00000, 0x00000000c8c00000| Untracked 
| 141|0x00000000c8d00000, 0x00000000c8d00000, 0x00000000c8e00000|  0%| F|  |TAMS 0x00000000c8d00000, 0x00000000c8d00000| Untracked 
| 142|0x00000000c8e00000, 0x00000000c8e00000, 0x00000000c8f00000|  0%| F|  |TAMS 0x00000000c8e00000, 0x00000000c8e00000| Untracked 
| 143|0x00000000c8f00000, 0x00000000c8f1e638, 0x00000000c9000000| 11%| E|  |TAMS 0x00000000c8f00000, 0x00000000c8f00000| Complete 

Card table byte_map: [0x000002207e2b0000,0x000002207e4b0000] _byte_map_base: 0x000002207dcb0000

Marking Bits (Prev, Next): (CMBitMap*) 0x000002207dd17810, (CMBitMap*) 0x000002207dd177d0
 Prev Bits: [0x0000022005be0000, 0x0000022006be0000)
 Next Bits: [0x000002207e6b0000, 0x000002207f6b0000)

Polling page: 0x000002207bc70000

Metaspace:

Usage:
  Non-class:     52.63 MB used.
      Class:      7.58 MB used.
       Both:     60.21 MB used.

Virtual space:
  Non-class space:       64.00 MB reserved,      52.94 MB ( 83%) committed,  1 nodes.
      Class space:        1.00 GB reserved,       7.81 MB ( <1%) committed,  1 nodes.
             Both:        1.06 GB reserved,      60.75 MB (  6%) committed. 

Chunk freelists:
   Non-Class:  10.59 MB
       Class:  8.23 MB
        Both:  18.82 MB

MaxMetaspaceSize: unlimited
CompressedClassSpaceSize: 1.00 GB
Initial GC threshold: 21.00 MB
Current GC threshold: 101.38 MB
CDS: off
MetaspaceReclaimPolicy: balanced
 - commit_granule_bytes: 65536.
 - commit_granule_words: 8192.
 - virtual_space_node_default_size: 8388608.
 - enlarge_chunks_in_place: 1.
 - new_chunks_are_fully_committed: 0.
 - uncommit_free_chunks: 1.
 - use_allocation_guard: 0.
 - handle_deallocations: 1.


Internal statistics:

num_allocs_failed_limit: 6.
num_arena_births: 2316.
num_arena_deaths: 1754.
num_vsnodes_births: 2.
num_vsnodes_deaths: 0.
num_space_committed: 978.
num_space_uncommitted: 6.
num_chunks_returned_to_freelist: 2725.
num_chunks_taken_from_freelist: 5354.
num_chunk_merges: 515.
num_chunk_splits: 2317.
num_chunks_enlarged: 1468.
num_inconsistent_stats: 0.

CodeCache: size=49152Kb used=18867Kb max_used=20277Kb free=30284Kb
 bounds [0x0000022002be0000, 0x0000022004030000, 0x0000022005be0000]
 total_blobs=10866 nmethods=10186 adapters=606
 compilation: enabled
              stopped_count=0, restarted_count=0
 full_count=0

Compilation events (20 events):
Event: 42699.188 Thread 0x000002200d15d930 10178       1       org.eclipse.jdt.internal.compiler.lookup.SourceTypeBinding::sortedMemberTypes (37 bytes)
Event: 42699.189 Thread 0x000002200d15d930 nmethod 10178 0x0000022003cd8710 code [0x0000022003cd88a0, 0x0000022003cd89c8]
Event: 42699.195 Thread 0x000002200d15d930 10179  s    1       java.io.ByteArrayInputStream::available (10 bytes)
Event: 42699.195 Thread 0x000002200d15d930 nmethod 10179 0x0000022003cd8390 code [0x0000022003cd8520, 0x0000022003cd8698]
Event: 42699.201 Thread 0x000002200d15d930 10181       1       org.eclipse.jdt.internal.compiler.lookup.BinaryTypeBinding::getMemberType (170 bytes)
Event: 42699.202 Thread 0x000002200d15d930 nmethod 10181 0x0000022003cd7790 code [0x0000022003cd79c0, 0x0000022003cd7fa8]
Event: 42699.202 Thread 0x000002200d15d930 10180       1       org.eclipse.jdt.internal.compiler.lookup.ReferenceBinding::binarySearch (111 bytes)
Event: 42699.202 Thread 0x000002200d15d930 nmethod 10180 0x0000022003cd7190 code [0x0000022003cd7340, 0x0000022003cd75c8]
Event: 42699.202 Thread 0x000002200d15d930 10182       1       org.eclipse.jdt.internal.compiler.lookup.BinaryTypeBinding::maybeSortedMemberTypes (55 bytes)
Event: 42699.203 Thread 0x000002200d15d930 nmethod 10182 0x0000022003cd6d90 code [0x0000022003cd6f40, 0x0000022003cd70c8]
Event: 42701.766 Thread 0x000002200d15d930 10183       1       org.springframework.ide.vscode.boot.java.BootJavaLanguageServerComponents::getTextDocumentService (8 bytes)
Event: 42701.766 Thread 0x000002200d15d930 nmethod 10183 0x0000022003cd6790 code [0x0000022003cd6940, 0x0000022003cd6c08]
Event: 42789.501 Thread 0x000002200d15d930 10184       1       java.lang.invoke.VarHandle::acquireFence (7 bytes)
Event: 42789.501 Thread 0x000002200d15d930 nmethod 10184 0x0000022003cd6490 code [0x0000022003cd6620, 0x0000022003cd66b8]
Event: 44065.144 Thread 0x000002200d15d930 10185       1       org.eclipse.jdt.internal.compiler.util.HashtableOfObject::rehash (84 bytes)
Event: 44065.148 Thread 0x000002200d15d930 nmethod 10185 0x0000022003cd5e10 code [0x0000022003cd5fe0, 0x0000022003cd62c8]
Event: 44065.148 Thread 0x000002200d15d930 10186       1       org.eclipse.jdt.internal.compiler.lookup.SourceTypeBinding::getImplicitMethod (84 bytes)
Event: 44065.155 Thread 0x000002200d15d930 nmethod 10186 0x0000022003cd5810 code [0x0000022003cd59c0, 0x0000022003cd5c08]
Event: 44065.175 Thread 0x000002200d15d930 10187       1       org.eclipse.jdt.core.dom.ASTConverter::lookupForScopes (111 bytes)
Event: 44065.178 Thread 0x000002200d15d930 nmethod 10187 0x0000022003cd5010 code [0x0000022003cd5240, 0x0000022003cd5598]

GC Heap History (20 events):
Event: 44531.578 GC heap before
{Heap before GC invocations=4254 (full 4205):
 garbage-first heap   total 147456K, used 43451K [0x00000000c0000000, 0x0000000100000000)
  region size 1024K, 1 young (1024K), 0 survivors (0K)
 Metaspace       used 61654K, committed 62208K, reserved 1114112K
  class space    used 7758K, committed 8000K, reserved 1048576K
}
Event: 44531.635 GC heap after
{Heap after GC invocations=4255 (full 4206):
 garbage-first heap   total 147456K, used 43451K [0x00000000c0000000, 0x0000000100000000)
  region size 1024K, 0 young (0K), 0 survivors (0K)
 Metaspace       used 61654K, committed 62208K, reserved 1114112K
  class space    used 7758K, committed 8000K, reserved 1048576K
}
Event: 44541.839 GC heap before
{Heap before GC invocations=4255 (full 4206):
 garbage-first heap   total 147456K, used 43451K [0x00000000c0000000, 0x0000000100000000)
  region size 1024K, 1 young (1024K), 0 survivors (0K)
 Metaspace       used 61654K, committed 62208K, reserved 1114112K
  class space    used 7758K, committed 8000K, reserved 1048576K
}
Event: 44541.885 GC heap after
{Heap after GC invocations=4256 (full 4207):
 garbage-first heap   total 147456K, used 43451K [0x00000000c0000000, 0x0000000100000000)
  region size 1024K, 0 young (0K), 0 survivors (0K)
 Metaspace       used 61654K, committed 62208K, reserved 1114112K
  class space    used 7758K, committed 8000K, reserved 1048576K
}
Event: 44552.091 GC heap before
{Heap before GC invocations=4256 (full 4207):
 garbage-first heap   total 147456K, used 43451K [0x00000000c0000000, 0x0000000100000000)
  region size 1024K, 1 young (1024K), 0 survivors (0K)
 Metaspace       used 61654K, committed 62208K, reserved 1114112K
  class space    used 7758K, committed 8000K, reserved 1048576K
}
Event: 44552.139 GC heap after
{Heap after GC invocations=4257 (full 4208):
 garbage-first heap   total 147456K, used 43451K [0x00000000c0000000, 0x0000000100000000)
  region size 1024K, 0 young (0K), 0 survivors (0K)
 Metaspace       used 61654K, committed 62208K, reserved 1114112K
  class space    used 7758K, committed 8000K, reserved 1048576K
}
Event: 44562.364 GC heap before
{Heap before GC invocations=4257 (full 4208):
 garbage-first heap   total 147456K, used 43451K [0x00000000c0000000, 0x0000000100000000)
  region size 1024K, 1 young (1024K), 0 survivors (0K)
 Metaspace       used 61654K, committed 62208K, reserved 1114112K
  class space    used 7758K, committed 8000K, reserved 1048576K
}
Event: 44562.411 GC heap after
{Heap after GC invocations=4258 (full 4209):
 garbage-first heap   total 147456K, used 43451K [0x00000000c0000000, 0x0000000100000000)
  region size 1024K, 0 young (0K), 0 survivors (0K)
 Metaspace       used 61654K, committed 62208K, reserved 1114112K
  class space    used 7758K, committed 8000K, reserved 1048576K
}
Event: 44572.639 GC heap before
{Heap before GC invocations=4258 (full 4209):
 garbage-first heap   total 147456K, used 43451K [0x00000000c0000000, 0x0000000100000000)
  region size 1024K, 1 young (1024K), 0 survivors (0K)
 Metaspace       used 61654K, committed 62208K, reserved 1114112K
  class space    used 7758K, committed 8000K, reserved 1048576K
}
Event: 44572.686 GC heap after
{Heap after GC invocations=4259 (full 4210):
 garbage-first heap   total 147456K, used 43451K [0x00000000c0000000, 0x0000000100000000)
  region size 1024K, 0 young (0K), 0 survivors (0K)
 Metaspace       used 61654K, committed 62208K, reserved 1114112K
  class space    used 7758K, committed 8000K, reserved 1048576K
}
Event: 44582.894 GC heap before
{Heap before GC invocations=4259 (full 4210):
 garbage-first heap   total 147456K, used 43451K [0x00000000c0000000, 0x0000000100000000)
  region size 1024K, 1 young (1024K), 0 survivors (0K)
 Metaspace       used 61654K, committed 62208K, reserved 1114112K
  class space    used 7758K, committed 8000K, reserved 1048576K
}
Event: 44582.949 GC heap after
{Heap after GC invocations=4260 (full 4211):
 garbage-first heap   total 147456K, used 43451K [0x00000000c0000000, 0x0000000100000000)
  region size 1024K, 0 young (0K), 0 survivors (0K)
 Metaspace       used 61654K, committed 62208K, reserved 1114112K
  class space    used 7758K, committed 8000K, reserved 1048576K
}
Event: 44593.200 GC heap before
{Heap before GC invocations=4260 (full 4211):
 garbage-first heap   total 147456K, used 43451K [0x00000000c0000000, 0x0000000100000000)
  region size 1024K, 1 young (1024K), 0 survivors (0K)
 Metaspace       used 61654K, committed 62208K, reserved 1114112K
  class space    used 7758K, committed 8000K, reserved 1048576K
}
Event: 44593.255 GC heap after
{Heap after GC invocations=4261 (full 4212):
 garbage-first heap   total 147456K, used 43451K [0x00000000c0000000, 0x0000000100000000)
  region size 1024K, 0 young (0K), 0 survivors (0K)
 Metaspace       used 61654K, committed 62208K, reserved 1114112K
  class space    used 7758K, committed 8000K, reserved 1048576K
}
Event: 44603.478 GC heap before
{Heap before GC invocations=4261 (full 4212):
 garbage-first heap   total 147456K, used 43451K [0x00000000c0000000, 0x0000000100000000)
  region size 1024K, 1 young (1024K), 0 survivors (0K)
 Metaspace       used 61654K, committed 62208K, reserved 1114112K
  class space    used 7758K, committed 8000K, reserved 1048576K
}
Event: 44603.514 GC heap after
{Heap after GC invocations=4262 (full 4213):
 garbage-first heap   total 147456K, used 43451K [0x00000000c0000000, 0x0000000100000000)
  region size 1024K, 0 young (0K), 0 survivors (0K)
 Metaspace       used 61654K, committed 62208K, reserved 1114112K
  class space    used 7758K, committed 8000K, reserved 1048576K
}
Event: 44613.721 GC heap before
{Heap before GC invocations=4262 (full 4213):
 garbage-first heap   total 147456K, used 43451K [0x00000000c0000000, 0x0000000100000000)
  region size 1024K, 1 young (1024K), 0 survivors (0K)
 Metaspace       used 61654K, committed 62208K, reserved 1114112K
  class space    used 7758K, committed 8000K, reserved 1048576K
}
Event: 44613.760 GC heap after
{Heap after GC invocations=4263 (full 4214):
 garbage-first heap   total 147456K, used 43451K [0x00000000c0000000, 0x0000000100000000)
  region size 1024K, 0 young (0K), 0 survivors (0K)
 Metaspace       used 61654K, committed 62208K, reserved 1114112K
  class space    used 7758K, committed 8000K, reserved 1048576K
}
Event: 44624.144 GC heap before
{Heap before GC invocations=4263 (full 4214):
 garbage-first heap   total 147456K, used 43451K [0x00000000c0000000, 0x0000000100000000)
  region size 1024K, 1 young (1024K), 0 survivors (0K)
 Metaspace       used 61654K, committed 62208K, reserved 1114112K
  class space    used 7758K, committed 8000K, reserved 1048576K
}
Event: 44624.199 GC heap after
{Heap after GC invocations=4264 (full 4215):
 garbage-first heap   total 147456K, used 43451K [0x00000000c0000000, 0x0000000100000000)
  region size 1024K, 0 young (0K), 0 survivors (0K)
 Metaspace       used 61654K, committed 62208K, reserved 1114112K
  class space    used 7758K, committed 8000K, reserved 1048576K
}

Dll operation events (12 events):
Event: 0.013 Loaded shared library c:\Users\Alexis Ortiz\.vscode\extensions\redhat.java-1.29.0-win32-x64\jre\17.0.10-win32-x86_64\bin\java.dll
Event: 0.252 Loaded shared library C:\Users\Alexis Ortiz\.vscode\extensions\redhat.java-1.29.0-win32-x64\jre\17.0.10-win32-x86_64\bin\net.dll
Event: 0.255 Loaded shared library C:\Users\Alexis Ortiz\.vscode\extensions\redhat.java-1.29.0-win32-x64\jre\17.0.10-win32-x86_64\bin\nio.dll
Event: 0.266 Loaded shared library C:\Users\Alexis Ortiz\.vscode\extensions\redhat.java-1.29.0-win32-x64\jre\17.0.10-win32-x86_64\bin\zip.dll
Event: 0.669 Loaded shared library C:\Users\Alexis Ortiz\.vscode\extensions\redhat.java-1.29.0-win32-x64\jre\17.0.10-win32-x86_64\bin\jimage.dll
Event: 2.570 Loaded shared library c:\Users\Alexis Ortiz\.vscode\extensions\redhat.java-1.29.0-win32-x64\jre\17.0.10-win32-x86_64\bin\verify.dll
Event: 5.249 Loaded shared library C:\Users\Alexis Ortiz\.vscode\extensions\redhat.java-1.29.0-win32-x64\jre\17.0.10-win32-x86_64\bin\management.dll
Event: 5.254 Loaded shared library C:\Users\Alexis Ortiz\.vscode\extensions\redhat.java-1.29.0-win32-x64\jre\17.0.10-win32-x86_64\bin\management_ext.dll
Event: 6.673 Loaded shared library C:\Users\Alexis Ortiz\.vscode\extensions\redhat.java-1.29.0-win32-x64\jre\17.0.10-win32-x86_64\bin\sunmscapi.dll
Event: 7.173 Loaded shared library C:\Users\Alexis Ortiz\.vscode\extensions\redhat.java-1.29.0-win32-x64\jre\17.0.10-win32-x86_64\bin\extnet.dll
Event: 17.585 Loaded shared library C:\Users\Alexis Ortiz\.vscode\extensions\redhat.java-1.29.0-win32-x64\jre\17.0.10-win32-x86_64\bin\attach.dll
Event: 22.948 Loaded shared library C:\Users\Alexis Ortiz\.vscode\extensions\redhat.java-1.29.0-win32-x64\jre\17.0.10-win32-x86_64\bin\rmi.dll

Deoptimization events (20 events):
Event: 225.063 Thread 0x000002200f7c8580 DEOPT PACKING pc=0x000002200334f524 sp=0x00000075461fec20
Event: 225.063 Thread 0x000002200f7c8580 DEOPT UNPACKING pc=0x0000022002c37143 sp=0x00000075461fe108 mode 0
Event: 42018.841 Thread 0x000002200dcb21c0 DEOPT PACKING pc=0x00000220039577d4 sp=0x0000007545bfe490
Event: 42018.841 Thread 0x000002200dcb21c0 DEOPT UNPACKING pc=0x0000022002c37143 sp=0x0000007545bfd958 mode 0
Event: 42018.842 Thread 0x000002200dcb21c0 DEOPT PACKING pc=0x000002200350be8c sp=0x0000007545bfe5b0
Event: 42018.842 Thread 0x000002200dcb21c0 DEOPT UNPACKING pc=0x0000022002c37143 sp=0x0000007545bfdb18 mode 0
Event: 42018.842 Thread 0x000002200dcb21c0 DEOPT PACKING pc=0x000002200351d7cc sp=0x0000007545bfe6e0
Event: 42018.842 Thread 0x000002200dcb21c0 DEOPT UNPACKING pc=0x0000022002c37143 sp=0x0000007545bfdbc0 mode 0
Event: 42018.842 Thread 0x000002200dcb21c0 DEOPT PACKING pc=0x000002200350be8c sp=0x0000007545bfe810
Event: 42018.842 Thread 0x000002200dcb21c0 DEOPT UNPACKING pc=0x0000022002c37143 sp=0x0000007545bfdd78 mode 0
Event: 42018.842 Thread 0x000002200dcb21c0 DEOPT PACKING pc=0x000002200351d7cc sp=0x0000007545bfe940
Event: 42018.842 Thread 0x000002200dcb21c0 DEOPT UNPACKING pc=0x0000022002c37143 sp=0x0000007545bfde20 mode 0
Event: 42018.842 Thread 0x000002200dcb21c0 DEOPT PACKING pc=0x000002200373d1ac sp=0x0000007545bfe9e0
Event: 42018.843 Thread 0x000002200dcb21c0 DEOPT UNPACKING pc=0x0000022002c37143 sp=0x0000007545bfdeb8 mode 0
Event: 42018.843 Thread 0x000002200dcb21c0 DEOPT PACKING pc=0x00000220030f6574 sp=0x0000007545bfeb00
Event: 42018.843 Thread 0x000002200dcb21c0 DEOPT UNPACKING pc=0x0000022002c37143 sp=0x0000007545bfdfd0 mode 0
Event: 42018.883 Thread 0x000002200dcb21c0 DEOPT PACKING pc=0x000002200350be8c sp=0x0000007545bfec60
Event: 42018.883 Thread 0x000002200dcb21c0 DEOPT UNPACKING pc=0x0000022002c37143 sp=0x0000007545bfe1c8 mode 0
Event: 42018.883 Thread 0x000002200dcb21c0 DEOPT PACKING pc=0x000002200351d7cc sp=0x0000007545bfed90
Event: 42018.883 Thread 0x000002200dcb21c0 DEOPT UNPACKING pc=0x0000022002c37143 sp=0x0000007545bfe288 mode 0

Classes unloaded (20 events):
Event: 42806.748 Thread 0x0000022008fb8470 Unloading class 0x00000001007c8c00 'jdk/internal/reflect/GeneratedMethodAccessor62'
Event: 42806.748 Thread 0x0000022008fb8470 Unloading class 0x00000001007c8800 'jdk/internal/reflect/GeneratedMethodAccessor61'
Event: 43001.393 Thread 0x0000022008fb8470 Unloading class 0x000000010008e800 'jdk/internal/reflect/GeneratedSerializationConstructorAccessor644'
Event: 43001.393 Thread 0x0000022008fb8470 Unloading class 0x0000000100408000 'jdk/internal/reflect/GeneratedSerializationConstructorAccessor643'
Event: 43001.393 Thread 0x0000022008fb8470 Unloading class 0x00000001007cd400 'jdk/internal/reflect/GeneratedSerializationConstructorAccessor642'
Event: 43299.854 Thread 0x0000022008fb8470 Unloading class 0x00000001007cd400 'jdk/internal/reflect/GeneratedSerializationConstructorAccessor647'
Event: 43299.855 Thread 0x0000022008fb8470 Unloading class 0x0000000100408000 'jdk/internal/reflect/GeneratedSerializationConstructorAccessor646'
Event: 43299.855 Thread 0x0000022008fb8470 Unloading class 0x000000010008e800 'jdk/internal/reflect/GeneratedSerializationConstructorAccessor645'
Event: 43598.621 Thread 0x0000022008fb8470 Unloading class 0x000000010008e800 'jdk/internal/reflect/GeneratedSerializationConstructorAccessor650'
Event: 43598.621 Thread 0x0000022008fb8470 Unloading class 0x0000000100408000 'jdk/internal/reflect/GeneratedSerializationConstructorAccessor649'
Event: 43598.621 Thread 0x0000022008fb8470 Unloading class 0x00000001007cd400 'jdk/internal/reflect/GeneratedSerializationConstructorAccessor648'
Event: 43897.710 Thread 0x0000022008fb8470 Unloading class 0x00000001007cd400 'jdk/internal/reflect/GeneratedSerializationConstructorAccessor653'
Event: 43897.711 Thread 0x0000022008fb8470 Unloading class 0x0000000100408000 'jdk/internal/reflect/GeneratedSerializationConstructorAccessor652'
Event: 43897.711 Thread 0x0000022008fb8470 Unloading class 0x000000010008e800 'jdk/internal/reflect/GeneratedSerializationConstructorAccessor651'
Event: 44173.042 Thread 0x0000022008fb8470 Unloading class 0x000000010008e800 'jdk/internal/reflect/GeneratedSerializationConstructorAccessor656'
Event: 44173.042 Thread 0x0000022008fb8470 Unloading class 0x0000000100408000 'jdk/internal/reflect/GeneratedSerializationConstructorAccessor655'
Event: 44173.042 Thread 0x0000022008fb8470 Unloading class 0x00000001007cd400 'jdk/internal/reflect/GeneratedSerializationConstructorAccessor654'
Event: 44500.744 Thread 0x0000022008fb8470 Unloading class 0x00000001007cd400 'jdk/internal/reflect/GeneratedSerializationConstructorAccessor659'
Event: 44500.744 Thread 0x0000022008fb8470 Unloading class 0x0000000100408000 'jdk/internal/reflect/GeneratedSerializationConstructorAccessor658'
Event: 44500.744 Thread 0x0000022008fb8470 Unloading class 0x000000010008e800 'jdk/internal/reflect/GeneratedSerializationConstructorAccessor657'

Classes redefined (0 events):
No events

Internal exceptions (20 events):
Event: 42789.501 Thread 0x000002200ec380c0 Exception <a 'java/net/ConnectException'{0x00000000c8f0d780}: Connection refused: connect> (0x00000000c8f0d780) 
thrown [s\src\hotspot\share\prims\jni.cpp, line 535]
Event: 42789.501 Thread 0x000002200ec380c0 Exception <a 'java/net/SocketException'{0x00000000c8f0dab8}: Socket is not connected: shutdown> (0x00000000c8f0dab8) 
thrown [s\src\hotspot\share\prims\jni.cpp, line 535]
Event: 42789.501 Thread 0x000002200ec380c0 Exception <a 'java/net/ConnectException'{0x00000000c8f0e688}: Connection refused: connect> (0x00000000c8f0e688) 
thrown [s\src\hotspot\share\prims\jni.cpp, line 535]
Event: 42789.501 Thread 0x000002200ec380c0 Exception <a 'java/net/SocketException'{0x00000000c8f0e9c0}: Socket is not connected: shutdown> (0x00000000c8f0e9c0) 
thrown [s\src\hotspot\share\prims\jni.cpp, line 535]
Event: 42893.188 Thread 0x000002200f665d90 Exception <a 'java/lang/NoSuchMethodError'{0x00000000c8f0e500}: static [Ljava/rmi/server/ObjID;.<clinit>()V> (0x00000000c8f0e500) 
thrown [s\src\hotspot\share\prims\jni.cpp, line 1107]
Event: 42893.190 Thread 0x000002200f665d90 Exception <a 'java/lang/NoSuchMethodError'{0x00000000c8f1a070}: static [B.<clinit>()V> (0x00000000c8f1a070) 
thrown [s\src\hotspot\share\prims\jni.cpp, line 1107]
Event: 42969.504 Thread 0x000002200ec380c0 Exception <a 'java/net/ConnectException'{0x00000000c8f1a508}: Connection refused: connect> (0x00000000c8f1a508) 
thrown [s\src\hotspot\share\prims\jni.cpp, line 535]
Event: 42969.504 Thread 0x000002200ec380c0 Exception <a 'java/net/SocketException'{0x00000000c8f1a840}: Socket is not connected: shutdown> (0x00000000c8f1a840) 
thrown [s\src\hotspot\share\prims\jni.cpp, line 535]
Event: 43045.502 Thread 0x000002200ec380c0 Exception <a 'java/net/ConnectException'{0x00000000c8f0dfd0}: Connection refused: connect> (0x00000000c8f0dfd0) 
thrown [s\src\hotspot\share\prims\jni.cpp, line 535]
Event: 43045.502 Thread 0x000002200ec380c0 Exception <a 'java/net/SocketException'{0x00000000c8f0e308}: Socket is not connected: shutdown> (0x00000000c8f0e308) 
thrown [s\src\hotspot\share\prims\jni.cpp, line 535]
Event: 43193.193 Thread 0x000002200f665d90 Exception <a 'java/lang/NoSuchMethodError'{0x00000000c8f0db78}: static [Ljava/rmi/server/ObjID;.<clinit>()V> (0x00000000c8f0db78) 
thrown [s\src\hotspot\share\prims\jni.cpp, line 1107]
Event: 43193.224 Thread 0x000002200f665d90 Exception <a 'java/lang/NoSuchMethodError'{0x00000000c8f196b8}: static [B.<clinit>()V> (0x00000000c8f196b8) 
thrown [s\src\hotspot\share\prims\jni.cpp, line 1107]
Event: 43493.199 Thread 0x000002200f665d90 Exception <a 'java/lang/NoSuchMethodError'{0x00000000c8f0e130}: static [Ljava/rmi/server/ObjID;.<clinit>()V> (0x00000000c8f0e130) 
thrown [s\src\hotspot\share\prims\jni.cpp, line 1107]
Event: 43493.244 Thread 0x000002200f665d90 Exception <a 'java/lang/NoSuchMethodError'{0x00000000c8f19c68}: static [B.<clinit>()V> (0x00000000c8f19c68) 
thrown [s\src\hotspot\share\prims\jni.cpp, line 1107]
Event: 43793.207 Thread 0x000002200f665d90 Exception <a 'java/lang/NoSuchMethodError'{0x00000000c8f0e3a0}: static [Ljava/rmi/server/ObjID;.<clinit>()V> (0x00000000c8f0e3a0) 
thrown [s\src\hotspot\share\prims\jni.cpp, line 1107]
Event: 43793.278 Thread 0x000002200f665d90 Exception <a 'java/lang/NoSuchMethodError'{0x00000000c8f19ee0}: static [B.<clinit>()V> (0x00000000c8f19ee0) 
thrown [s\src\hotspot\share\prims\jni.cpp, line 1107]
Event: 44093.201 Thread 0x000002200f665d90 Exception <a 'java/lang/NoSuchMethodError'{0x00000000c87fd4b0}: static [Ljava/rmi/server/ObjID;.<clinit>()V> (0x00000000c87fd4b0) 
thrown [s\src\hotspot\share\prims\jni.cpp, line 1107]
Event: 44093.231 Thread 0x000002200f665d90 Exception <a 'java/lang/NoSuchMethodError'{0x00000000c8609150}: static [B.<clinit>()V> (0x00000000c8609150) 
thrown [s\src\hotspot\share\prims\jni.cpp, line 1107]
Event: 44393.199 Thread 0x000002200f665d90 Exception <a 'java/lang/NoSuchMethodError'{0x00000000c8f0db78}: static [Ljava/rmi/server/ObjID;.<clinit>()V> (0x00000000c8f0db78) 
thrown [s\src\hotspot\share\prims\jni.cpp, line 1107]
Event: 44393.200 Thread 0x000002200f665d90 Exception <a 'java/lang/NoSuchMethodError'{0x00000000c8f196b8}: static [B.<clinit>()V> (0x00000000c8f196b8) 
thrown [s\src\hotspot\share\prims\jni.cpp, line 1107]

VM Operations (20 events):
Event: 44531.635 Executing VM operation: G1CollectFull done
Event: 44541.839 Executing VM operation: G1CollectFull
Event: 44541.885 Executing VM operation: G1CollectFull done
Event: 44552.091 Executing VM operation: G1CollectFull
Event: 44552.139 Executing VM operation: G1CollectFull done
Event: 44562.364 Executing VM operation: G1CollectFull
Event: 44562.412 Executing VM operation: G1CollectFull done
Event: 44572.639 Executing VM operation: G1CollectFull
Event: 44572.687 Executing VM operation: G1CollectFull done
Event: 44582.893 Executing VM operation: G1CollectFull
Event: 44582.949 Executing VM operation: G1CollectFull done
Event: 44593.200 Executing VM operation: G1CollectFull
Event: 44593.255 Executing VM operation: G1CollectFull done
Event: 44603.478 Executing VM operation: G1CollectFull
Event: 44603.514 Executing VM operation: G1CollectFull done
Event: 44613.721 Executing VM operation: G1CollectFull
Event: 44613.760 Executing VM operation: G1CollectFull done
Event: 44624.144 Executing VM operation: G1CollectFull
Event: 44624.199 Executing VM operation: G1CollectFull done
Event: 44634.262 Executing VM operation: G1CollectFull

Events (20 events):
Event: 42637.194 Thread 0x000002200f6662a0 Thread exited: 0x000002200f6662a0
Event: 42665.620 Thread 0x000002200fca7f10 Thread exited: 0x000002200fca7f10
Event: 42665.629 Thread 0x000002200fad29c0 Thread exited: 0x000002200fad29c0
Event: 42666.022 Thread 0x000002200ec385d0 Thread exited: 0x000002200ec385d0
Event: 42699.184 Thread 0x000002200dcb1cb0 Thread added: 0x000002200dcb1cb0
Event: 42699.186 Thread 0x000002200ed23090 Thread added: 0x000002200ed23090
Event: 42701.791 Thread 0x000002200dcb3600 Thread added: 0x000002200dcb3600
Event: 42753.419 Thread 0x000002200f665880 Thread exited: 0x000002200f665880
Event: 42759.219 Thread 0x000002200ed23090 Thread exited: 0x000002200ed23090
Event: 42762.101 Thread 0x000002200dcb3600 Thread exited: 0x000002200dcb3600
Event: 42762.271 Thread 0x000002200dcb1cb0 Thread exited: 0x000002200dcb1cb0
Event: 43045.502 Thread 0x000002200ec380c0 Thread exited: 0x000002200ec380c0
Event: 44058.818 Thread 0x000002200fbbc870 Thread added: 0x000002200fbbc870
Event: 44065.058 Thread 0x000002200fbbb430 Thread added: 0x000002200fbbb430
Event: 44065.068 Thread 0x000002200eceaf90 Thread added: 0x000002200eceaf90
Event: 44065.088 Thread 0x000002200fbbc360 Thread added: 0x000002200fbbc360
Event: 44125.178 Thread 0x000002200eceaf90 Thread exited: 0x000002200eceaf90
Event: 44125.259 Thread 0x000002200fbbb430 Thread exited: 0x000002200fbbb430
Event: 44125.269 Thread 0x000002200fbbc870 Thread exited: 0x000002200fbbc870
Event: 44160.050 Thread 0x000002200fbbc360 Thread exited: 0x000002200fbbc360


Dynamic libraries:
0x00007ff65e860000 - 0x00007ff65e86e000 	c:\Users\Alexis Ortiz\.vscode\extensions\redhat.java-1.29.0-win32-x64\jre\17.0.10-win32-x86_64\bin\java.exe
0x00007ff86f8b0000 - 0x00007ff86fac6000 	C:\Windows\SYSTEM32\ntdll.dll
0x00007ff86e5e0000 - 0x00007ff86e6a4000 	C:\Windows\System32\KERNEL32.DLL
0x00007ff86d060000 - 0x00007ff86d407000 	C:\Windows\System32\KERNELBASE.dll
0x00007ff86d410000 - 0x00007ff86d521000 	C:\Windows\System32\ucrtbase.dll
0x00007ff830560000 - 0x00007ff83057b000 	c:\Users\Alexis Ortiz\.vscode\extensions\redhat.java-1.29.0-win32-x64\jre\17.0.10-win32-x86_64\bin\VCRUNTIME140.dll
0x00007ff848070000 - 0x00007ff848087000 	c:\Users\Alexis Ortiz\.vscode\extensions\redhat.java-1.29.0-win32-x64\jre\17.0.10-win32-x86_64\bin\jli.dll
0x00007ff86dfd0000 - 0x00007ff86e17e000 	C:\Windows\System32\USER32.dll
0x00007ff86d530000 - 0x00007ff86d556000 	C:\Windows\System32\win32u.dll
0x00007ff86d5e0000 - 0x00007ff86d609000 	C:\Windows\System32\GDI32.dll
0x00007ff86cd70000 - 0x00007ff86ce89000 	C:\Windows\System32\gdi32full.dll
0x00007ff86ce90000 - 0x00007ff86cf2a000 	C:\Windows\System32\msvcp_win.dll
0x00007ff84d120000 - 0x00007ff84d3b3000 	C:\Windows\WinSxS\amd64_microsoft.windows.common-controls_6595b64144ccf1df_6.0.22621.3235_none_270f74e173860f98\COMCTL32.dll
0x00007ff86e840000 - 0x00007ff86e8e7000 	C:\Windows\System32\msvcrt.dll
0x00007ff86e9d0000 - 0x00007ff86ea01000 	C:\Windows\System32\IMM32.DLL
0x00007ff84a890000 - 0x00007ff84a89c000 	c:\Users\Alexis Ortiz\.vscode\extensions\redhat.java-1.29.0-win32-x64\jre\17.0.10-win32-x86_64\bin\vcruntime140_1.dll
0x00007ff809b80000 - 0x00007ff809c0d000 	c:\Users\Alexis Ortiz\.vscode\extensions\redhat.java-1.29.0-win32-x64\jre\17.0.10-win32-x86_64\bin\msvcp140.dll
0x00007fff6b780000 - 0x00007fff6c3e2000 	c:\Users\Alexis Ortiz\.vscode\extensions\redhat.java-1.29.0-win32-x64\jre\17.0.10-win32-x86_64\bin\server\jvm.dll
0x00007ff86df00000 - 0x00007ff86dfb2000 	C:\Windows\System32\ADVAPI32.dll
0x00007ff86d6a0000 - 0x00007ff86d748000 	C:\Windows\System32\sechost.dll
0x00007ff86cd40000 - 0x00007ff86cd68000 	C:\Windows\System32\bcrypt.dll
0x00007ff86ed80000 - 0x00007ff86ee95000 	C:\Windows\System32\RPCRT4.dll
0x00007ff864ac0000 - 0x00007ff864af4000 	C:\Windows\SYSTEM32\WINMM.dll
0x00007ff862710000 - 0x00007ff86271a000 	C:\Windows\SYSTEM32\VERSION.dll
0x00007ff82e8c0000 - 0x00007ff82e8c9000 	C:\Windows\SYSTEM32\WSOCK32.dll
0x00007ff86e950000 - 0x00007ff86e9c1000 	C:\Windows\System32\WS2_32.dll
0x00007ff86ba40000 - 0x00007ff86ba8d000 	C:\Windows\SYSTEM32\POWRPROF.dll
0x00007ff86ba20000 - 0x00007ff86ba33000 	C:\Windows\SYSTEM32\UMPDC.dll
0x00007ff86bce0000 - 0x00007ff86bcf8000 	C:\Windows\SYSTEM32\kernel.appcore.dll
0x00007ff844700000 - 0x00007ff84470a000 	c:\Users\Alexis Ortiz\.vscode\extensions\redhat.java-1.29.0-win32-x64\jre\17.0.10-win32-x86_64\bin\jimage.dll
0x00007ff85b1f0000 - 0x00007ff85b423000 	C:\Windows\SYSTEM32\DBGHELP.DLL
0x00007ff86e180000 - 0x00007ff86e508000 	C:\Windows\System32\combase.dll
0x00007ff86eca0000 - 0x00007ff86ed77000 	C:\Windows\System32\OLEAUT32.dll
0x00007ff85b1b0000 - 0x00007ff85b1e2000 	C:\Windows\SYSTEM32\dbgcore.DLL
0x00007ff86d560000 - 0x00007ff86d5d9000 	C:\Windows\System32\bcryptPrimitives.dll
0x00007ff818730000 - 0x00007ff818755000 	c:\Users\Alexis Ortiz\.vscode\extensions\redhat.java-1.29.0-win32-x64\jre\17.0.10-win32-x86_64\bin\java.dll
0x00007ff80a4f0000 - 0x00007ff80a508000 	c:\Users\Alexis Ortiz\.vscode\extensions\redhat.java-1.29.0-win32-x64\jre\17.0.10-win32-x86_64\bin\zip.dll
0x00007ff86eea0000 - 0x00007ff86f6fc000 	C:\Windows\System32\SHELL32.dll
0x00007ff86ab10000 - 0x00007ff86b409000 	C:\Windows\SYSTEM32\windows.storage.dll
0x00007ff86a9d0000 - 0x00007ff86ab0e000 	C:\Windows\SYSTEM32\wintypes.dll
0x00007ff86e6b0000 - 0x00007ff86e7a3000 	C:\Windows\System32\SHCORE.dll
0x00007ff86d750000 - 0x00007ff86d7ae000 	C:\Windows\System32\shlwapi.dll
0x00007ff86cb00000 - 0x00007ff86cb21000 	C:\Windows\SYSTEM32\profapi.dll
0x00007ff818880000 - 0x00007ff818899000 	C:\Users\Alexis Ortiz\.vscode\extensions\redhat.java-1.29.0-win32-x64\jre\17.0.10-win32-x86_64\bin\net.dll
0x00007ff866420000 - 0x00007ff866556000 	C:\Windows\SYSTEM32\WINHTTP.dll
0x00007ff86c140000 - 0x00007ff86c1a9000 	C:\Windows\system32\mswsock.dll
0x00007ff812e00000 - 0x00007ff812e16000 	C:\Users\Alexis Ortiz\.vscode\extensions\redhat.java-1.29.0-win32-x64\jre\17.0.10-win32-x86_64\bin\nio.dll
0x00007ff8441a0000 - 0x00007ff8441b0000 	c:\Users\Alexis Ortiz\.vscode\extensions\redhat.java-1.29.0-win32-x64\jre\17.0.10-win32-x86_64\bin\verify.dll
0x00007ff86c3c0000 - 0x00007ff86c3db000 	C:\Windows\SYSTEM32\CRYPTSP.dll
0x00007ff86bc30000 - 0x00007ff86bc65000 	C:\Windows\system32\rsaenh.dll
0x00007ff86c220000 - 0x00007ff86c248000 	C:\Windows\SYSTEM32\USERENV.dll
0x00007ff86c3b0000 - 0x00007ff86c3bc000 	C:\Windows\SYSTEM32\CRYPTBASE.dll
0x00007ff86b720000 - 0x00007ff86b74d000 	C:\Windows\SYSTEM32\IPHLPAPI.DLL
0x00007ff86d690000 - 0x00007ff86d699000 	C:\Windows\System32\NSI.dll
0x00007ff865000000 - 0x00007ff865019000 	C:\Windows\SYSTEM32\dhcpcsvc6.DLL
0x00007ff864fe0000 - 0x00007ff864fff000 	C:\Windows\SYSTEM32\dhcpcsvc.DLL
0x00007ff86b750000 - 0x00007ff86b849000 	C:\Windows\SYSTEM32\DNSAPI.dll
0x00007ff841e30000 - 0x00007ff841e39000 	C:\Users\Alexis Ortiz\.vscode\extensions\redhat.java-1.29.0-win32-x64\jre\17.0.10-win32-x86_64\bin\management.dll
0x00007ff8410b0000 - 0x00007ff8410bb000 	C:\Users\Alexis Ortiz\.vscode\extensions\redhat.java-1.29.0-win32-x64\jre\17.0.10-win32-x86_64\bin\management_ext.dll
0x00007ff86dfc0000 - 0x00007ff86dfc8000 	C:\Windows\System32\PSAPI.DLL
0x00007ff843490000 - 0x00007ff84349e000 	C:\Users\Alexis Ortiz\.vscode\extensions\redhat.java-1.29.0-win32-x64\jre\17.0.10-win32-x86_64\bin\sunmscapi.dll
0x00007ff86cbd0000 - 0x00007ff86cd36000 	C:\Windows\System32\CRYPT32.dll
0x00007ff86c570000 - 0x00007ff86c59e000 	C:\Windows\SYSTEM32\ncrypt.dll
0x00007ff86c530000 - 0x00007ff86c567000 	C:\Windows\SYSTEM32\NTASN1.dll
0x00007ff864e40000 - 0x00007ff864e4a000 	C:\Windows\System32\rasadhlp.dll
0x00007ff862ff0000 - 0x00007ff863073000 	C:\Windows\System32\fwpuclnt.dll
0x00007ff841080000 - 0x00007ff841089000 	C:\Users\Alexis Ortiz\.vscode\extensions\redhat.java-1.29.0-win32-x64\jre\17.0.10-win32-x86_64\bin\extnet.dll
0x00007ff82dae0000 - 0x00007ff82dae9000 	C:\Users\Alexis Ortiz\.vscode\extensions\redhat.java-1.29.0-win32-x64\jre\17.0.10-win32-x86_64\bin\attach.dll
0x00007ff822660000 - 0x00007ff822677000 	C:\Windows\system32\napinsp.dll
0x00007ff8224d0000 - 0x00007ff8224eb000 	C:\Windows\system32\pnrpnsp.dll
0x00007ff8224b0000 - 0x00007ff8224c1000 	C:\Windows\System32\winrnr.dll
0x00007ff862c40000 - 0x00007ff862c55000 	C:\Windows\system32\wshbth.dll
0x00007ff822420000 - 0x00007ff822441000 	C:\Windows\system32\nlansp_c.dll
0x00007ff812b60000 - 0x00007ff812b67000 	C:\Users\Alexis Ortiz\.vscode\extensions\redhat.java-1.29.0-win32-x64\jre\17.0.10-win32-x86_64\bin\rmi.dll

dbghelp: loaded successfully - version: 4.0.5 - missing functions: none
symbol engine: initialized successfully - sym options: 0x614 - pdb path: .;c:\Users\Alexis Ortiz\.vscode\extensions\redhat.java-1.29.0-win32-x64\jre\17.0.10-win32-x86_64\bin;C:\Windows\SYSTEM32;C:\Windows\WinSxS\amd64_microsoft.windows.common-controls_6595b64144ccf1df_6.0.22621.3235_none_270f74e173860f98;c:\Users\Alexis Ortiz\.vscode\extensions\redhat.java-1.29.0-win32-x64\jre\17.0.10-win32-x86_64\bin\server

VM Arguments:
jvm_args: -XX:+HeapDumpOnOutOfMemoryError -Xmx1024m -Dsts.lsp.client=vscode -Dsts.log.file=/dev/null -XX:TieredStopAtLevel=1 -Xlog:jni+resolve=off -Dspring.config.location=file:c:\Users\Alexis Ortiz\.vscode\extensions\vmware.vscode-spring-boot-1.53.0\language-server\BOOT-INF\classes\application.properties 
java_command: org.springframework.ide.vscode.boot.app.BootLanguageServerBootApp
java_class_path (initial): c:\Users\Alexis Ortiz\.vscode\extensions\vmware.vscode-spring-boot-1.53.0\language-server\BOOT-INF\classes;c:\Users\Alexis Ortiz\.vscode\extensions\vmware.vscode-spring-boot-1.53.0\language-server\BOOT-INF\lib\annotations-24.1.0.jar;c:\Users\Alexis Ortiz\.vscode\extensions\vmware.vscode-spring-boot-1.53.0\language-server\BOOT-INF\lib\antlr4-runtime-4.11.1.jar;c:\Users\Alexis Ortiz\.vscode\extensions\vmware.vscode-spring-boot-1.53.0\language-server\BOOT-INF\lib\asm-9.6.jar;c:\Users\Alexis Ortiz\.vscode\extensions\vmware.vscode-spring-boot-1.53.0\language-server\BOOT-INF\lib\asm-analysis-9.6.jar;c:\Users\Alexis Ortiz\.vscode\extensions\vmware.vscode-spring-boot-1.53.0\language-server\BOOT-INF\lib\asm-tree-9.6.jar;c:\Users\Alexis Ortiz\.vscode\extensions\vmware.vscode-spring-boot-1.53.0\language-server\BOOT-INF\lib\asm-util-9.6.jar;c:\Users\Alexis Ortiz\.vscode\extensions\vmware.vscode-spring-boot-1.53.0\language-server\BOOT-INF\lib\caffeine-3.1.8.jar;c:\Users\Alexis Ortiz\.vscode\extensions\vmware.vscode-spring-boot-1.53.0\language-server\BOOT-INF\lib\checker-qual-3.12.0.jar;c:\Users\Alexis Ortiz\.vscode\extensions\vmware.vscode-spring-boot-1.53.0\language-server\BOOT-INF\lib\classgraph-4.8.149.jar;c:\Users\Alexis Ortiz\.vscode\extensions\vmware.vscode-spring-boot-1.53.0\language-server\BOOT-INF\lib\commons-codec-1.16.1.jar;c:\Users\Alexis Ortiz\.vscode\extensions\vmware.vscode-spring-boot-1.53.0\language-server\BOOT-INF\lib\commons-compress-1.26.0.jar;c:\Users\Alexis Ortiz\.vscode\extensions\vmware.vscode-spring-boot-1.53.0\language-server\BOOT-INF\lib\commons-io-2.4.jar;c:\Users\Alexis Ortiz\.vscode\extensions\vmware.vscode-spring-boot-1.53.0\language-server\BOOT-INF\lib\commons-java-1.53.0-SNAPSHOT.jar;c:\Users\Alexis Ortiz\.vscode\extensions\vmware.vscode-spring-boot-1.53.0\language-server\BOOT-INF\lib\commons-lang3-3.13.0.jar;c:\Users\Alexis Ortiz\.vscode\extensions\vmware.vscode-spring-boot-1.53.0\language-server\BOOT-INF\lib\commons
Launcher Type: SUN_STANDARD

[Global flags]
     intx CICompilerCount                          = 4                                         {product} {ergonomic}
     uint ConcGCThreads                            = 3                                         {product} {ergonomic}
     uint G1ConcRefinementThreads                  = 10                                        {product} {ergonomic}
   size_t G1HeapRegionSize                         = 1048576                                   {product} {ergonomic}
    uintx GCDrainStackTargetSize                   = 64                                        {product} {ergonomic}
     bool HeapDumpOnOutOfMemoryError               = true                                   {manageable} {command line}
   size_t InitialHeapSize                          = 121634816                                 {product} {ergonomic}
   size_t MarkStackSize                            = 4194304                                   {product} {ergonomic}
   size_t MaxHeapSize                              = 1073741824                                {product} {command line}
   size_t MaxNewSize                               = 643825664                                 {product} {ergonomic}
   size_t MinHeapDeltaBytes                        = 1048576                                   {product} {ergonomic}
   size_t MinHeapSize                              = 8388608                                   {product} {ergonomic}
    uintx NonProfiledCodeHeapSize                  = 0                                      {pd product} {ergonomic}
     bool ProfileInterpreter                       = false                                  {pd product} {command line}
    uintx ProfiledCodeHeapSize                     = 0                                      {pd product} {ergonomic}
   size_t SoftMaxHeapSize                          = 1073741824                             {manageable} {ergonomic}
     intx TieredStopAtLevel                        = 1                                         {product} {command line}
     bool UseCompressedClassPointers               = true                           {product lp64_product} {ergonomic}
     bool UseCompressedOops                        = true                           {product lp64_product} {ergonomic}
     bool UseG1GC                                  = true                                      {product} {ergonomic}
     bool UseLargePagesIndividualAllocation        = false                                  {pd product} {ergonomic}

Logging:
Log output configuration:
 #0: stdout all=warning,jni+resolve=off uptime,level,tags
 #1: stderr all=off uptime,level,tags

Environment Variables:
JAVA_HOME=C:\Program Files\Java\jdk-21
PATH=C:\Program Files (x86)\VMware\VMware Player\bin\;C:\Program Files\Common Files\Oracle\Java\javapath;C:\Program Files (x86)\Common Files\Oracle\Java\javapath;C:\Windows\system32;C:\Windows;C:\Windows\System32\Wbem;C:\Windows\System32\WindowsPowerShell\v1.0\;C:\Windows\System32\OpenSSH\;C:\Program Files (x86)\NVIDIA Corporation\PhysX\Common;C:\Program Files\NVIDIA Corporation\NVIDIA NvDLISR;C:\Program Files\nodejs\;C:\ProgramData\chocolatey\bin;C:\Program Files\Git\cmd;C:\Program Files\Java\jdk-21\bin;C:\maven\bin;C:\Program Files\Microsoft SQL Server\Client SDK\ODBC\170\Tools\Binn\;C:\Program Files (x86)\Microsoft SQL Server\150\Tools\Binn\;C:\Program Files\Microsoft SQL Server\150\Tools\Binn\;C:\Program Files\Microsoft SQL Server\150\DTS\Binn\;C:\Program Files (x86)\Microsoft SQL Server\160\DTS\Binn\;C:\Program Files\Azure Data Studio\bin;C:\Program Files\PuTTY\;C:\Program Files\Docker\Docker\resources\bin;C:\Users\Alexis Ortiz\AppData\Local\Programs\Python\Python312\Scripts\;C:\Users\Alexis Ortiz\AppData\Local\Programs\Python\Python312\;C:\Users\Alexis Ortiz\.console-ninja\.bin;C:\Users\Alexis Ortiz\AppData\Local\Microsoft\WindowsApps;;C:\Users\Alexis Ortiz\AppData\Local\Programs\Microsoft VS Code\bin;C:\Users\Alexis Ortiz\AppData\Roaming\npm;C:\Program Files\Azure Data Studio\bin
USERNAME=Alexis Ortiz
OS=Windows_NT
PROCESSOR_IDENTIFIER=AMD64 Family 25 Model 68 Stepping 1, AuthenticAMD
TMP=C:\Users\ALEXIS~1\AppData\Local\Temp
TEMP=C:\Users\ALEXIS~1\AppData\Local\Temp



Periodic native trim disabled


---------------  S Y S T E M  ---------------

OS:
 Windows 11 , 64 bit Build 22621 (10.0.22621.3374)
OS uptime: 3 days 6:21 hours
Hyper-V role detected

CPU: total 12 (initial active 12) (12 cores per cpu, 2 threads per core) family 25 model 68 stepping 1 microcode 0x0, cx8, cmov, fxsr, ht, mmx, 3dnowpref, sse, sse2, sse3, ssse3, sse4a, sse4.1, sse4.2, popcnt, lzcnt, tsc, tscinvbit, avx, avx2, aes, erms, clmul, bmi1, bmi2, adx, sha, fma, vzeroupper, clflush, clflushopt, hv
Processor Information for processor 0
  Max Mhz: 3301, Current Mhz: 2008, Mhz Limit: 3301
Processor Information for processor 1
  Max Mhz: 3301, Current Mhz: 3301, Mhz Limit: 3301
Processor Information for processor 2
  Max Mhz: 3301, Current Mhz: 2008, Mhz Limit: 3301
Processor Information for processor 3
  Max Mhz: 3301, Current Mhz: 3301, Mhz Limit: 3301
Processor Information for processor 4
  Max Mhz: 3301, Current Mhz: 3301, Mhz Limit: 3301
Processor Information for processor 5
  Max Mhz: 3301, Current Mhz: 2008, Mhz Limit: 3301
Processor Information for processor 6
  Max Mhz: 3301, Current Mhz: 3301, Mhz Limit: 3301
Processor Information for processor 7
  Max Mhz: 3301, Current Mhz: 3301, Mhz Limit: 3301
Processor Information for processor 8
  Max Mhz: 3301, Current Mhz: 3301, Mhz Limit: 3301
Processor Information for processor 9
  Max Mhz: 3301, Current Mhz: 3301, Mhz Limit: 3301
Processor Information for processor 10
  Max Mhz: 3301, Current Mhz: 3301, Mhz Limit: 3301
Processor Information for processor 11
  Max Mhz: 3301, Current Mhz: 3301, Mhz Limit: 3301

Memory: 4k page, system-wide physical 7365M (47M free)
TotalPageFile size 29893M (AvailPageFile size 54M)
current process WorkingSet (physical memory assigned to process): 94M, peak: 275M
current process commit charge ("private bytes"): 339M, peak: 453M

vm_info: OpenJDK 64-Bit Server VM (17.0.10+7) for windows-amd64 JRE (17.0.10+7), built on Jan 16 2024 23:25:11 by "admin" with MS VC++ 16.10 / 16.11 (VS2019)

END.
